2022-07-25 17:44:43.732  INFO -cancel sync mode
2022-07-25 17:44:44.911  INFO -channel opt start miliseconds = 1658742283935
2022-07-25 17:44:44.911  INFO -attempt to STARTUP channel,attempt :0,ChnDataPack [chnIndex=14, voltage=3800.0, backupVoltage=0.0, powerVoltage=0.0, current=0.0, capacity=0.0, stepElapsedTime=812, loopIndex=1, stepIndex=1, alertCode=NORMAL, state=RUNNING, workMode=SLEEP, important=false, alertVolt=0.0, alertCurrent=0.0, alertTime=0]
2022-07-25 17:44:44.912  INFO -start up success,channel state = RUN
2022-07-25 17:44:54.924  INFO -step index change:ChnDataPack [chnIndex=14, voltage=3800.0, backupVoltage=0.0, powerVoltage=0.0, current=4000.0, capacity=0.0, stepElapsedTime=0, loopIndex=1, stepIndex=2, alertCode=NORMAL, state=RUNNING, workMode=DC, important=false, alertVolt=3800.0, alertCurrent=0.0, alertTime=10809]
2022-07-25 17:44:54.924  INFO -set lead sync count = 2
2022-07-25 17:44:54.924  INFO -channel next step :1-2
2022-07-25 17:44:54.925  INFO -rawData = ChnDataPack [chnIndex=14, voltage=3800.0, backupVoltage=0.0, powerVoltage=0.0, current=4000.0, capacity=0.0, stepElapsedTime=0, loopIndex=1, stepIndex=2, alertCode=NORMAL, state=RUNNING, workMode=DC, important=true, alertVolt=3800.0, alertCurrent=0.0, alertTime=10809]
2022-07-25 17:44:54.925  INFO -skip to stepIndex = 2,loopIndex = 1,total seconds=10013
2022-07-25 17:45:08.295  INFO -stop step
2022-07-25 17:45:08.911  INFO -step index change:ChnDataPack [chnIndex=14, voltage=3795.9556760165065, backupVoltage=0.0, powerVoltage=0.0, current=0.0, capacity=0.0, stepElapsedTime=0, loopIndex=0, stepIndex=0, alertCode=NORMAL, state=STOP, workMode=SLEEP, important=false, alertVolt=0.0, alertCurrent=0.0, alertTime=0]
2022-07-25 17:46:51.115  INFO -cancel sync mode
2022-07-25 17:46:51.907  INFO -channel opt start miliseconds = 1658742411318
2022-07-25 17:46:51.907  INFO -attempt to STARTUP channel,attempt :0,ChnDataPack [chnIndex=14, voltage=3795.9556760165065, backupVoltage=0.0, powerVoltage=0.0, current=0.0, capacity=0.0, stepElapsedTime=432, loopIndex=1, stepIndex=1, alertCode=NORMAL, state=RUNNING, workMode=SLEEP, important=false, alertVolt=0.0, alertCurrent=0.0, alertTime=0]
2022-07-25 17:46:51.907  INFO -start up success,channel state = RUN
2022-07-25 17:47:01.898  INFO -step index change:ChnDataPack [chnIndex=14, voltage=3795.9556760165065, backupVoltage=0.0, powerVoltage=0.0, current=4000.0, capacity=0.0, stepElapsedTime=0, loopIndex=1, stepIndex=2, alertCode=NORMAL, state=RUNNING, workMode=DC, important=false, alertVolt=3795.9556760165065, alertCurrent=0.0, alertTime=10434]
2022-07-25 17:47:01.898  INFO -set lead sync count = 2
2022-07-25 17:47:01.898  INFO -channel next step :1-2
2022-07-25 17:47:01.898  INFO -rawData = ChnDataPack [chnIndex=14, voltage=3795.9556760165065, backupVoltage=0.0, powerVoltage=0.0, current=4000.0, capacity=0.0, stepElapsedTime=0, loopIndex=1, stepIndex=2, alertCode=NORMAL, state=RUNNING, workMode=DC, important=true, alertVolt=3795.9556760165065, alertCurrent=0.0, alertTime=10434]
2022-07-25 17:47:01.898  INFO -skip to stepIndex = 2,loopIndex = 1,total seconds=9991
2022-07-25 17:54:51.913  INFO -step index change:ChnDataPack [chnIndex=14, voltage=3649.7333850583386, backupVoltage=0.0, powerVoltage=0.0, current=0.0, capacity=0.0, stepElapsedTime=0, loopIndex=1, stepIndex=3, alertCode=NORMAL, state=RUNNING, workMode=SLEEP, important=false, alertVolt=3649.7333850583386, alertCurrent=3999.4202298447613, alertTime=470000]
2022-07-25 17:54:51.913  INFO -set lead sync count = 2
2022-07-25 17:54:51.913  INFO -channel next step :1-3
2022-07-25 17:54:51.913  INFO -rawData = ChnDataPack [chnIndex=14, voltage=3649.7333850583386, backupVoltage=0.0, powerVoltage=0.0, current=0.0, capacity=0.0, stepElapsedTime=0, loopIndex=1, stepIndex=3, alertCode=NORMAL, state=RUNNING, workMode=SLEEP, important=true, alertVolt=3649.7333850583386, alertCurrent=3999.4202298447613, alertTime=470000]
2022-07-25 17:54:51.913  INFO -skip to stepIndex = 3,loopIndex = 1,total seconds=470015
2022-07-25 17:55:02.904  INFO -step index change:ChnDataPack [chnIndex=14, voltage=3649.7333850583386, backupVoltage=0.0, powerVoltage=0.0, current=2500.0, capacity=0.0, stepElapsedTime=0, loopIndex=1, stepIndex=4, alertCode=NORMAL, state=RUNNING, workMode=CC, important=false, alertVolt=3649.7333850583386, alertCurrent=0.0, alertTime=10988]
2022-07-25 17:55:02.904  INFO -set lead sync count = 2
2022-07-25 17:55:02.904  INFO -channel next step :1-4
2022-07-25 17:55:02.904  INFO -rawData = ChnDataPack [chnIndex=14, voltage=3649.7333850583386, backupVoltage=0.0, powerVoltage=0.0, current=2500.0, capacity=0.0, stepElapsedTime=0, loopIndex=1, stepIndex=4, alertCode=NORMAL, state=RUNNING, workMode=CC, important=true, alertVolt=3649.7333850583386, alertCurrent=0.0, alertTime=10988]
2022-07-25 17:55:02.905  INFO -skip to stepIndex = 4,loopIndex = 1,total seconds=10992
2022-07-25 17:59:47.243  INFO -stop step
2022-07-25 17:59:47.903  INFO -step index change:ChnDataPack [chnIndex=14, voltage=3699.432431867132, backupVoltage=0.0, powerVoltage=0.0, current=0.0, capacity=0.0, stepElapsedTime=0, loopIndex=0, stepIndex=0, alertCode=NORMAL, state=STOP, workMode=SLEEP, important=false, alertVolt=0.0, alertCurrent=0.0, alertTime=0]
2022-07-25 18:05:23.312  INFO -cancel sync mode
2022-07-25 18:05:23.903  INFO -channel opt start miliseconds = 1658743523526
2022-07-25 18:05:23.903  INFO -attempt to STARTUP channel,attempt :0,ChnDataPack [chnIndex=14, voltage=3699.432431867132, backupVoltage=0.0, powerVoltage=0.0, current=0.0, capacity=0.0, stepElapsedTime=215, loopIndex=1, stepIndex=1, alertCode=NORMAL, state=RUNNING, workMode=SLEEP, important=false, alertVolt=0.0, alertCurrent=0.0, alertTime=0]
2022-07-25 18:05:23.903  INFO -start up success,channel state = RUN
2022-07-25 18:05:33.905  INFO -step index change:ChnDataPack [chnIndex=14, voltage=3699.432431867132, backupVoltage=0.0, powerVoltage=0.0, current=4000.0, capacity=0.0, stepElapsedTime=0, loopIndex=1, stepIndex=2, alertCode=NORMAL, state=RUNNING, workMode=DC, important=false, alertVolt=3699.432431867132, alertCurrent=0.0, alertTime=10214]
2022-07-25 18:05:33.905  INFO -set lead sync count = 2
2022-07-25 18:05:33.905  INFO -channel next step :1-2
2022-07-25 18:05:33.906  INFO -rawData = ChnDataPack [chnIndex=14, voltage=3699.432431867132, backupVoltage=0.0, powerVoltage=0.0, current=4000.0, capacity=0.0, stepElapsedTime=0, loopIndex=1, stepIndex=2, alertCode=NORMAL, state=RUNNING, workMode=DC, important=true, alertVolt=3699.432431867132, alertCurrent=0.0, alertTime=10214]
2022-07-25 18:05:33.906  INFO -skip to stepIndex = 2,loopIndex = 1,total seconds=10003
2022-07-25 18:07:36.446  INFO -stop step
2022-07-25 18:07:36.900  INFO -step index change:ChnDataPack [chnIndex=14, voltage=3661.4770967784198, backupVoltage=0.0, powerVoltage=0.0, current=0.0, capacity=0.0, stepElapsedTime=0, loopIndex=0, stepIndex=0, alertCode=NORMAL, state=STOP, workMode=SLEEP, important=false, alertVolt=0.0, alertCurrent=0.0, alertTime=0]
2022-07-25 18:26:56.703  INFO -cancel sync mode
2022-07-25 18:26:57.898  INFO -channel opt start miliseconds = 1658744816905
2022-07-25 18:26:57.898  INFO -attempt to STARTUP channel,attempt :0,ChnDataPack [chnIndex=14, voltage=3661.4770967784198, backupVoltage=0.0, powerVoltage=0.0, current=0.0, capacity=0.0, stepElapsedTime=836, loopIndex=1, stepIndex=1, alertCode=NORMAL, state=RUNNING, workMode=SLEEP, important=false, alertVolt=0.0, alertCurrent=0.0, alertTime=0]
2022-07-25 18:26:57.898  INFO -start up success,channel state = RUN
2022-07-25 18:27:05.899  INFO -step index change:ChnDataPack [chnIndex=14, voltage=3661.4770967784198, backupVoltage=0.0, powerVoltage=0.0, current=0.0, capacity=0.0, stepElapsedTime=0, loopIndex=0, stepIndex=0, alertCode=NORMAL, state=STOP, workMode=SLEEP, important=false, alertVolt=0.0, alertCurrent=0.0, alertTime=0]
2022-07-25 18:27:14.619  INFO -create startup init Data
2022-07-25 18:27:14.896  INFO -channel opt start miliseconds = 1658744834620
2022-07-25 18:27:14.896  INFO -attempt to FORMATION channel,attempt :0,ChnDataPack [chnIndex=14, voltage=3661.4770967784198, backupVoltage=0.0, powerVoltage=0.0, current=0.0, capacity=0.0, stepElapsedTime=7121, loopIndex=1, stepIndex=1, alertCode=NORMAL, state=RUNNING, workMode=SLEEP, important=false, alertVolt=0.0, alertCurrent=0.0, alertTime=0]
2022-07-25 18:27:14.896  INFO -resume ok
2022-07-25 18:27:14.896  INFO -start up success,channel state = RUN
2022-07-25 18:27:17.904  INFO -step index change:ChnDataPack [chnIndex=14, voltage=3661.4770967784198, backupVoltage=0.0, powerVoltage=0.0, current=4000.0, capacity=0.0, stepElapsedTime=0, loopIndex=1, stepIndex=2, alertCode=NORMAL, state=RUNNING, workMode=DC, important=false, alertVolt=3661.4770967784198, alertCurrent=0.0, alertTime=10126]
2022-07-25 18:27:17.904  INFO -set lead sync count = 2
2022-07-25 18:27:17.904  INFO -channel next step :1-2
2022-07-25 18:27:17.904  INFO -rawData = ChnDataPack [chnIndex=14, voltage=3661.4770967784198, backupVoltage=0.0, powerVoltage=0.0, current=4000.0, capacity=0.0, stepElapsedTime=0, loopIndex=1, stepIndex=2, alertCode=NORMAL, state=RUNNING, workMode=DC, important=true, alertVolt=3661.4770967784198, alertCurrent=0.0, alertTime=10126]
2022-07-25 18:27:17.904  INFO -skip to stepIndex = 2,loopIndex = 1,total seconds=10013
2022-07-25 18:27:54.901  INFO -step index change:ChnDataPack [chnIndex=14, voltage=3649.9663029119756, backupVoltage=0.0, powerVoltage=0.0, current=0.0, capacity=0.0, stepElapsedTime=0, loopIndex=1, stepIndex=3, alertCode=NORMAL, state=RUNNING, workMode=SLEEP, important=false, alertVolt=3649.9663029119756, alertCurrent=3999.590191087512, alertTime=37001]
2022-07-25 18:27:54.901  INFO -set lead sync count = 2
2022-07-25 18:27:54.901  INFO -channel next step :1-3
2022-07-25 18:27:54.901  INFO -rawData = ChnDataPack [chnIndex=14, voltage=3649.9663029119756, backupVoltage=0.0, powerVoltage=0.0, current=0.0, capacity=0.0, stepElapsedTime=0, loopIndex=1, stepIndex=3, alertCode=NORMAL, state=RUNNING, workMode=SLEEP, important=true, alertVolt=3649.9663029119756, alertCurrent=3999.590191087512, alertTime=37001]
2022-07-25 18:27:54.901  INFO -skip to stepIndex = 3,loopIndex = 1,total seconds=36997
2022-07-25 18:28:05.902  INFO -step index change:ChnDataPack [chnIndex=14, voltage=3649.9663029119756, backupVoltage=0.0, powerVoltage=0.0, current=2500.0, capacity=0.0, stepElapsedTime=0, loopIndex=1, stepIndex=4, alertCode=NORMAL, state=RUNNING, workMode=CC, important=false, alertVolt=3649.9663029119756, alertCurrent=0.0, alertTime=10994]
2022-07-25 18:28:05.902  INFO -set lead sync count = 2
2022-07-25 18:28:05.902  INFO -channel next step :1-4
2022-07-25 18:28:05.902  INFO -rawData = ChnDataPack [chnIndex=14, voltage=3649.9663029119756, backupVoltage=0.0, powerVoltage=0.0, current=2500.0, capacity=0.0, stepElapsedTime=0, loopIndex=1, stepIndex=4, alertCode=NORMAL, state=RUNNING, workMode=CC, important=true, alertVolt=3649.9663029119756, alertCurrent=0.0, alertTime=10994]
2022-07-25 18:28:05.902  INFO -skip to stepIndex = 4,loopIndex = 1,total seconds=11001
2022-07-25 18:45:54.904  INFO -step index change:ChnDataPack [chnIndex=14, voltage=3836.8670541737242, backupVoltage=0.0, powerVoltage=0.0, current=0.0, capacity=0.0, stepElapsedTime=0, loopIndex=0, stepIndex=0, alertCode=NORMAL, state=STOP, workMode=SLEEP, important=false, alertVolt=0.0, alertCurrent=0.0, alertTime=0]
