2022-07-25 17:44:43.731  INFO -cancel sync mode
2022-07-25 17:44:44.904  INFO -channel opt start miliseconds = 1658742283935
2022-07-25 17:44:44.904  INFO -attempt to STARTUP channel,attempt :0,ChnDataPack [chnIndex=7, voltage=3800.0, backupVoltage=0.0, powerVoltage=0.0, current=0.0, capacity=0.0, stepElapsedTime=811, loopIndex=1, stepIndex=1, alertCode=NORMAL, state=RUNNING, workMode=SLEEP, important=false, alertVolt=0.0, alertCurrent=0.0, alertTime=0]
2022-07-25 17:44:44.906  INFO -start up success,channel state = RUN
2022-07-25 17:44:54.918  INFO -step index change:ChnDataPack [chnIndex=7, voltage=3800.0, backupVoltage=0.0, powerVoltage=0.0, current=4000.0, capacity=0.0, stepElapsedTime=0, loopIndex=1, stepIndex=2, alertCode=NORMAL, state=RUNNING, workMode=DC, important=false, alertVolt=3800.0, alertCurrent=0.0, alertTime=10809]
2022-07-25 17:44:54.919  INFO -set lead sync count = 2
2022-07-25 17:44:54.919  INFO -channel next step :1-2
2022-07-25 17:44:54.919  INFO -rawData = ChnDataPack [chnIndex=7, voltage=3800.0, backupVoltage=0.0, powerVoltage=0.0, current=4000.0, capacity=0.0, stepElapsedTime=0, loopIndex=1, stepIndex=2, alertCode=NORMAL, state=RUNNING, workMode=DC, important=true, alertVolt=3800.0, alertCurrent=0.0, alertTime=10809]
2022-07-25 17:44:54.919  INFO -skip to stepIndex = 2,loopIndex = 1,total seconds=10013
2022-07-25 17:45:08.294  INFO -stop step
2022-07-25 17:45:08.908  INFO -step index change:ChnDataPack [chnIndex=7, voltage=3795.9555791121206, backupVoltage=0.0, powerVoltage=0.0, current=0.0, capacity=0.0, stepElapsedTime=0, loopIndex=0, stepIndex=0, alertCode=NORMAL, state=STOP, workMode=SLEEP, important=false, alertVolt=0.0, alertCurrent=0.0, alertTime=0]
2022-07-25 17:46:51.114  INFO -cancel sync mode
2022-07-25 17:46:51.906  INFO -channel opt start miliseconds = 1658742411318
2022-07-25 17:46:51.906  INFO -attempt to STARTUP channel,attempt :0,ChnDataPack [chnIndex=7, voltage=3795.9555791121206, backupVoltage=0.0, powerVoltage=0.0, current=0.0, capacity=0.0, stepElapsedTime=432, loopIndex=1, stepIndex=1, alertCode=NORMAL, state=RUNNING, workMode=SLEEP, important=false, alertVolt=0.0, alertCurrent=0.0, alertTime=0]
2022-07-25 17:46:51.906  INFO -start up success,channel state = RUN
2022-07-25 17:47:01.895  INFO -step index change:ChnDataPack [chnIndex=7, voltage=3795.9555791121206, backupVoltage=0.0, powerVoltage=0.0, current=4000.0, capacity=0.0, stepElapsedTime=0, loopIndex=1, stepIndex=2, alertCode=NORMAL, state=RUNNING, workMode=DC, important=false, alertVolt=3795.9555791121206, alertCurrent=0.0, alertTime=10434]
2022-07-25 17:47:01.895  INFO -set lead sync count = 2
2022-07-25 17:47:01.895  INFO -channel next step :1-2
2022-07-25 17:47:01.895  INFO -rawData = ChnDataPack [chnIndex=7, voltage=3795.9555791121206, backupVoltage=0.0, powerVoltage=0.0, current=4000.0, capacity=0.0, stepElapsedTime=0, loopIndex=1, stepIndex=2, alertCode=NORMAL, state=RUNNING, workMode=DC, important=true, alertVolt=3795.9555791121206, alertCurrent=0.0, alertTime=10434]
2022-07-25 17:47:01.895  INFO -skip to stepIndex = 2,loopIndex = 1,total seconds=9989
2022-07-25 17:54:51.909  INFO -step index change:ChnDataPack [chnIndex=7, voltage=3649.7348145661317, backupVoltage=0.0, powerVoltage=0.0, current=0.0, capacity=0.0, stepElapsedTime=0, loopIndex=1, stepIndex=3, alertCode=NORMAL, state=RUNNING, workMode=SLEEP, important=false, alertVolt=3649.7348145661317, alertCurrent=4000.045090336852, alertTime=469999]
2022-07-25 17:54:51.909  INFO -set lead sync count = 2
2022-07-25 17:54:51.909  INFO -channel next step :1-3
2022-07-25 17:54:51.909  INFO -rawData = ChnDataPack [chnIndex=7, voltage=3649.7348145661317, backupVoltage=0.0, powerVoltage=0.0, current=0.0, capacity=0.0, stepElapsedTime=0, loopIndex=1, stepIndex=3, alertCode=NORMAL, state=RUNNING, workMode=SLEEP, important=true, alertVolt=3649.7348145661317, alertCurrent=4000.045090336852, alertTime=469999]
2022-07-25 17:54:51.909  INFO -skip to stepIndex = 3,loopIndex = 1,total seconds=470014
2022-07-25 17:55:02.898  INFO -step index change:ChnDataPack [chnIndex=7, voltage=3649.7348145661317, backupVoltage=0.0, powerVoltage=0.0, current=2500.0, capacity=0.0, stepElapsedTime=0, loopIndex=1, stepIndex=4, alertCode=NORMAL, state=RUNNING, workMode=CC, important=false, alertVolt=3649.7348145661317, alertCurrent=0.0, alertTime=10989]
2022-07-25 17:55:02.898  INFO -set lead sync count = 2
2022-07-25 17:55:02.898  INFO -channel next step :1-4
2022-07-25 17:55:02.898  INFO -rawData = ChnDataPack [chnIndex=7, voltage=3649.7348145661317, backupVoltage=0.0, powerVoltage=0.0, current=2500.0, capacity=0.0, stepElapsedTime=0, loopIndex=1, stepIndex=4, alertCode=NORMAL, state=RUNNING, workMode=CC, important=true, alertVolt=3649.7348145661317, alertCurrent=0.0, alertTime=10989]
2022-07-25 17:55:02.898  INFO -skip to stepIndex = 4,loopIndex = 1,total seconds=10989
2022-07-25 17:59:47.243  INFO -stop step
2022-07-25 17:59:47.902  INFO -step index change:ChnDataPack [chnIndex=7, voltage=3699.4350047532716, backupVoltage=0.0, powerVoltage=0.0, current=0.0, capacity=0.0, stepElapsedTime=0, loopIndex=0, stepIndex=0, alertCode=NORMAL, state=STOP, workMode=SLEEP, important=false, alertVolt=0.0, alertCurrent=0.0, alertTime=0]
2022-07-25 18:05:23.312  INFO -cancel sync mode
2022-07-25 18:05:23.900  INFO -channel opt start miliseconds = 1658743523526
2022-07-25 18:05:23.900  INFO -attempt to STARTUP channel,attempt :0,ChnDataPack [chnIndex=7, voltage=3699.4350047532716, backupVoltage=0.0, powerVoltage=0.0, current=0.0, capacity=0.0, stepElapsedTime=215, loopIndex=1, stepIndex=1, alertCode=NORMAL, state=RUNNING, workMode=SLEEP, important=false, alertVolt=0.0, alertCurrent=0.0, alertTime=0]
2022-07-25 18:05:23.900  INFO -start up success,channel state = RUN
2022-07-25 18:05:33.901  INFO -step index change:ChnDataPack [chnIndex=7, voltage=3699.4350047532716, backupVoltage=0.0, powerVoltage=0.0, current=4000.0, capacity=0.0, stepElapsedTime=0, loopIndex=1, stepIndex=2, alertCode=NORMAL, state=RUNNING, workMode=DC, important=false, alertVolt=3699.4350047532716, alertCurrent=0.0, alertTime=10214]
2022-07-25 18:05:33.901  INFO -set lead sync count = 2
2022-07-25 18:05:33.901  INFO -channel next step :1-2
2022-07-25 18:05:33.901  INFO -rawData = ChnDataPack [chnIndex=7, voltage=3699.4350047532716, backupVoltage=0.0, powerVoltage=0.0, current=4000.0, capacity=0.0, stepElapsedTime=0, loopIndex=1, stepIndex=2, alertCode=NORMAL, state=RUNNING, workMode=DC, important=true, alertVolt=3699.4350047532716, alertCurrent=0.0, alertTime=10214]
2022-07-25 18:05:33.901  INFO -skip to stepIndex = 2,loopIndex = 1,total seconds=10001
2022-07-25 18:07:36.446  INFO -stop step
2022-07-25 18:07:36.900  INFO -step index change:ChnDataPack [chnIndex=7, voltage=3661.479891322871, backupVoltage=0.0, powerVoltage=0.0, current=0.0, capacity=0.0, stepElapsedTime=0, loopIndex=0, stepIndex=0, alertCode=NORMAL, state=STOP, workMode=SLEEP, important=false, alertVolt=0.0, alertCurrent=0.0, alertTime=0]
2022-07-25 18:26:56.702  INFO -cancel sync mode
2022-07-25 18:26:57.897  INFO -channel opt start miliseconds = 1658744816905
2022-07-25 18:26:57.897  INFO -attempt to STARTUP channel,attempt :0,ChnDataPack [chnIndex=7, voltage=3661.479891322871, backupVoltage=0.0, powerVoltage=0.0, current=0.0, capacity=0.0, stepElapsedTime=836, loopIndex=1, stepIndex=1, alertCode=NORMAL, state=RUNNING, workMode=SLEEP, important=false, alertVolt=0.0, alertCurrent=0.0, alertTime=0]
2022-07-25 18:26:57.897  INFO -start up success,channel state = RUN
2022-07-25 18:27:05.898  INFO -step index change:ChnDataPack [chnIndex=7, voltage=3661.479891322871, backupVoltage=0.0, powerVoltage=0.0, current=0.0, capacity=0.0, stepElapsedTime=0, loopIndex=0, stepIndex=0, alertCode=NORMAL, state=STOP, workMode=SLEEP, important=false, alertVolt=0.0, alertCurrent=0.0, alertTime=0]
2022-07-25 18:27:14.619  INFO -create startup init Data
2022-07-25 18:27:14.894  INFO -channel opt start miliseconds = 1658744834620
2022-07-25 18:27:14.894  INFO -attempt to FORMATION channel,attempt :0,ChnDataPack [chnIndex=7, voltage=3661.479891322871, backupVoltage=0.0, powerVoltage=0.0, current=0.0, capacity=0.0, stepElapsedTime=7122, loopIndex=1, stepIndex=1, alertCode=NORMAL, state=RUNNING, workMode=SLEEP, important=false, alertVolt=0.0, alertCurrent=0.0, alertTime=0]
2022-07-25 18:27:14.894  INFO -resume ok
2022-07-25 18:27:14.894  INFO -start up success,channel state = RUN
2022-07-25 18:27:17.900  INFO -step index change:ChnDataPack [chnIndex=7, voltage=3661.479891322871, backupVoltage=0.0, powerVoltage=0.0, current=4000.0, capacity=0.0, stepElapsedTime=0, loopIndex=1, stepIndex=2, alertCode=NORMAL, state=RUNNING, workMode=DC, important=false, alertVolt=3661.479891322871, alertCurrent=0.0, alertTime=10127]
2022-07-25 18:27:17.902  INFO -set lead sync count = 2
2022-07-25 18:27:17.902  INFO -channel next step :1-2
2022-07-25 18:27:17.902  INFO -rawData = ChnDataPack [chnIndex=7, voltage=3661.479891322871, backupVoltage=0.0, powerVoltage=0.0, current=4000.0, capacity=0.0, stepElapsedTime=0, loopIndex=1, stepIndex=2, alertCode=NORMAL, state=RUNNING, workMode=DC, important=true, alertVolt=3661.479891322871, alertCurrent=0.0, alertTime=10127]
2022-07-25 18:27:17.902  INFO -skip to stepIndex = 2,loopIndex = 1,total seconds=10014
2022-07-25 18:27:54.899  INFO -step index change:ChnDataPack [chnIndex=7, voltage=3649.968574720723, backupVoltage=0.0, powerVoltage=0.0, current=0.0, capacity=0.0, stepElapsedTime=0, loopIndex=1, stepIndex=3, alertCode=NORMAL, state=RUNNING, workMode=SLEEP, important=false, alertVolt=3649.968574720723, alertCurrent=4000.7735789636004, alertTime=37001]
2022-07-25 18:27:54.900  INFO -set lead sync count = 2
2022-07-25 18:27:54.900  INFO -channel next step :1-3
2022-07-25 18:27:54.900  INFO -rawData = ChnDataPack [chnIndex=7, voltage=3649.968574720723, backupVoltage=0.0, powerVoltage=0.0, current=0.0, capacity=0.0, stepElapsedTime=0, loopIndex=1, stepIndex=3, alertCode=NORMAL, state=RUNNING, workMode=SLEEP, important=true, alertVolt=3649.968574720723, alertCurrent=4000.7735789636004, alertTime=37001]
2022-07-25 18:27:54.900  INFO -skip to stepIndex = 3,loopIndex = 1,total seconds=36998
2022-07-25 18:28:05.900  INFO -step index change:ChnDataPack [chnIndex=7, voltage=3649.968574720723, backupVoltage=0.0, powerVoltage=0.0, current=2500.0, capacity=0.0, stepElapsedTime=0, loopIndex=1, stepIndex=4, alertCode=NORMAL, state=RUNNING, workMode=CC, important=false, alertVolt=3649.968574720723, alertCurrent=0.0, alertTime=10994]
2022-07-25 18:28:05.900  INFO -set lead sync count = 2
2022-07-25 18:28:05.900  INFO -channel next step :1-4
2022-07-25 18:28:05.900  INFO -rawData = ChnDataPack [chnIndex=7, voltage=3649.968574720723, backupVoltage=0.0, powerVoltage=0.0, current=2500.0, capacity=0.0, stepElapsedTime=0, loopIndex=1, stepIndex=4, alertCode=NORMAL, state=RUNNING, workMode=CC, important=true, alertVolt=3649.968574720723, alertCurrent=0.0, alertTime=10994]
2022-07-25 18:28:05.900  INFO -skip to stepIndex = 4,loopIndex = 1,total seconds=11000
2022-07-25 18:45:54.903  INFO -step index change:ChnDataPack [chnIndex=7, voltage=3836.867771157122, backupVoltage=0.0, powerVoltage=0.0, current=0.0, capacity=0.0, stepElapsedTime=0, loopIndex=0, stepIndex=0, alertCode=NORMAL, state=STOP, workMode=SLEEP, important=false, alertVolt=0.0, alertCurrent=0.0, alertTime=0]
