2022-07-25 17:44:43.504  INFO -cancel sync mode
2022-07-25 17:44:43.890  INFO -channel opt start miliseconds = 1658742283728
2022-07-25 17:44:43.890  INFO -attempt to STARTUP channel,attempt :0,ChnDataPack [chnIndex=11, voltage=3800.0, backupVoltage=0.0, powerVoltage=0.0, current=0.0, capacity=0.0, stepElapsedTime=34, loopIndex=1, stepIndex=1, alertCode=NORMAL, state=RUNNING, workMode=SLEEP, important=false, alertVolt=0.0, alertCurrent=0.0, alertTime=0]
2022-07-25 17:44:43.890  INFO -start up success,channel state = RUN
2022-07-25 17:44:53.908  INFO -step index change:ChnDataPack [chnIndex=11, voltage=3800.0, backupVoltage=0.0, powerVoltage=0.0, current=4000.0, capacity=0.0, stepElapsedTime=0, loopIndex=1, stepIndex=2, alertCode=NORMAL, state=RUNNING, workMode=DC, important=false, alertVolt=3800.0, alertCurrent=0.0, alertTime=10028]
2022-07-25 17:44:53.908  INFO -set lead sync count = 2
2022-07-25 17:44:53.908  INFO -channel next step :1-2
2022-07-25 17:44:53.909  INFO -rawData = ChnDataPack [chnIndex=11, voltage=3800.0, backupVoltage=0.0, powerVoltage=0.0, current=4000.0, capacity=0.0, stepElapsedTime=0, loopIndex=1, stepIndex=2, alertCode=NORMAL, state=RUNNING, workMode=DC, important=true, alertVolt=3800.0, alertCurrent=0.0, alertTime=10028]
2022-07-25 17:44:53.909  INFO -skip to stepIndex = 2,loopIndex = 1,total seconds=10019
2022-07-25 17:45:08.290  INFO -stop step
2022-07-25 17:45:08.890  INFO -step index change:ChnDataPack [chnIndex=11, voltage=3795.6445088396426, backupVoltage=0.0, powerVoltage=0.0, current=0.0, capacity=0.0, stepElapsedTime=0, loopIndex=0, stepIndex=0, alertCode=NORMAL, state=STOP, workMode=SLEEP, important=false, alertVolt=0.0, alertCurrent=0.0, alertTime=0]
2022-07-25 17:46:50.913  INFO -cancel sync mode
2022-07-25 17:46:51.889  INFO -channel opt start miliseconds = 1658742411114
2022-07-25 17:46:51.889  INFO -attempt to STARTUP channel,attempt :0,ChnDataPack [chnIndex=11, voltage=3795.6445088396426, backupVoltage=0.0, powerVoltage=0.0, current=0.0, capacity=0.0, stepElapsedTime=635, loopIndex=1, stepIndex=1, alertCode=NORMAL, state=RUNNING, workMode=SLEEP, important=false, alertVolt=0.0, alertCurrent=0.0, alertTime=0]
2022-07-25 17:46:51.889  INFO -start up success,channel state = RUN
2022-07-25 17:47:01.894  INFO -step index change:ChnDataPack [chnIndex=11, voltage=3795.6445088396426, backupVoltage=0.0, powerVoltage=0.0, current=4000.0, capacity=0.0, stepElapsedTime=0, loopIndex=1, stepIndex=2, alertCode=NORMAL, state=RUNNING, workMode=DC, important=false, alertVolt=3795.6445088396426, alertCurrent=0.0, alertTime=10621]
2022-07-25 17:47:01.894  INFO -set lead sync count = 2
2022-07-25 17:47:01.894  INFO -channel next step :1-2
2022-07-25 17:47:01.895  INFO -rawData = ChnDataPack [chnIndex=11, voltage=3795.6445088396426, backupVoltage=0.0, powerVoltage=0.0, current=4000.0, capacity=0.0, stepElapsedTime=0, loopIndex=1, stepIndex=2, alertCode=NORMAL, state=RUNNING, workMode=DC, important=true, alertVolt=3795.6445088396426, alertCurrent=0.0, alertTime=10621]
2022-07-25 17:47:01.895  INFO -skip to stepIndex = 2,loopIndex = 1,total seconds=10006
2022-07-25 17:54:50.902  INFO -step index change:ChnDataPack [chnIndex=11, voltage=3649.7319559546863, backupVoltage=0.0, powerVoltage=0.0, current=0.0, capacity=0.0, stepElapsedTime=0, loopIndex=1, stepIndex=3, alertCode=NORMAL, state=RUNNING, workMode=SLEEP, important=false, alertVolt=3649.7319559546863, alertCurrent=4000.4428366521565, alertTime=469008]
2022-07-25 17:54:50.902  INFO -set lead sync count = 2
2022-07-25 17:54:50.902  INFO -channel next step :1-3
2022-07-25 17:54:50.902  INFO -rawData = ChnDataPack [chnIndex=11, voltage=3649.7319559546863, backupVoltage=0.0, powerVoltage=0.0, current=0.0, capacity=0.0, stepElapsedTime=0, loopIndex=1, stepIndex=3, alertCode=NORMAL, state=RUNNING, workMode=SLEEP, important=true, alertVolt=3649.7319559546863, alertCurrent=4000.4428366521565, alertTime=469008]
2022-07-25 17:54:50.902  INFO -skip to stepIndex = 3,loopIndex = 1,total seconds=469007
2022-07-25 17:55:01.904  INFO -step index change:ChnDataPack [chnIndex=11, voltage=3649.7319559546863, backupVoltage=0.0, powerVoltage=0.0, current=2500.0, capacity=0.0, stepElapsedTime=0, loopIndex=1, stepIndex=4, alertCode=NORMAL, state=RUNNING, workMode=CC, important=false, alertVolt=3649.7319559546863, alertCurrent=0.0, alertTime=11001]
2022-07-25 17:55:01.904  INFO -set lead sync count = 2
2022-07-25 17:55:01.904  INFO -channel next step :1-4
2022-07-25 17:55:01.905  INFO -rawData = ChnDataPack [chnIndex=11, voltage=3649.7319559546863, backupVoltage=0.0, powerVoltage=0.0, current=2500.0, capacity=0.0, stepElapsedTime=0, loopIndex=1, stepIndex=4, alertCode=NORMAL, state=RUNNING, workMode=CC, important=true, alertVolt=3649.7319559546863, alertCurrent=0.0, alertTime=11001]
2022-07-25 17:55:01.905  INFO -skip to stepIndex = 4,loopIndex = 1,total seconds=11003
2022-07-25 17:59:47.239  INFO -stop step
2022-07-25 17:59:47.901  INFO -step index change:ChnDataPack [chnIndex=11, voltage=3699.607439266225, backupVoltage=0.0, powerVoltage=0.0, current=0.0, capacity=0.0, stepElapsedTime=0, loopIndex=0, stepIndex=0, alertCode=NORMAL, state=STOP, workMode=SLEEP, important=false, alertVolt=0.0, alertCurrent=0.0, alertTime=0]
2022-07-25 18:05:23.103  INFO -cancel sync mode
2022-07-25 18:05:23.900  INFO -channel opt start miliseconds = 1658743523311
2022-07-25 18:05:23.900  INFO -attempt to STARTUP channel,attempt :0,ChnDataPack [chnIndex=11, voltage=3699.607439266225, backupVoltage=0.0, powerVoltage=0.0, current=0.0, capacity=0.0, stepElapsedTime=430, loopIndex=1, stepIndex=1, alertCode=NORMAL, state=RUNNING, workMode=SLEEP, important=false, alertVolt=0.0, alertCurrent=0.0, alertTime=0]
2022-07-25 18:05:23.900  INFO -start up success,channel state = RUN
2022-07-25 18:05:33.899  INFO -step index change:ChnDataPack [chnIndex=11, voltage=3699.607439266225, backupVoltage=0.0, powerVoltage=0.0, current=4000.0, capacity=0.0, stepElapsedTime=0, loopIndex=1, stepIndex=2, alertCode=NORMAL, state=RUNNING, workMode=DC, important=false, alertVolt=3699.607439266225, alertCurrent=0.0, alertTime=10429]
2022-07-25 18:05:33.899  INFO -set lead sync count = 2
2022-07-25 18:05:33.899  INFO -channel next step :1-2
2022-07-25 18:05:33.899  INFO -rawData = ChnDataPack [chnIndex=11, voltage=3699.607439266225, backupVoltage=0.0, powerVoltage=0.0, current=4000.0, capacity=0.0, stepElapsedTime=0, loopIndex=1, stepIndex=2, alertCode=NORMAL, state=RUNNING, workMode=DC, important=true, alertVolt=3699.607439266225, alertCurrent=0.0, alertTime=10429]
2022-07-25 18:05:33.901  INFO -skip to stepIndex = 2,loopIndex = 1,total seconds=10001
2022-07-25 18:07:36.445  INFO -stop step
2022-07-25 18:07:36.898  INFO -step index change:ChnDataPack [chnIndex=11, voltage=3661.650903676644, backupVoltage=0.0, powerVoltage=0.0, current=0.0, capacity=0.0, stepElapsedTime=0, loopIndex=0, stepIndex=0, alertCode=NORMAL, state=STOP, workMode=SLEEP, important=false, alertVolt=0.0, alertCurrent=0.0, alertTime=0]
2022-07-25 18:26:56.486  INFO -cancel sync mode
2022-07-25 18:26:56.890  INFO -channel opt start miliseconds = 1658744816701
2022-07-25 18:26:56.890  INFO -attempt to STARTUP channel,attempt :0,ChnDataPack [chnIndex=11, voltage=3661.650903676644, backupVoltage=0.0, powerVoltage=0.0, current=0.0, capacity=0.0, stepElapsedTime=49, loopIndex=1, stepIndex=1, alertCode=NORMAL, state=RUNNING, workMode=SLEEP, important=false, alertVolt=0.0, alertCurrent=0.0, alertTime=0]
2022-07-25 18:26:56.890  INFO -start up success,channel state = RUN
2022-07-25 18:27:05.898  INFO -step index change:ChnDataPack [chnIndex=11, voltage=3661.650903676644, backupVoltage=0.0, powerVoltage=0.0, current=0.0, capacity=0.0, stepElapsedTime=0, loopIndex=0, stepIndex=0, alertCode=NORMAL, state=STOP, workMode=SLEEP, important=false, alertVolt=0.0, alertCurrent=0.0, alertTime=0]
2022-07-25 18:27:14.619  INFO -create startup init Data
2022-07-25 18:27:14.893  INFO -channel opt start miliseconds = 1658744834619
2022-07-25 18:27:14.893  INFO -attempt to FORMATION channel,attempt :0,ChnDataPack [chnIndex=11, voltage=3661.650903676644, backupVoltage=0.0, powerVoltage=0.0, current=0.0, capacity=0.0, stepElapsedTime=8114, loopIndex=1, stepIndex=1, alertCode=NORMAL, state=RUNNING, workMode=SLEEP, important=false, alertVolt=0.0, alertCurrent=0.0, alertTime=0]
2022-07-25 18:27:14.893  INFO -resume ok
2022-07-25 18:27:14.893  INFO -start up success,channel state = RUN
2022-07-25 18:27:16.900  INFO -step index change:ChnDataPack [chnIndex=11, voltage=3661.650903676644, backupVoltage=0.0, powerVoltage=0.0, current=4000.0, capacity=0.0, stepElapsedTime=0, loopIndex=1, stepIndex=2, alertCode=NORMAL, state=RUNNING, workMode=DC, important=false, alertVolt=3661.650903676644, alertCurrent=0.0, alertTime=10122]
2022-07-25 18:27:16.900  INFO -set lead sync count = 2
2022-07-25 18:27:16.900  INFO -channel next step :1-2
2022-07-25 18:27:16.900  INFO -rawData = ChnDataPack [chnIndex=11, voltage=3661.650903676644, backupVoltage=0.0, powerVoltage=0.0, current=4000.0, capacity=0.0, stepElapsedTime=0, loopIndex=1, stepIndex=2, alertCode=NORMAL, state=RUNNING, workMode=DC, important=true, alertVolt=3661.650903676644, alertCurrent=0.0, alertTime=10122]
2022-07-25 18:27:16.900  INFO -skip to stepIndex = 2,loopIndex = 1,total seconds=10004
2022-07-25 18:27:54.899  INFO -step index change:ChnDataPack [chnIndex=11, voltage=3649.828622625831, backupVoltage=0.0, powerVoltage=0.0, current=0.0, capacity=0.0, stepElapsedTime=0, loopIndex=1, stepIndex=3, alertCode=NORMAL, state=RUNNING, workMode=SLEEP, important=false, alertVolt=3649.828622625831, alertCurrent=4000.320599280238, alertTime=37998]
2022-07-25 18:27:54.899  INFO -set lead sync count = 2
2022-07-25 18:27:54.899  INFO -channel next step :1-3
2022-07-25 18:27:54.899  INFO -rawData = ChnDataPack [chnIndex=11, voltage=3649.828622625831, backupVoltage=0.0, powerVoltage=0.0, current=0.0, capacity=0.0, stepElapsedTime=0, loopIndex=1, stepIndex=3, alertCode=NORMAL, state=RUNNING, workMode=SLEEP, important=true, alertVolt=3649.828622625831, alertCurrent=4000.320599280238, alertTime=37998]
2022-07-25 18:27:54.899  INFO -skip to stepIndex = 3,loopIndex = 1,total seconds=37999
2022-07-25 18:28:05.898  INFO -step index change:ChnDataPack [chnIndex=11, voltage=3649.828622625831, backupVoltage=0.0, powerVoltage=0.0, current=2500.0, capacity=0.0, stepElapsedTime=0, loopIndex=1, stepIndex=4, alertCode=NORMAL, state=RUNNING, workMode=CC, important=false, alertVolt=3649.828622625831, alertCurrent=0.0, alertTime=10994]
2022-07-25 18:28:05.898  INFO -set lead sync count = 2
2022-07-25 18:28:05.898  INFO -channel next step :1-4
2022-07-25 18:28:05.898  INFO -rawData = ChnDataPack [chnIndex=11, voltage=3649.828622625831, backupVoltage=0.0, powerVoltage=0.0, current=2500.0, capacity=0.0, stepElapsedTime=0, loopIndex=1, stepIndex=4, alertCode=NORMAL, state=RUNNING, workMode=CC, important=true, alertVolt=3649.828622625831, alertCurrent=0.0, alertTime=10994]
2022-07-25 18:28:05.898  INFO -skip to stepIndex = 4,loopIndex = 1,total seconds=10999
2022-07-25 18:45:54.887  INFO -step index change:ChnDataPack [chnIndex=11, voltage=3836.728338762858, backupVoltage=0.0, powerVoltage=0.0, current=0.0, capacity=0.0, stepElapsedTime=0, loopIndex=0, stepIndex=0, alertCode=NORMAL, state=STOP, workMode=SLEEP, important=false, alertVolt=0.0, alertCurrent=0.0, alertTime=0]
