2022-07-25 17:44:43.731  INFO -cancel sync mode
2022-07-25 17:44:44.908  INFO -channel opt start miliseconds = 1658742283935
2022-07-25 17:44:44.908  INFO -attempt to STARTUP channel,attempt :0,ChnDataPack [chnIndex=10, voltage=3800.0, backupVoltage=0.0, powerVoltage=0.0, current=0.0, capacity=0.0, stepElapsedTime=811, loopIndex=1, stepIndex=1, alertCode=NORMAL, state=RUNNING, workMode=SLEEP, important=false, alertVolt=0.0, alertCurrent=0.0, alertTime=0]
2022-07-25 17:44:44.908  INFO -start up success,channel state = RUN
2022-07-25 17:44:54.922  INFO -step index change:ChnDataPack [chnIndex=10, voltage=3800.0, backupVoltage=0.0, powerVoltage=0.0, current=4000.0, capacity=0.0, stepElapsedTime=0, loopIndex=1, stepIndex=2, alertCode=NORMAL, state=RUNNING, workMode=DC, important=false, alertVolt=3800.0, alertCurrent=0.0, alertTime=10809]
2022-07-25 17:44:54.922  INFO -set lead sync count = 2
2022-07-25 17:44:54.922  INFO -channel next step :1-2
2022-07-25 17:44:54.922  INFO -rawData = ChnDataPack [chnIndex=10, voltage=3800.0, backupVoltage=0.0, powerVoltage=0.0, current=4000.0, capacity=0.0, stepElapsedTime=0, loopIndex=1, stepIndex=2, alertCode=NORMAL, state=RUNNING, workMode=DC, important=true, alertVolt=3800.0, alertCurrent=0.0, alertTime=10809]
2022-07-25 17:44:54.922  INFO -skip to stepIndex = 2,loopIndex = 1,total seconds=10014
2022-07-25 17:45:08.295  INFO -stop step
2022-07-25 17:45:08.909  INFO -step index change:ChnDataPack [chnIndex=10, voltage=3795.9556017769255, backupVoltage=0.0, powerVoltage=0.0, current=0.0, capacity=0.0, stepElapsedTime=0, loopIndex=0, stepIndex=0, alertCode=NORMAL, state=STOP, workMode=SLEEP, important=false, alertVolt=0.0, alertCurrent=0.0, alertTime=0]
2022-07-25 17:46:51.114  INFO -cancel sync mode
2022-07-25 17:46:51.907  INFO -channel opt start miliseconds = 1658742411318
2022-07-25 17:46:51.907  INFO -attempt to STARTUP channel,attempt :0,ChnDataPack [chnIndex=10, voltage=3795.9556017769255, backupVoltage=0.0, powerVoltage=0.0, current=0.0, capacity=0.0, stepElapsedTime=432, loopIndex=1, stepIndex=1, alertCode=NORMAL, state=RUNNING, workMode=SLEEP, important=false, alertVolt=0.0, alertCurrent=0.0, alertTime=0]
2022-07-25 17:46:51.907  INFO -start up success,channel state = RUN
2022-07-25 17:47:01.896  INFO -step index change:ChnDataPack [chnIndex=10, voltage=3795.9556017769255, backupVoltage=0.0, powerVoltage=0.0, current=4000.0, capacity=0.0, stepElapsedTime=0, loopIndex=1, stepIndex=2, alertCode=NORMAL, state=RUNNING, workMode=DC, important=false, alertVolt=3795.9556017769255, alertCurrent=0.0, alertTime=10434]
2022-07-25 17:47:01.897  INFO -set lead sync count = 2
2022-07-25 17:47:01.897  INFO -channel next step :1-2
2022-07-25 17:47:01.897  INFO -rawData = ChnDataPack [chnIndex=10, voltage=3795.9556017769255, backupVoltage=0.0, powerVoltage=0.0, current=4000.0, capacity=0.0, stepElapsedTime=0, loopIndex=1, stepIndex=2, alertCode=NORMAL, state=RUNNING, workMode=DC, important=true, alertVolt=3795.9556017769255, alertCurrent=0.0, alertTime=10434]
2022-07-25 17:47:01.897  INFO -skip to stepIndex = 2,loopIndex = 1,total seconds=9990
2022-07-25 17:54:51.911  INFO -step index change:ChnDataPack [chnIndex=10, voltage=3649.733465727915, backupVoltage=0.0, powerVoltage=0.0, current=0.0, capacity=0.0, stepElapsedTime=0, loopIndex=1, stepIndex=3, alertCode=NORMAL, state=RUNNING, workMode=SLEEP, important=false, alertVolt=3649.733465727915, alertCurrent=3999.8414174043974, alertTime=469999]
2022-07-25 17:54:51.911  INFO -set lead sync count = 2
2022-07-25 17:54:51.911  INFO -channel next step :1-3
2022-07-25 17:54:51.911  INFO -rawData = ChnDataPack [chnIndex=10, voltage=3649.733465727915, backupVoltage=0.0, powerVoltage=0.0, current=0.0, capacity=0.0, stepElapsedTime=0, loopIndex=1, stepIndex=3, alertCode=NORMAL, state=RUNNING, workMode=SLEEP, important=true, alertVolt=3649.733465727915, alertCurrent=3999.8414174043974, alertTime=469999]
2022-07-25 17:54:51.911  INFO -skip to stepIndex = 3,loopIndex = 1,total seconds=470014
2022-07-25 17:55:02.900  INFO -step index change:ChnDataPack [chnIndex=10, voltage=3649.733465727915, backupVoltage=0.0, powerVoltage=0.0, current=2500.0, capacity=0.0, stepElapsedTime=0, loopIndex=1, stepIndex=4, alertCode=NORMAL, state=RUNNING, workMode=CC, important=false, alertVolt=3649.733465727915, alertCurrent=0.0, alertTime=10989]
2022-07-25 17:55:02.900  INFO -set lead sync count = 2
2022-07-25 17:55:02.900  INFO -channel next step :1-4
2022-07-25 17:55:02.900  INFO -rawData = ChnDataPack [chnIndex=10, voltage=3649.733465727915, backupVoltage=0.0, powerVoltage=0.0, current=2500.0, capacity=0.0, stepElapsedTime=0, loopIndex=1, stepIndex=4, alertCode=NORMAL, state=RUNNING, workMode=CC, important=true, alertVolt=3649.733465727915, alertCurrent=0.0, alertTime=10989]
2022-07-25 17:55:02.900  INFO -skip to stepIndex = 4,loopIndex = 1,total seconds=10989
2022-07-25 17:59:47.243  INFO -stop step
2022-07-25 17:59:47.902  INFO -step index change:ChnDataPack [chnIndex=10, voltage=3699.4328271481236, backupVoltage=0.0, powerVoltage=0.0, current=0.0, capacity=0.0, stepElapsedTime=0, loopIndex=0, stepIndex=0, alertCode=NORMAL, state=STOP, workMode=SLEEP, important=false, alertVolt=0.0, alertCurrent=0.0, alertTime=0]
2022-07-25 18:05:23.312  INFO -cancel sync mode
2022-07-25 18:05:23.901  INFO -channel opt start miliseconds = 1658743523526
2022-07-25 18:05:23.902  INFO -attempt to STARTUP channel,attempt :0,ChnDataPack [chnIndex=10, voltage=3699.4328271481236, backupVoltage=0.0, powerVoltage=0.0, current=0.0, capacity=0.0, stepElapsedTime=215, loopIndex=1, stepIndex=1, alertCode=NORMAL, state=RUNNING, workMode=SLEEP, important=false, alertVolt=0.0, alertCurrent=0.0, alertTime=0]
2022-07-25 18:05:23.902  INFO -start up success,channel state = RUN
2022-07-25 18:05:33.903  INFO -step index change:ChnDataPack [chnIndex=10, voltage=3699.4328271481236, backupVoltage=0.0, powerVoltage=0.0, current=4000.0, capacity=0.0, stepElapsedTime=0, loopIndex=1, stepIndex=2, alertCode=NORMAL, state=RUNNING, workMode=DC, important=false, alertVolt=3699.4328271481236, alertCurrent=0.0, alertTime=10214]
2022-07-25 18:05:33.903  INFO -set lead sync count = 2
2022-07-25 18:05:33.903  INFO -channel next step :1-2
2022-07-25 18:05:33.903  INFO -rawData = ChnDataPack [chnIndex=10, voltage=3699.4328271481236, backupVoltage=0.0, powerVoltage=0.0, current=4000.0, capacity=0.0, stepElapsedTime=0, loopIndex=1, stepIndex=2, alertCode=NORMAL, state=RUNNING, workMode=DC, important=true, alertVolt=3699.4328271481236, alertCurrent=0.0, alertTime=10214]
2022-07-25 18:05:33.903  INFO -skip to stepIndex = 2,loopIndex = 1,total seconds=10001
2022-07-25 18:07:36.446  INFO -stop step
2022-07-25 18:07:36.900  INFO -step index change:ChnDataPack [chnIndex=10, voltage=3661.4777747692115, backupVoltage=0.0, powerVoltage=0.0, current=0.0, capacity=0.0, stepElapsedTime=0, loopIndex=0, stepIndex=0, alertCode=NORMAL, state=STOP, workMode=SLEEP, important=false, alertVolt=0.0, alertCurrent=0.0, alertTime=0]
2022-07-25 18:26:56.703  INFO -cancel sync mode
2022-07-25 18:26:57.898  INFO -channel opt start miliseconds = 1658744816905
2022-07-25 18:26:57.898  INFO -attempt to STARTUP channel,attempt :0,ChnDataPack [chnIndex=10, voltage=3661.4777747692115, backupVoltage=0.0, powerVoltage=0.0, current=0.0, capacity=0.0, stepElapsedTime=836, loopIndex=1, stepIndex=1, alertCode=NORMAL, state=RUNNING, workMode=SLEEP, important=false, alertVolt=0.0, alertCurrent=0.0, alertTime=0]
2022-07-25 18:26:57.898  INFO -start up success,channel state = RUN
2022-07-25 18:27:05.898  INFO -step index change:ChnDataPack [chnIndex=10, voltage=3661.4777747692115, backupVoltage=0.0, powerVoltage=0.0, current=0.0, capacity=0.0, stepElapsedTime=0, loopIndex=0, stepIndex=0, alertCode=NORMAL, state=STOP, workMode=SLEEP, important=false, alertVolt=0.0, alertCurrent=0.0, alertTime=0]
2022-07-25 18:27:14.619  INFO -create startup init Data
2022-07-25 18:27:14.895  INFO -channel opt start miliseconds = 1658744834620
2022-07-25 18:27:14.895  INFO -attempt to FORMATION channel,attempt :0,ChnDataPack [chnIndex=10, voltage=3661.4777747692115, backupVoltage=0.0, powerVoltage=0.0, current=0.0, capacity=0.0, stepElapsedTime=7121, loopIndex=1, stepIndex=1, alertCode=NORMAL, state=RUNNING, workMode=SLEEP, important=false, alertVolt=0.0, alertCurrent=0.0, alertTime=0]
2022-07-25 18:27:14.895  INFO -resume ok
2022-07-25 18:27:14.895  INFO -start up success,channel state = RUN
2022-07-25 18:27:17.903  INFO -step index change:ChnDataPack [chnIndex=10, voltage=3661.4777747692115, backupVoltage=0.0, powerVoltage=0.0, current=4000.0, capacity=0.0, stepElapsedTime=0, loopIndex=1, stepIndex=2, alertCode=NORMAL, state=RUNNING, workMode=DC, important=false, alertVolt=3661.4777747692115, alertCurrent=0.0, alertTime=10126]
2022-07-25 18:27:17.903  INFO -set lead sync count = 2
2022-07-25 18:27:17.903  INFO -channel next step :1-2
2022-07-25 18:27:17.903  INFO -rawData = ChnDataPack [chnIndex=10, voltage=3661.4777747692115, backupVoltage=0.0, powerVoltage=0.0, current=4000.0, capacity=0.0, stepElapsedTime=0, loopIndex=1, stepIndex=2, alertCode=NORMAL, state=RUNNING, workMode=DC, important=true, alertVolt=3661.4777747692115, alertCurrent=0.0, alertTime=10126]
2022-07-25 18:27:17.903  INFO -skip to stepIndex = 2,loopIndex = 1,total seconds=10013
2022-07-25 18:27:54.900  INFO -step index change:ChnDataPack [chnIndex=10, voltage=3649.966226741023, backupVoltage=0.0, powerVoltage=0.0, current=0.0, capacity=0.0, stepElapsedTime=0, loopIndex=1, stepIndex=3, alertCode=NORMAL, state=RUNNING, workMode=SLEEP, important=false, alertVolt=3649.966226741023, alertCurrent=4000.6482841115812, alertTime=37001]
2022-07-25 18:27:54.900  INFO -set lead sync count = 2
2022-07-25 18:27:54.900  INFO -channel next step :1-3
2022-07-25 18:27:54.900  INFO -rawData = ChnDataPack [chnIndex=10, voltage=3649.966226741023, backupVoltage=0.0, powerVoltage=0.0, current=0.0, capacity=0.0, stepElapsedTime=0, loopIndex=1, stepIndex=3, alertCode=NORMAL, state=RUNNING, workMode=SLEEP, important=true, alertVolt=3649.966226741023, alertCurrent=4000.6482841115812, alertTime=37001]
2022-07-25 18:27:54.900  INFO -skip to stepIndex = 3,loopIndex = 1,total seconds=36997
2022-07-25 18:28:05.900  INFO -step index change:ChnDataPack [chnIndex=10, voltage=3649.966226741023, backupVoltage=0.0, powerVoltage=0.0, current=2500.0, capacity=0.0, stepElapsedTime=0, loopIndex=1, stepIndex=4, alertCode=NORMAL, state=RUNNING, workMode=CC, important=false, alertVolt=3649.966226741023, alertCurrent=0.0, alertTime=10994]
2022-07-25 18:28:05.900  INFO -set lead sync count = 2
2022-07-25 18:28:05.901  INFO -channel next step :1-4
2022-07-25 18:28:05.901  INFO -rawData = ChnDataPack [chnIndex=10, voltage=3649.966226741023, backupVoltage=0.0, powerVoltage=0.0, current=2500.0, capacity=0.0, stepElapsedTime=0, loopIndex=1, stepIndex=4, alertCode=NORMAL, state=RUNNING, workMode=CC, important=true, alertVolt=3649.966226741023, alertCurrent=0.0, alertTime=10994]
2022-07-25 18:28:05.901  INFO -skip to stepIndex = 4,loopIndex = 1,total seconds=11001
2022-07-25 18:45:54.903  INFO -step index change:ChnDataPack [chnIndex=10, voltage=3836.865403871128, backupVoltage=0.0, powerVoltage=0.0, current=0.0, capacity=0.0, stepElapsedTime=0, loopIndex=0, stepIndex=0, alertCode=NORMAL, state=STOP, workMode=SLEEP, important=false, alertVolt=0.0, alertCurrent=0.0, alertTime=0]
