2022-07-25 17:44:43.503  INFO -cancel sync mode
2022-07-25 17:44:43.888  INFO -channel opt start miliseconds = 1658742283720
2022-07-25 17:44:43.888  INFO -attempt to STARTUP channel,attempt :0,ChnDataPack [chnIndex=0, voltage=3800.0, backupVoltage=0.0, powerVoltage=0.0, current=0.0, capacity=0.0, stepElapsedTime=28, loopIndex=1, stepIndex=1, alertCode=NORMAL, state=RUNNING, workMode=SLEEP, important=false, alertVolt=0.0, alertCurrent=0.0, alertTime=0]
2022-07-25 17:44:43.888  INFO -start up success,channel state = RUN
2022-07-25 17:44:53.888  INFO -step index change:ChnDataPack [chnIndex=0, voltage=3800.0, backupVoltage=0.0, powerVoltage=0.0, current=4000.0, capacity=0.0, stepElapsedTime=0, loopIndex=1, stepIndex=2, alertCode=NORMAL, state=RUNNING, workMode=DC, important=false, alertVolt=3800.0, alertCurrent=0.0, alertTime=10028]
2022-07-25 17:44:53.900  INFO -set lead sync count = 2
2022-07-25 17:44:53.900  INFO -channel next step :1-2
2022-07-25 17:44:53.900  INFO -rawData = ChnDataPack [chnIndex=0, voltage=3800.0, backupVoltage=0.0, powerVoltage=0.0, current=4000.0, capacity=0.0, stepElapsedTime=0, loopIndex=1, stepIndex=2, alertCode=NORMAL, state=RUNNING, workMode=DC, important=true, alertVolt=3800.0, alertCurrent=0.0, alertTime=10028]
2022-07-25 17:44:53.901  INFO -skip to stepIndex = 2,loopIndex = 1,total seconds=10013
2022-07-25 17:45:08.288  INFO -stop step
2022-07-25 17:45:08.889  INFO -step index change:ChnDataPack [chnIndex=0, voltage=3795.6444048517324, backupVoltage=0.0, powerVoltage=0.0, current=0.0, capacity=0.0, stepElapsedTime=0, loopIndex=0, stepIndex=0, alertCode=NORMAL, state=STOP, workMode=SLEEP, important=false, alertVolt=0.0, alertCurrent=0.0, alertTime=0]
2022-07-25 17:46:50.913  INFO -cancel sync mode
2022-07-25 17:46:51.889  INFO -channel opt start miliseconds = 1658742411114
2022-07-25 17:46:51.889  INFO -attempt to STARTUP channel,attempt :0,ChnDataPack [chnIndex=0, voltage=3795.6444048517324, backupVoltage=0.0, powerVoltage=0.0, current=0.0, capacity=0.0, stepElapsedTime=635, loopIndex=1, stepIndex=1, alertCode=NORMAL, state=RUNNING, workMode=SLEEP, important=false, alertVolt=0.0, alertCurrent=0.0, alertTime=0]
2022-07-25 17:46:51.889  INFO -start up success,channel state = RUN
2022-07-25 17:47:01.891  INFO -step index change:ChnDataPack [chnIndex=0, voltage=3795.6444048517324, backupVoltage=0.0, powerVoltage=0.0, current=4000.0, capacity=0.0, stepElapsedTime=0, loopIndex=1, stepIndex=2, alertCode=NORMAL, state=RUNNING, workMode=DC, important=false, alertVolt=3795.6444048517324, alertCurrent=0.0, alertTime=10621]
2022-07-25 17:47:01.891  INFO -set lead sync count = 2
2022-07-25 17:47:01.891  INFO -channel next step :1-2
2022-07-25 17:47:01.891  INFO -rawData = ChnDataPack [chnIndex=0, voltage=3795.6444048517324, backupVoltage=0.0, powerVoltage=0.0, current=4000.0, capacity=0.0, stepElapsedTime=0, loopIndex=1, stepIndex=2, alertCode=NORMAL, state=RUNNING, workMode=DC, important=true, alertVolt=3795.6444048517324, alertCurrent=0.0, alertTime=10621]
2022-07-25 17:47:01.891  INFO -skip to stepIndex = 2,loopIndex = 1,total seconds=10002
2022-07-25 17:54:50.900  INFO -step index change:ChnDataPack [chnIndex=0, voltage=3649.7331093510616, backupVoltage=0.0, powerVoltage=0.0, current=0.0, capacity=0.0, stepElapsedTime=0, loopIndex=1, stepIndex=3, alertCode=NORMAL, state=RUNNING, workMode=SLEEP, important=false, alertVolt=3649.7331093510616, alertCurrent=3999.5804409978405, alertTime=469008]
2022-07-25 17:54:50.901  INFO -set lead sync count = 2
2022-07-25 17:54:50.901  INFO -channel next step :1-3
2022-07-25 17:54:50.901  INFO -rawData = ChnDataPack [chnIndex=0, voltage=3649.7331093510616, backupVoltage=0.0, powerVoltage=0.0, current=0.0, capacity=0.0, stepElapsedTime=0, loopIndex=1, stepIndex=3, alertCode=NORMAL, state=RUNNING, workMode=SLEEP, important=true, alertVolt=3649.7331093510616, alertCurrent=3999.5804409978405, alertTime=469008]
2022-07-25 17:54:50.901  INFO -skip to stepIndex = 3,loopIndex = 1,total seconds=469010
2022-07-25 17:55:01.900  INFO -step index change:ChnDataPack [chnIndex=0, voltage=3649.7331093510616, backupVoltage=0.0, powerVoltage=0.0, current=2500.0, capacity=0.0, stepElapsedTime=0, loopIndex=1, stepIndex=4, alertCode=NORMAL, state=RUNNING, workMode=CC, important=false, alertVolt=3649.7331093510616, alertCurrent=0.0, alertTime=11001]
2022-07-25 17:55:01.901  INFO -set lead sync count = 2
2022-07-25 17:55:01.901  INFO -channel next step :1-4
2022-07-25 17:55:01.901  INFO -rawData = ChnDataPack [chnIndex=0, voltage=3649.7331093510616, backupVoltage=0.0, powerVoltage=0.0, current=2500.0, capacity=0.0, stepElapsedTime=0, loopIndex=1, stepIndex=4, alertCode=NORMAL, state=RUNNING, workMode=CC, important=true, alertVolt=3649.7331093510616, alertCurrent=0.0, alertTime=11001]
2022-07-25 17:55:01.901  INFO -skip to stepIndex = 4,loopIndex = 1,total seconds=11000
2022-07-25 17:59:47.238  INFO -stop step
2022-07-25 17:59:47.901  INFO -step index change:ChnDataPack [chnIndex=0, voltage=2224.7331093510616, backupVoltage=0.0, powerVoltage=0.0, current=0.0, capacity=0.0, stepElapsedTime=0, loopIndex=0, stepIndex=0, alertCode=NORMAL, state=STOP, workMode=SLEEP, important=false, alertVolt=0.0, alertCurrent=0.0, alertTime=0]
2022-07-25 18:05:23.102  INFO -cancel sync mode
2022-07-25 18:05:23.898  INFO -channel opt start miliseconds = 1658743523311
2022-07-25 18:05:23.898  INFO -attempt to STARTUP channel,attempt :0,ChnDataPack [chnIndex=0, voltage=2224.7331093510616, backupVoltage=0.0, powerVoltage=0.0, current=0.0, capacity=0.0, stepElapsedTime=430, loopIndex=1, stepIndex=1, alertCode=NORMAL, state=RUNNING, workMode=SLEEP, important=false, alertVolt=0.0, alertCurrent=0.0, alertTime=0]
2022-07-25 18:05:23.898  INFO -start up success,channel state = RUN
2022-07-25 18:05:33.895  INFO -step index change:ChnDataPack [chnIndex=0, voltage=2224.7331093510616, backupVoltage=0.0, powerVoltage=0.0, current=4000.0, capacity=0.0, stepElapsedTime=0, loopIndex=1, stepIndex=2, alertCode=NORMAL, state=RUNNING, workMode=DC, important=false, alertVolt=2224.7331093510616, alertCurrent=0.0, alertTime=10429]
2022-07-25 18:05:33.895  INFO -set lead sync count = 2
2022-07-25 18:05:33.895  INFO -channel next step :1-2
2022-07-25 18:05:33.896  INFO -rawData = ChnDataPack [chnIndex=0, voltage=2224.7331093510616, backupVoltage=0.0, powerVoltage=0.0, current=4000.0, capacity=0.0, stepElapsedTime=0, loopIndex=1, stepIndex=2, alertCode=NORMAL, state=RUNNING, workMode=DC, important=true, alertVolt=2224.7331093510616, alertCurrent=0.0, alertTime=10429]
2022-07-25 18:05:33.896  INFO -skip to stepIndex = 2,loopIndex = 1,total seconds=9998
2022-07-25 18:05:34.890  INFO -step index change:ChnDataPack [chnIndex=0, voltage=2224.4220075934154, backupVoltage=0.0, powerVoltage=0.0, current=0.0, capacity=0.0, stepElapsedTime=0, loopIndex=1, stepIndex=3, alertCode=NORMAL, state=RUNNING, workMode=SLEEP, important=false, alertVolt=2224.4220075934154, alertCurrent=3999.7717622396694, alertTime=1009]
2022-07-25 18:05:34.890  INFO -set lead sync count = 2
2022-07-25 18:05:34.890  INFO -channel next step :1-3
2022-07-25 18:05:34.890  INFO -rawData = ChnDataPack [chnIndex=0, voltage=2224.4220075934154, backupVoltage=0.0, powerVoltage=0.0, current=0.0, capacity=0.0, stepElapsedTime=0, loopIndex=1, stepIndex=3, alertCode=NORMAL, state=RUNNING, workMode=SLEEP, important=true, alertVolt=2224.4220075934154, alertCurrent=3999.7717622396694, alertTime=1009]
2022-07-25 18:05:34.891  INFO -skip to stepIndex = 3,loopIndex = 1,total seconds=995
2022-07-25 18:05:45.891  INFO -step index change:ChnDataPack [chnIndex=0, voltage=2224.4220075934154, backupVoltage=0.0, powerVoltage=0.0, current=2500.0, capacity=0.0, stepElapsedTime=0, loopIndex=1, stepIndex=4, alertCode=NORMAL, state=RUNNING, workMode=CC, important=false, alertVolt=2224.4220075934154, alertCurrent=0.0, alertTime=10990]
2022-07-25 18:05:45.891  INFO -set lead sync count = 2
2022-07-25 18:05:45.891  INFO -channel next step :1-4
2022-07-25 18:05:45.891  INFO -rawData = ChnDataPack [chnIndex=0, voltage=2224.4220075934154, backupVoltage=0.0, powerVoltage=0.0, current=2500.0, capacity=0.0, stepElapsedTime=0, loopIndex=1, stepIndex=4, alertCode=NORMAL, state=RUNNING, workMode=CC, important=true, alertVolt=2224.4220075934154, alertCurrent=0.0, alertTime=10990]
2022-07-25 18:05:45.891  INFO -skip to stepIndex = 4,loopIndex = 1,total seconds=11000
2022-07-25 18:07:36.445  INFO -stop step
2022-07-25 18:07:36.898  INFO -step index change:ChnDataPack [chnIndex=0, voltage=1674.4220075934154, backupVoltage=0.0, powerVoltage=0.0, current=0.0, capacity=0.0, stepElapsedTime=0, loopIndex=0, stepIndex=0, alertCode=NORMAL, state=STOP, workMode=SLEEP, important=false, alertVolt=0.0, alertCurrent=0.0, alertTime=0]
2022-07-25 18:26:56.486  INFO -cancel sync mode
2022-07-25 18:26:56.889  INFO -channel opt start miliseconds = 1658744816701
2022-07-25 18:26:56.889  INFO -attempt to STARTUP channel,attempt :0,ChnDataPack [chnIndex=0, voltage=1674.4220075934154, backupVoltage=0.0, powerVoltage=0.0, current=0.0, capacity=0.0, stepElapsedTime=49, loopIndex=1, stepIndex=1, alertCode=NORMAL, state=RUNNING, workMode=SLEEP, important=false, alertVolt=0.0, alertCurrent=0.0, alertTime=0]
2022-07-25 18:26:56.889  INFO -start up success,channel state = RUN
2022-07-25 18:27:05.896  INFO -step index change:ChnDataPack [chnIndex=0, voltage=1674.4220075934154, backupVoltage=0.0, powerVoltage=0.0, current=0.0, capacity=0.0, stepElapsedTime=0, loopIndex=0, stepIndex=0, alertCode=NORMAL, state=STOP, workMode=SLEEP, important=false, alertVolt=0.0, alertCurrent=0.0, alertTime=0]
2022-07-25 18:27:14.617  INFO -create startup init Data
2022-07-25 18:27:14.891  INFO -channel opt start miliseconds = 1658744834619
2022-07-25 18:27:14.891  INFO -attempt to FORMATION channel,attempt :0,ChnDataPack [chnIndex=0, voltage=1674.4220075934154, backupVoltage=0.0, powerVoltage=0.0, current=0.0, capacity=0.0, stepElapsedTime=8115, loopIndex=1, stepIndex=1, alertCode=NORMAL, state=RUNNING, workMode=SLEEP, important=false, alertVolt=0.0, alertCurrent=0.0, alertTime=0]
2022-07-25 18:27:14.891  INFO -resume ok
2022-07-25 18:27:14.891  INFO -start up success,channel state = RUN
2022-07-25 18:27:16.898  INFO -step index change:ChnDataPack [chnIndex=0, voltage=1674.4220075934154, backupVoltage=0.0, powerVoltage=0.0, current=4000.0, capacity=0.0, stepElapsedTime=0, loopIndex=1, stepIndex=2, alertCode=NORMAL, state=RUNNING, workMode=DC, important=false, alertVolt=1674.4220075934154, alertCurrent=0.0, alertTime=10123]
2022-07-25 18:27:16.898  INFO -set lead sync count = 2
2022-07-25 18:27:16.898  INFO -channel next step :1-2
2022-07-25 18:27:16.898  INFO -rawData = ChnDataPack [chnIndex=0, voltage=1674.4220075934154, backupVoltage=0.0, powerVoltage=0.0, current=4000.0, capacity=0.0, stepElapsedTime=0, loopIndex=1, stepIndex=2, alertCode=NORMAL, state=RUNNING, workMode=DC, important=true, alertVolt=1674.4220075934154, alertCurrent=0.0, alertTime=10123]
2022-07-25 18:27:16.898  INFO -skip to stepIndex = 2,loopIndex = 1,total seconds=10005
2022-07-25 18:27:17.896  INFO -step index change:ChnDataPack [chnIndex=0, voltage=1674.110866019238, backupVoltage=0.0, powerVoltage=0.0, current=0.0, capacity=0.0, stepElapsedTime=0, loopIndex=1, stepIndex=3, alertCode=NORMAL, state=RUNNING, workMode=SLEEP, important=false, alertVolt=1674.110866019238, alertCurrent=3999.9530509426554, alertTime=997]
2022-07-25 18:27:17.896  INFO -set lead sync count = 2
2022-07-25 18:27:17.896  INFO -channel next step :1-3
2022-07-25 18:27:17.896  INFO -rawData = ChnDataPack [chnIndex=0, voltage=1674.110866019238, backupVoltage=0.0, powerVoltage=0.0, current=0.0, capacity=0.0, stepElapsedTime=0, loopIndex=1, stepIndex=3, alertCode=NORMAL, state=RUNNING, workMode=SLEEP, important=true, alertVolt=1674.110866019238, alertCurrent=3999.9530509426554, alertTime=997]
2022-07-25 18:27:17.897  INFO -skip to stepIndex = 3,loopIndex = 1,total seconds=998
2022-07-25 18:27:28.889  INFO -step index change:ChnDataPack [chnIndex=0, voltage=1674.110866019238, backupVoltage=0.0, powerVoltage=0.0, current=2500.0, capacity=0.0, stepElapsedTime=0, loopIndex=1, stepIndex=4, alertCode=NORMAL, state=RUNNING, workMode=CC, important=false, alertVolt=1674.110866019238, alertCurrent=0.0, alertTime=10994]
2022-07-25 18:27:28.889  INFO -set lead sync count = 2
2022-07-25 18:27:28.889  INFO -channel next step :1-4
2022-07-25 18:27:28.889  INFO -rawData = ChnDataPack [chnIndex=0, voltage=1674.110866019238, backupVoltage=0.0, powerVoltage=0.0, current=2500.0, capacity=0.0, stepElapsedTime=0, loopIndex=1, stepIndex=4, alertCode=NORMAL, state=RUNNING, workMode=CC, important=true, alertVolt=1674.110866019238, alertCurrent=0.0, alertTime=10994]
2022-07-25 18:27:28.889  INFO -skip to stepIndex = 4,loopIndex = 1,total seconds=10993
