2022-07-25 17:44:43.935  INFO -cancel sync mode
2022-07-25 17:44:44.899  INFO -channel opt start miliseconds = 1658742284152
2022-07-25 17:44:44.900  INFO -attempt to STARTUP channel,attempt :0,ChnDataPack [chnIndex=0, voltage=3800.0, backupVoltage=0.0, powerVoltage=0.0, current=0.0, capacity=0.0, stepElapsedTime=593, loopIndex=1, stepIndex=1, alertCode=NORMAL, state=RUNNING, workMode=SLEEP, important=false, alertVolt=0.0, alertCurrent=0.0, alertTime=0]
2022-07-25 17:44:44.900  INFO -start up success,channel state = RUN
2022-07-25 17:44:54.898  INFO -step index change:ChnDataPack [chnIndex=0, voltage=3800.0, backupVoltage=0.0, powerVoltage=0.0, current=4000.0, capacity=0.0, stepElapsedTime=0, loopIndex=1, stepIndex=2, alertCode=NORMAL, state=RUNNING, workMode=DC, important=false, alertVolt=3800.0, alertCurrent=0.0, alertTime=10591]
2022-07-25 17:44:54.911  INFO -set lead sync count = 2
2022-07-25 17:44:54.911  INFO -channel next step :1-2
2022-07-25 17:44:54.911  INFO -rawData = ChnDataPack [chnIndex=0, voltage=3800.0, backupVoltage=0.0, powerVoltage=0.0, current=4000.0, capacity=0.0, stepElapsedTime=0, loopIndex=1, stepIndex=2, alertCode=NORMAL, state=RUNNING, workMode=DC, important=true, alertVolt=3800.0, alertCurrent=0.0, alertTime=10591]
2022-07-25 17:44:54.911  INFO -skip to stepIndex = 2,loopIndex = 1,total seconds=10011
2022-07-25 17:45:08.297  INFO -stop step
2022-07-25 17:45:08.905  INFO -step index change:ChnDataPack [chnIndex=0, voltage=3795.9553198515464, backupVoltage=0.0, powerVoltage=0.0, current=0.0, capacity=0.0, stepElapsedTime=0, loopIndex=0, stepIndex=0, alertCode=NORMAL, state=STOP, workMode=SLEEP, important=false, alertVolt=0.0, alertCurrent=0.0, alertTime=0]
2022-07-25 17:46:51.318  INFO -cancel sync mode
2022-07-25 17:46:51.904  INFO -channel opt start miliseconds = 1658742411520
2022-07-25 17:46:51.904  INFO -attempt to STARTUP channel,attempt :0,ChnDataPack [chnIndex=0, voltage=3795.9553198515464, backupVoltage=0.0, powerVoltage=0.0, current=0.0, capacity=0.0, stepElapsedTime=229, loopIndex=1, stepIndex=1, alertCode=NORMAL, state=RUNNING, workMode=SLEEP, important=false, alertVolt=0.0, alertCurrent=0.0, alertTime=0]
2022-07-25 17:46:51.904  INFO -start up success,channel state = RUN
2022-07-25 17:47:01.891  INFO -step index change:ChnDataPack [chnIndex=0, voltage=3795.9553198515464, backupVoltage=0.0, powerVoltage=0.0, current=4000.0, capacity=0.0, stepElapsedTime=0, loopIndex=1, stepIndex=2, alertCode=NORMAL, state=RUNNING, workMode=DC, important=false, alertVolt=3795.9553198515464, alertCurrent=0.0, alertTime=10231]
2022-07-25 17:47:01.891  INFO -set lead sync count = 2
2022-07-25 17:47:01.891  INFO -channel next step :1-2
2022-07-25 17:47:01.891  INFO -rawData = ChnDataPack [chnIndex=0, voltage=3795.9553198515464, backupVoltage=0.0, powerVoltage=0.0, current=4000.0, capacity=0.0, stepElapsedTime=0, loopIndex=1, stepIndex=2, alertCode=NORMAL, state=RUNNING, workMode=DC, important=true, alertVolt=3795.9553198515464, alertCurrent=0.0, alertTime=10231]
2022-07-25 17:47:01.891  INFO -skip to stepIndex = 2,loopIndex = 1,total seconds=9987
2022-07-25 17:54:51.906  INFO -step index change:ChnDataPack [chnIndex=0, voltage=3649.729748427452, backupVoltage=0.0, powerVoltage=0.0, current=0.0, capacity=0.0, stepElapsedTime=0, loopIndex=1, stepIndex=3, alertCode=NORMAL, state=RUNNING, workMode=SLEEP, important=false, alertVolt=3649.729748427452, alertCurrent=3999.918224110299, alertTime=469999]
2022-07-25 17:54:51.906  INFO -set lead sync count = 2
2022-07-25 17:54:51.906  INFO -channel next step :1-3
2022-07-25 17:54:51.906  INFO -rawData = ChnDataPack [chnIndex=0, voltage=3649.729748427452, backupVoltage=0.0, powerVoltage=0.0, current=0.0, capacity=0.0, stepElapsedTime=0, loopIndex=1, stepIndex=3, alertCode=NORMAL, state=RUNNING, workMode=SLEEP, important=true, alertVolt=3649.729748427452, alertCurrent=3999.918224110299, alertTime=469999]
2022-07-25 17:54:51.907  INFO -skip to stepIndex = 3,loopIndex = 1,total seconds=470016
2022-07-25 17:55:02.894  INFO -step index change:ChnDataPack [chnIndex=0, voltage=3649.729748427452, backupVoltage=0.0, powerVoltage=0.0, current=2500.0, capacity=0.0, stepElapsedTime=0, loopIndex=1, stepIndex=4, alertCode=NORMAL, state=RUNNING, workMode=CC, important=false, alertVolt=3649.729748427452, alertCurrent=0.0, alertTime=10989]
2022-07-25 17:55:02.894  INFO -set lead sync count = 2
2022-07-25 17:55:02.894  INFO -channel next step :1-4
2022-07-25 17:55:02.894  INFO -rawData = ChnDataPack [chnIndex=0, voltage=3649.729748427452, backupVoltage=0.0, powerVoltage=0.0, current=2500.0, capacity=0.0, stepElapsedTime=0, loopIndex=1, stepIndex=4, alertCode=NORMAL, state=RUNNING, workMode=CC, important=true, alertVolt=3649.729748427452, alertCurrent=0.0, alertTime=10989]
2022-07-25 17:55:02.894  INFO -skip to stepIndex = 4,loopIndex = 1,total seconds=10987
2022-07-25 17:59:47.244  INFO -stop step
2022-07-25 17:59:47.901  INFO -step index change:ChnDataPack [chnIndex=0, voltage=3699.4293569209362, backupVoltage=0.0, powerVoltage=0.0, current=0.0, capacity=0.0, stepElapsedTime=0, loopIndex=0, stepIndex=0, alertCode=NORMAL, state=STOP, workMode=SLEEP, important=false, alertVolt=0.0, alertCurrent=0.0, alertTime=0]
2022-07-25 18:05:23.526  INFO -cancel sync mode
2022-07-25 18:05:23.897  INFO -channel opt start miliseconds = 1658743523741
2022-07-25 18:05:23.897  INFO -attempt to STARTUP channel,attempt :0,ChnDataPack [chnIndex=0, voltage=3699.4293569209362, backupVoltage=0.0, powerVoltage=0.0, current=0.0, capacity=0.0, stepElapsedTime=0, loopIndex=0, stepIndex=0, alertCode=NORMAL, state=STOP, workMode=SLEEP, important=false, alertVolt=0.0, alertCurrent=0.0, alertTime=0]
2022-07-25 18:05:23.897  INFO -deltMiliseconds = 156,attemp open count = 0
2022-07-25 18:05:24.894  INFO -channel opt start miliseconds = 1658743523741
2022-07-25 18:05:24.894  INFO -attempt to STARTUP channel,attempt :1,ChnDataPack [chnIndex=0, voltage=3699.4293569209362, backupVoltage=0.0, powerVoltage=0.0, current=0.0, capacity=0.0, stepElapsedTime=996, loopIndex=1, stepIndex=1, alertCode=NORMAL, state=RUNNING, workMode=SLEEP, important=false, alertVolt=0.0, alertCurrent=0.0, alertTime=0]
2022-07-25 18:05:24.894  INFO -start up success,channel state = RUN
2022-07-25 18:05:34.906  INFO -step index change:ChnDataPack [chnIndex=0, voltage=3699.4293569209362, backupVoltage=0.0, powerVoltage=0.0, current=4000.0, capacity=0.0, stepElapsedTime=0, loopIndex=1, stepIndex=2, alertCode=NORMAL, state=RUNNING, workMode=DC, important=false, alertVolt=3699.4293569209362, alertCurrent=0.0, alertTime=11008]
2022-07-25 18:05:34.906  INFO -set lead sync count = 2
2022-07-25 18:05:34.906  INFO -channel next step :1-2
2022-07-25 18:05:34.906  INFO -rawData = ChnDataPack [chnIndex=0, voltage=3699.4293569209362, backupVoltage=0.0, powerVoltage=0.0, current=4000.0, capacity=0.0, stepElapsedTime=0, loopIndex=1, stepIndex=2, alertCode=NORMAL, state=RUNNING, workMode=DC, important=true, alertVolt=3699.4293569209362, alertCurrent=0.0, alertTime=11008]
2022-07-25 18:05:34.906  INFO -skip to stepIndex = 2,loopIndex = 1,total seconds=10012
2022-07-25 18:07:36.447  INFO -stop step
2022-07-25 18:07:36.898  INFO -step index change:ChnDataPack [chnIndex=0, voltage=3661.7833689578297, backupVoltage=0.0, powerVoltage=0.0, current=0.0, capacity=0.0, stepElapsedTime=0, loopIndex=0, stepIndex=0, alertCode=NORMAL, state=STOP, workMode=SLEEP, important=false, alertVolt=0.0, alertCurrent=0.0, alertTime=0]
2022-07-25 18:26:56.905  INFO -cancel sync mode
2022-07-25 18:26:57.896  INFO -channel opt start miliseconds = 1658744817122
2022-07-25 18:26:57.896  INFO -attempt to STARTUP channel,attempt :0,ChnDataPack [chnIndex=0, voltage=3661.7833689578297, backupVoltage=0.0, powerVoltage=0.0, current=0.0, capacity=0.0, stepElapsedTime=619, loopIndex=1, stepIndex=1, alertCode=NORMAL, state=RUNNING, workMode=SLEEP, important=false, alertVolt=0.0, alertCurrent=0.0, alertTime=0]
2022-07-25 18:26:57.896  INFO -start up success,channel state = RUN
2022-07-25 18:27:05.896  INFO -step index change:ChnDataPack [chnIndex=0, voltage=3661.7833689578297, backupVoltage=0.0, powerVoltage=0.0, current=0.0, capacity=0.0, stepElapsedTime=0, loopIndex=0, stepIndex=0, alertCode=NORMAL, state=STOP, workMode=SLEEP, important=false, alertVolt=0.0, alertCurrent=0.0, alertTime=0]
2022-07-25 18:27:14.620  INFO -create startup init Data
2022-07-25 18:27:14.891  INFO -channel opt start miliseconds = 1658744834620
2022-07-25 18:27:14.891  INFO -attempt to FORMATION channel,attempt :0,ChnDataPack [chnIndex=0, voltage=3661.7833689578297, backupVoltage=0.0, powerVoltage=0.0, current=0.0, capacity=0.0, stepElapsedTime=7123, loopIndex=1, stepIndex=1, alertCode=NORMAL, state=RUNNING, workMode=SLEEP, important=false, alertVolt=0.0, alertCurrent=0.0, alertTime=0]
2022-07-25 18:27:14.891  INFO -resume ok
2022-07-25 18:27:14.891  INFO -start up success,channel state = RUN
2022-07-25 18:27:17.896  INFO -step index change:ChnDataPack [chnIndex=0, voltage=3661.7833689578297, backupVoltage=0.0, powerVoltage=0.0, current=4000.0, capacity=0.0, stepElapsedTime=0, loopIndex=1, stepIndex=2, alertCode=NORMAL, state=RUNNING, workMode=DC, important=false, alertVolt=3661.7833689578297, alertCurrent=0.0, alertTime=10128]
2022-07-25 18:27:17.896  INFO -set lead sync count = 2
2022-07-25 18:27:17.896  INFO -channel next step :1-2
2022-07-25 18:27:17.897  INFO -rawData = ChnDataPack [chnIndex=0, voltage=3661.7833689578297, backupVoltage=0.0, powerVoltage=0.0, current=4000.0, capacity=0.0, stepElapsedTime=0, loopIndex=1, stepIndex=2, alertCode=NORMAL, state=RUNNING, workMode=DC, important=true, alertVolt=3661.7833689578297, alertCurrent=0.0, alertTime=10128]
2022-07-25 18:27:17.897  INFO -skip to stepIndex = 2,loopIndex = 1,total seconds=10013
2022-07-25 18:27:55.895  INFO -step index change:ChnDataPack [chnIndex=0, voltage=3649.960834917635, backupVoltage=0.0, powerVoltage=0.0, current=0.0, capacity=0.0, stepElapsedTime=0, loopIndex=1, stepIndex=3, alertCode=NORMAL, state=RUNNING, workMode=SLEEP, important=false, alertVolt=3649.960834917635, alertCurrent=4000.759521975207, alertTime=38000]
2022-07-25 18:27:55.895  INFO -set lead sync count = 2
2022-07-25 18:27:55.895  INFO -channel next step :1-3
2022-07-25 18:27:55.895  INFO -rawData = ChnDataPack [chnIndex=0, voltage=3649.960834917635, backupVoltage=0.0, powerVoltage=0.0, current=0.0, capacity=0.0, stepElapsedTime=0, loopIndex=1, stepIndex=3, alertCode=NORMAL, state=RUNNING, workMode=SLEEP, important=true, alertVolt=3649.960834917635, alertCurrent=4000.759521975207, alertTime=38000]
2022-07-25 18:27:55.895  INFO -skip to stepIndex = 3,loopIndex = 1,total seconds=37998
2022-07-25 18:28:06.901  INFO -step index change:ChnDataPack [chnIndex=0, voltage=3649.960834917635, backupVoltage=0.0, powerVoltage=0.0, current=2500.0, capacity=0.0, stepElapsedTime=0, loopIndex=1, stepIndex=4, alertCode=NORMAL, state=RUNNING, workMode=CC, important=false, alertVolt=3649.960834917635, alertCurrent=0.0, alertTime=11005]
2022-07-25 18:28:06.901  INFO -set lead sync count = 2
2022-07-25 18:28:06.901  INFO -channel next step :1-4
2022-07-25 18:28:06.901  INFO -rawData = ChnDataPack [chnIndex=0, voltage=3649.960834917635, backupVoltage=0.0, powerVoltage=0.0, current=2500.0, capacity=0.0, stepElapsedTime=0, loopIndex=1, stepIndex=4, alertCode=NORMAL, state=RUNNING, workMode=CC, important=true, alertVolt=3649.960834917635, alertCurrent=0.0, alertTime=11005]
2022-07-25 18:28:06.901  INFO -skip to stepIndex = 4,loopIndex = 1,total seconds=11006
2022-07-25 18:45:54.902  INFO -step index change:ChnDataPack [chnIndex=0, voltage=3836.686283073692, backupVoltage=0.0, powerVoltage=0.0, current=0.0, capacity=0.0, stepElapsedTime=0, loopIndex=0, stepIndex=0, alertCode=NORMAL, state=STOP, workMode=SLEEP, important=false, alertVolt=0.0, alertCurrent=0.0, alertTime=0]
