2022-07-25 17:44:43.938  INFO -cancel sync mode
2022-07-25 17:44:44.911  INFO -channel opt start miliseconds = 1658742284153
2022-07-25 17:44:44.911  INFO -attempt to STARTUP channel,attempt :0,ChnDataPack [chnIndex=12, voltage=3800.0, backupVoltage=0.0, powerVoltage=0.0, current=0.0, capacity=0.0, stepElapsedTime=594, loopIndex=1, stepIndex=1, alertCode=NORMAL, state=RUNNING, workMode=SLEEP, important=false, alertVolt=0.0, alertCurrent=0.0, alertTime=0]
2022-07-25 17:44:44.912  INFO -start up success,channel state = RUN
2022-07-25 17:44:54.922  INFO -step index change:ChnDataPack [chnIndex=12, voltage=3800.0, backupVoltage=0.0, powerVoltage=0.0, current=4000.0, capacity=0.0, stepElapsedTime=0, loopIndex=1, stepIndex=2, alertCode=NORMAL, state=RUNNING, workMode=DC, important=false, alertVolt=3800.0, alertCurrent=0.0, alertTime=10591]
2022-07-25 17:44:54.922  INFO -set lead sync count = 2
2022-07-25 17:44:54.922  INFO -channel next step :1-2
2022-07-25 17:44:54.922  INFO -rawData = ChnDataPack [chnIndex=12, voltage=3800.0, backupVoltage=0.0, powerVoltage=0.0, current=4000.0, capacity=0.0, stepElapsedTime=0, loopIndex=1, stepIndex=2, alertCode=NORMAL, state=RUNNING, workMode=DC, important=true, alertVolt=3800.0, alertCurrent=0.0, alertTime=10591]
2022-07-25 17:44:54.922  INFO -skip to stepIndex = 2,loopIndex = 1,total seconds=10010
2022-07-25 17:45:08.298  INFO -stop step
2022-07-25 17:45:08.911  INFO -step index change:ChnDataPack [chnIndex=12, voltage=3795.9553534466054, backupVoltage=0.0, powerVoltage=0.0, current=0.0, capacity=0.0, stepElapsedTime=0, loopIndex=0, stepIndex=0, alertCode=NORMAL, state=STOP, workMode=SLEEP, important=false, alertVolt=0.0, alertCurrent=0.0, alertTime=0]
2022-07-25 17:46:51.319  INFO -cancel sync mode
2022-07-25 17:46:51.906  INFO -channel opt start miliseconds = 1658742411520
2022-07-25 17:46:51.906  INFO -attempt to STARTUP channel,attempt :0,ChnDataPack [chnIndex=12, voltage=3795.9553534466054, backupVoltage=0.0, powerVoltage=0.0, current=0.0, capacity=0.0, stepElapsedTime=229, loopIndex=1, stepIndex=1, alertCode=NORMAL, state=RUNNING, workMode=SLEEP, important=false, alertVolt=0.0, alertCurrent=0.0, alertTime=0]
2022-07-25 17:46:51.906  INFO -start up success,channel state = RUN
2022-07-25 17:47:01.896  INFO -step index change:ChnDataPack [chnIndex=12, voltage=3795.9553534466054, backupVoltage=0.0, powerVoltage=0.0, current=4000.0, capacity=0.0, stepElapsedTime=0, loopIndex=1, stepIndex=2, alertCode=NORMAL, state=RUNNING, workMode=DC, important=false, alertVolt=3795.9553534466054, alertCurrent=0.0, alertTime=10231]
2022-07-25 17:47:01.896  INFO -set lead sync count = 2
2022-07-25 17:47:01.896  INFO -channel next step :1-2
2022-07-25 17:47:01.897  INFO -rawData = ChnDataPack [chnIndex=12, voltage=3795.9553534466054, backupVoltage=0.0, powerVoltage=0.0, current=4000.0, capacity=0.0, stepElapsedTime=0, loopIndex=1, stepIndex=2, alertCode=NORMAL, state=RUNNING, workMode=DC, important=true, alertVolt=3795.9553534466054, alertCurrent=0.0, alertTime=10231]
2022-07-25 17:47:01.897  INFO -skip to stepIndex = 2,loopIndex = 1,total seconds=9991
2022-07-25 17:54:51.911  INFO -step index change:ChnDataPack [chnIndex=12, voltage=3649.7345058341803, backupVoltage=0.0, powerVoltage=0.0, current=0.0, capacity=0.0, stepElapsedTime=0, loopIndex=1, stepIndex=3, alertCode=NORMAL, state=RUNNING, workMode=SLEEP, important=false, alertVolt=3649.7345058341803, alertCurrent=4000.562719017667, alertTime=469999]
2022-07-25 17:54:51.911  INFO -set lead sync count = 2
2022-07-25 17:54:51.911  INFO -channel next step :1-3
2022-07-25 17:54:51.911  INFO -rawData = ChnDataPack [chnIndex=12, voltage=3649.7345058341803, backupVoltage=0.0, powerVoltage=0.0, current=0.0, capacity=0.0, stepElapsedTime=0, loopIndex=1, stepIndex=3, alertCode=NORMAL, state=RUNNING, workMode=SLEEP, important=true, alertVolt=3649.7345058341803, alertCurrent=4000.562719017667, alertTime=469999]
2022-07-25 17:54:51.911  INFO -skip to stepIndex = 3,loopIndex = 1,total seconds=470014
2022-07-25 17:55:02.904  INFO -step index change:ChnDataPack [chnIndex=12, voltage=3649.7345058341803, backupVoltage=0.0, powerVoltage=0.0, current=2500.0, capacity=0.0, stepElapsedTime=0, loopIndex=1, stepIndex=4, alertCode=NORMAL, state=RUNNING, workMode=CC, important=false, alertVolt=3649.7345058341803, alertCurrent=0.0, alertTime=10989]
2022-07-25 17:55:02.904  INFO -set lead sync count = 2
2022-07-25 17:55:02.904  INFO -channel next step :1-4
2022-07-25 17:55:02.904  INFO -rawData = ChnDataPack [chnIndex=12, voltage=3649.7345058341803, backupVoltage=0.0, powerVoltage=0.0, current=2500.0, capacity=0.0, stepElapsedTime=0, loopIndex=1, stepIndex=4, alertCode=NORMAL, state=RUNNING, workMode=CC, important=true, alertVolt=3649.7345058341803, alertCurrent=0.0, alertTime=10989]
2022-07-25 17:55:02.904  INFO -skip to stepIndex = 4,loopIndex = 1,total seconds=10993
2022-07-25 17:59:47.246  INFO -stop step
2022-07-25 17:59:47.903  INFO -step index change:ChnDataPack [chnIndex=12, voltage=3699.434890401669, backupVoltage=0.0, powerVoltage=0.0, current=0.0, capacity=0.0, stepElapsedTime=0, loopIndex=0, stepIndex=0, alertCode=NORMAL, state=STOP, workMode=SLEEP, important=false, alertVolt=0.0, alertCurrent=0.0, alertTime=0]
2022-07-25 18:05:23.527  INFO -cancel sync mode
2022-07-25 18:05:23.902  INFO -channel opt start miliseconds = 1658743523742
2022-07-25 18:05:23.902  INFO -attempt to STARTUP channel,attempt :0,ChnDataPack [chnIndex=12, voltage=3699.434890401669, backupVoltage=0.0, powerVoltage=0.0, current=0.0, capacity=0.0, stepElapsedTime=0, loopIndex=0, stepIndex=0, alertCode=NORMAL, state=STOP, workMode=SLEEP, important=false, alertVolt=0.0, alertCurrent=0.0, alertTime=0]
2022-07-25 18:05:23.902  INFO -deltMiliseconds = 160,attemp open count = 0
2022-07-25 18:05:24.896  INFO -channel opt start miliseconds = 1658743523742
2022-07-25 18:05:24.896  INFO -attempt to STARTUP channel,attempt :1,ChnDataPack [chnIndex=12, voltage=3699.434890401669, backupVoltage=0.0, powerVoltage=0.0, current=0.0, capacity=0.0, stepElapsedTime=996, loopIndex=1, stepIndex=1, alertCode=NORMAL, state=RUNNING, workMode=SLEEP, important=false, alertVolt=0.0, alertCurrent=0.0, alertTime=0]
2022-07-25 18:05:24.896  INFO -start up success,channel state = RUN
2022-07-25 18:05:34.909  INFO -step index change:ChnDataPack [chnIndex=12, voltage=3699.434890401669, backupVoltage=0.0, powerVoltage=0.0, current=4000.0, capacity=0.0, stepElapsedTime=0, loopIndex=1, stepIndex=2, alertCode=NORMAL, state=RUNNING, workMode=DC, important=false, alertVolt=3699.434890401669, alertCurrent=0.0, alertTime=11008]
2022-07-25 18:05:34.910  INFO -set lead sync count = 2
2022-07-25 18:05:34.910  INFO -channel next step :1-2
2022-07-25 18:05:34.910  INFO -rawData = ChnDataPack [chnIndex=12, voltage=3699.434890401669, backupVoltage=0.0, powerVoltage=0.0, current=4000.0, capacity=0.0, stepElapsedTime=0, loopIndex=1, stepIndex=2, alertCode=NORMAL, state=RUNNING, workMode=DC, important=true, alertVolt=3699.434890401669, alertCurrent=0.0, alertTime=11008]
2022-07-25 18:05:34.910  INFO -skip to stepIndex = 2,loopIndex = 1,total seconds=10014
2022-07-25 18:07:36.447  INFO -stop step
2022-07-25 18:07:36.899  INFO -step index change:ChnDataPack [chnIndex=12, voltage=3661.790777656177, backupVoltage=0.0, powerVoltage=0.0, current=0.0, capacity=0.0, stepElapsedTime=0, loopIndex=0, stepIndex=0, alertCode=NORMAL, state=STOP, workMode=SLEEP, important=false, alertVolt=0.0, alertCurrent=0.0, alertTime=0]
2022-07-25 18:26:56.907  INFO -cancel sync mode
2022-07-25 18:26:57.898  INFO -channel opt start miliseconds = 1658744817122
2022-07-25 18:26:57.898  INFO -attempt to STARTUP channel,attempt :0,ChnDataPack [chnIndex=12, voltage=3661.790777656177, backupVoltage=0.0, powerVoltage=0.0, current=0.0, capacity=0.0, stepElapsedTime=619, loopIndex=1, stepIndex=1, alertCode=NORMAL, state=RUNNING, workMode=SLEEP, important=false, alertVolt=0.0, alertCurrent=0.0, alertTime=0]
2022-07-25 18:26:57.898  INFO -start up success,channel state = RUN
2022-07-25 18:27:05.899  INFO -step index change:ChnDataPack [chnIndex=12, voltage=3661.790777656177, backupVoltage=0.0, powerVoltage=0.0, current=0.0, capacity=0.0, stepElapsedTime=0, loopIndex=0, stepIndex=0, alertCode=NORMAL, state=STOP, workMode=SLEEP, important=false, alertVolt=0.0, alertCurrent=0.0, alertTime=0]
2022-07-25 18:27:14.620  INFO -create startup init Data
2022-07-25 18:27:14.895  INFO -channel opt start miliseconds = 1658744834620
2022-07-25 18:27:14.895  INFO -attempt to FORMATION channel,attempt :0,ChnDataPack [chnIndex=12, voltage=3661.790777656177, backupVoltage=0.0, powerVoltage=0.0, current=0.0, capacity=0.0, stepElapsedTime=7121, loopIndex=1, stepIndex=1, alertCode=NORMAL, state=RUNNING, workMode=SLEEP, important=false, alertVolt=0.0, alertCurrent=0.0, alertTime=0]
2022-07-25 18:27:14.895  INFO -resume ok
2022-07-25 18:27:14.895  INFO -start up success,channel state = RUN
2022-07-25 18:27:17.903  INFO -step index change:ChnDataPack [chnIndex=12, voltage=3661.790777656177, backupVoltage=0.0, powerVoltage=0.0, current=4000.0, capacity=0.0, stepElapsedTime=0, loopIndex=1, stepIndex=2, alertCode=NORMAL, state=RUNNING, workMode=DC, important=false, alertVolt=3661.790777656177, alertCurrent=0.0, alertTime=10126]
2022-07-25 18:27:17.903  INFO -set lead sync count = 2
2022-07-25 18:27:17.903  INFO -channel next step :1-2
2022-07-25 18:27:17.903  INFO -rawData = ChnDataPack [chnIndex=12, voltage=3661.790777656177, backupVoltage=0.0, powerVoltage=0.0, current=4000.0, capacity=0.0, stepElapsedTime=0, loopIndex=1, stepIndex=2, alertCode=NORMAL, state=RUNNING, workMode=DC, important=true, alertVolt=3661.790777656177, alertCurrent=0.0, alertTime=10126]
2022-07-25 18:27:17.903  INFO -skip to stepIndex = 2,loopIndex = 1,total seconds=10013
2022-07-25 18:27:55.899  INFO -step index change:ChnDataPack [chnIndex=12, voltage=3649.9684946172424, backupVoltage=0.0, powerVoltage=0.0, current=0.0, capacity=0.0, stepElapsedTime=0, loopIndex=1, stepIndex=3, alertCode=NORMAL, state=RUNNING, workMode=SLEEP, important=false, alertVolt=3649.9684946172424, alertCurrent=4000.4300100864516, alertTime=38000]
2022-07-25 18:27:55.899  INFO -set lead sync count = 2
2022-07-25 18:27:55.899  INFO -channel next step :1-3
2022-07-25 18:27:55.899  INFO -rawData = ChnDataPack [chnIndex=12, voltage=3649.9684946172424, backupVoltage=0.0, powerVoltage=0.0, current=0.0, capacity=0.0, stepElapsedTime=0, loopIndex=1, stepIndex=3, alertCode=NORMAL, state=RUNNING, workMode=SLEEP, important=true, alertVolt=3649.9684946172424, alertCurrent=4000.4300100864516, alertTime=38000]
2022-07-25 18:27:55.899  INFO -skip to stepIndex = 3,loopIndex = 1,total seconds=37996
2022-07-25 18:28:06.904  INFO -step index change:ChnDataPack [chnIndex=12, voltage=3649.9684946172424, backupVoltage=0.0, powerVoltage=0.0, current=2500.0, capacity=0.0, stepElapsedTime=0, loopIndex=1, stepIndex=4, alertCode=NORMAL, state=RUNNING, workMode=CC, important=false, alertVolt=3649.9684946172424, alertCurrent=0.0, alertTime=11005]
2022-07-25 18:28:06.904  INFO -set lead sync count = 2
2022-07-25 18:28:06.904  INFO -channel next step :1-4
2022-07-25 18:28:06.904  INFO -rawData = ChnDataPack [chnIndex=12, voltage=3649.9684946172424, backupVoltage=0.0, powerVoltage=0.0, current=2500.0, capacity=0.0, stepElapsedTime=0, loopIndex=1, stepIndex=4, alertCode=NORMAL, state=RUNNING, workMode=CC, important=true, alertVolt=3649.9684946172424, alertCurrent=0.0, alertTime=11005]
2022-07-25 18:28:06.904  INFO -skip to stepIndex = 4,loopIndex = 1,total seconds=11005
2022-07-25 18:45:54.903  INFO -step index change:ChnDataPack [chnIndex=12, voltage=3836.6927504621626, backupVoltage=0.0, powerVoltage=0.0, current=0.0, capacity=0.0, stepElapsedTime=0, loopIndex=0, stepIndex=0, alertCode=NORMAL, state=STOP, workMode=SLEEP, important=false, alertVolt=0.0, alertCurrent=0.0, alertTime=0]
