2022-07-25 17:44:43.717  INFO -cancel sync mode
2022-07-25 17:44:44.899  INFO -channel opt start miliseconds = 1658742283935
2022-07-25 17:44:44.899  INFO -attempt to STARTUP channel,attempt :0,ChnDataPack [chnIndex=0, voltage=3800.0, backupVoltage=0.0, powerVoltage=0.0, current=0.0, capacity=0.0, stepElapsedTime=811, loopIndex=1, stepIndex=1, alertCode=NORMAL, state=RUNNING, workMode=SLEEP, important=false, alertVolt=0.0, alertCurrent=0.0, alertTime=0]
2022-07-25 17:44:44.900  INFO -start up success,channel state = RUN
2022-07-25 17:44:54.898  INFO -step index change:ChnDataPack [chnIndex=0, voltage=3800.0, backupVoltage=0.0, powerVoltage=0.0, current=4000.0, capacity=0.0, stepElapsedTime=0, loopIndex=1, stepIndex=2, alertCode=NORMAL, state=RUNNING, workMode=DC, important=false, alertVolt=3800.0, alertCurrent=0.0, alertTime=10809]
2022-07-25 17:44:54.911  INFO -set lead sync count = 2
2022-07-25 17:44:54.911  INFO -channel next step :1-2
2022-07-25 17:44:54.911  INFO -rawData = ChnDataPack [chnIndex=0, voltage=3800.0, backupVoltage=0.0, powerVoltage=0.0, current=4000.0, capacity=0.0, stepElapsedTime=0, loopIndex=1, stepIndex=2, alertCode=NORMAL, state=RUNNING, workMode=DC, important=true, alertVolt=3800.0, alertCurrent=0.0, alertTime=10809]
2022-07-25 17:44:54.911  INFO -skip to stepIndex = 2,loopIndex = 1,total seconds=10011
2022-07-25 17:45:08.293  INFO -stop step
2022-07-25 17:45:08.889  INFO -step index change:ChnDataPack [chnIndex=0, voltage=3795.9553732394597, backupVoltage=0.0, powerVoltage=0.0, current=0.0, capacity=0.0, stepElapsedTime=0, loopIndex=0, stepIndex=0, alertCode=NORMAL, state=STOP, workMode=SLEEP, important=false, alertVolt=0.0, alertCurrent=0.0, alertTime=0]
2022-07-25 17:46:51.114  INFO -cancel sync mode
2022-07-25 17:46:51.904  INFO -channel opt start miliseconds = 1658742411318
2022-07-25 17:46:51.904  INFO -attempt to STARTUP channel,attempt :0,ChnDataPack [chnIndex=0, voltage=3795.9553732394597, backupVoltage=0.0, powerVoltage=0.0, current=0.0, capacity=0.0, stepElapsedTime=431, loopIndex=1, stepIndex=1, alertCode=NORMAL, state=RUNNING, workMode=SLEEP, important=false, alertVolt=0.0, alertCurrent=0.0, alertTime=0]
2022-07-25 17:46:51.904  INFO -start up success,channel state = RUN
2022-07-25 17:47:01.891  INFO -step index change:ChnDataPack [chnIndex=0, voltage=3795.9553732394597, backupVoltage=0.0, powerVoltage=0.0, current=4000.0, capacity=0.0, stepElapsedTime=0, loopIndex=1, stepIndex=2, alertCode=NORMAL, state=RUNNING, workMode=DC, important=false, alertVolt=3795.9553732394597, alertCurrent=0.0, alertTime=10432]
2022-07-25 17:47:01.891  INFO -set lead sync count = 2
2022-07-25 17:47:01.891  INFO -channel next step :1-2
2022-07-25 17:47:01.891  INFO -rawData = ChnDataPack [chnIndex=0, voltage=3795.9553732394597, backupVoltage=0.0, powerVoltage=0.0, current=4000.0, capacity=0.0, stepElapsedTime=0, loopIndex=1, stepIndex=2, alertCode=NORMAL, state=RUNNING, workMode=DC, important=true, alertVolt=3795.9553732394597, alertCurrent=0.0, alertTime=10432]
2022-07-25 17:47:01.891  INFO -skip to stepIndex = 2,loopIndex = 1,total seconds=9987
2022-07-25 17:54:51.890  INFO -step index change:ChnDataPack [chnIndex=0, voltage=3649.735754514784, backupVoltage=0.0, powerVoltage=0.0, current=0.0, capacity=0.0, stepElapsedTime=0, loopIndex=1, stepIndex=3, alertCode=NORMAL, state=RUNNING, workMode=SLEEP, important=false, alertVolt=3649.735754514784, alertCurrent=4000.5072042691872, alertTime=470000]
2022-07-25 17:54:51.890  INFO -set lead sync count = 2
2022-07-25 17:54:51.890  INFO -channel next step :1-3
2022-07-25 17:54:51.890  INFO -rawData = ChnDataPack [chnIndex=0, voltage=3649.735754514784, backupVoltage=0.0, powerVoltage=0.0, current=0.0, capacity=0.0, stepElapsedTime=0, loopIndex=1, stepIndex=3, alertCode=NORMAL, state=RUNNING, workMode=SLEEP, important=true, alertVolt=3649.735754514784, alertCurrent=4000.5072042691872, alertTime=470000]
2022-07-25 17:54:51.891  INFO -skip to stepIndex = 3,loopIndex = 1,total seconds=470000
2022-07-25 17:55:02.894  INFO -step index change:ChnDataPack [chnIndex=0, voltage=3649.735754514784, backupVoltage=0.0, powerVoltage=0.0, current=2500.0, capacity=0.0, stepElapsedTime=0, loopIndex=1, stepIndex=4, alertCode=NORMAL, state=RUNNING, workMode=CC, important=false, alertVolt=3649.735754514784, alertCurrent=0.0, alertTime=10989]
2022-07-25 17:55:02.894  INFO -set lead sync count = 2
2022-07-25 17:55:02.894  INFO -channel next step :1-4
2022-07-25 17:55:02.894  INFO -rawData = ChnDataPack [chnIndex=0, voltage=3649.735754514784, backupVoltage=0.0, powerVoltage=0.0, current=2500.0, capacity=0.0, stepElapsedTime=0, loopIndex=1, stepIndex=4, alertCode=NORMAL, state=RUNNING, workMode=CC, important=true, alertVolt=3649.735754514784, alertCurrent=0.0, alertTime=10989]
2022-07-25 17:55:02.894  INFO -skip to stepIndex = 4,loopIndex = 1,total seconds=11003
2022-07-25 17:59:47.243  INFO -stop step
2022-07-25 17:59:47.901  INFO -step index change:ChnDataPack [chnIndex=0, voltage=3699.4354580948884, backupVoltage=0.0, powerVoltage=0.0, current=0.0, capacity=0.0, stepElapsedTime=0, loopIndex=0, stepIndex=0, alertCode=NORMAL, state=STOP, workMode=SLEEP, important=false, alertVolt=0.0, alertCurrent=0.0, alertTime=0]
2022-07-25 18:05:23.310  INFO -cancel sync mode
2022-07-25 18:05:23.897  INFO -channel opt start miliseconds = 1658743523526
2022-07-25 18:05:23.897  INFO -attempt to STARTUP channel,attempt :0,ChnDataPack [chnIndex=0, voltage=3699.4354580948884, backupVoltage=0.0, powerVoltage=0.0, current=0.0, capacity=0.0, stepElapsedTime=214, loopIndex=1, stepIndex=1, alertCode=NORMAL, state=RUNNING, workMode=SLEEP, important=false, alertVolt=0.0, alertCurrent=0.0, alertTime=0]
2022-07-25 18:05:23.897  INFO -start up success,channel state = RUN
2022-07-25 18:05:33.895  INFO -step index change:ChnDataPack [chnIndex=0, voltage=3699.4354580948884, backupVoltage=0.0, powerVoltage=0.0, current=4000.0, capacity=0.0, stepElapsedTime=0, loopIndex=1, stepIndex=2, alertCode=NORMAL, state=RUNNING, workMode=DC, important=false, alertVolt=3699.4354580948884, alertCurrent=0.0, alertTime=10214]
2022-07-25 18:05:33.895  INFO -set lead sync count = 2
2022-07-25 18:05:33.895  INFO -channel next step :1-2
2022-07-25 18:05:33.895  INFO -rawData = ChnDataPack [chnIndex=0, voltage=3699.4354580948884, backupVoltage=0.0, powerVoltage=0.0, current=4000.0, capacity=0.0, stepElapsedTime=0, loopIndex=1, stepIndex=2, alertCode=NORMAL, state=RUNNING, workMode=DC, important=true, alertVolt=3699.4354580948884, alertCurrent=0.0, alertTime=10214]
2022-07-25 18:05:33.896  INFO -skip to stepIndex = 2,loopIndex = 1,total seconds=9999
2022-07-25 18:07:36.446  INFO -stop step
2022-07-25 18:07:36.898  INFO -step index change:ChnDataPack [chnIndex=0, voltage=3661.47983659548, backupVoltage=0.0, powerVoltage=0.0, current=0.0, capacity=0.0, stepElapsedTime=0, loopIndex=0, stepIndex=0, alertCode=NORMAL, state=STOP, workMode=SLEEP, important=false, alertVolt=0.0, alertCurrent=0.0, alertTime=0]
2022-07-25 18:26:56.701  INFO -cancel sync mode
2022-07-25 18:26:57.896  INFO -channel opt start miliseconds = 1658744816905
2022-07-25 18:26:57.896  INFO -attempt to STARTUP channel,attempt :0,ChnDataPack [chnIndex=0, voltage=3661.47983659548, backupVoltage=0.0, powerVoltage=0.0, current=0.0, capacity=0.0, stepElapsedTime=836, loopIndex=1, stepIndex=1, alertCode=NORMAL, state=RUNNING, workMode=SLEEP, important=false, alertVolt=0.0, alertCurrent=0.0, alertTime=0]
2022-07-25 18:26:57.896  INFO -start up success,channel state = RUN
2022-07-25 18:27:05.896  INFO -step index change:ChnDataPack [chnIndex=0, voltage=3661.47983659548, backupVoltage=0.0, powerVoltage=0.0, current=0.0, capacity=0.0, stepElapsedTime=0, loopIndex=0, stepIndex=0, alertCode=NORMAL, state=STOP, workMode=SLEEP, important=false, alertVolt=0.0, alertCurrent=0.0, alertTime=0]
2022-07-25 18:27:14.618  INFO -create startup init Data
2022-07-25 18:27:14.891  INFO -channel opt start miliseconds = 1658744834619
2022-07-25 18:27:14.891  INFO -attempt to FORMATION channel,attempt :0,ChnDataPack [chnIndex=0, voltage=3661.47983659548, backupVoltage=0.0, powerVoltage=0.0, current=0.0, capacity=0.0, stepElapsedTime=7124, loopIndex=1, stepIndex=1, alertCode=NORMAL, state=RUNNING, workMode=SLEEP, important=false, alertVolt=0.0, alertCurrent=0.0, alertTime=0]
2022-07-25 18:27:14.891  INFO -resume ok
2022-07-25 18:27:14.892  INFO -start up success,channel state = RUN
2022-07-25 18:27:17.896  INFO -step index change:ChnDataPack [chnIndex=0, voltage=3661.47983659548, backupVoltage=0.0, powerVoltage=0.0, current=4000.0, capacity=0.0, stepElapsedTime=0, loopIndex=1, stepIndex=2, alertCode=NORMAL, state=RUNNING, workMode=DC, important=false, alertVolt=3661.47983659548, alertCurrent=0.0, alertTime=10129]
2022-07-25 18:27:17.896  INFO -set lead sync count = 2
2022-07-25 18:27:17.896  INFO -channel next step :1-2
2022-07-25 18:27:17.897  INFO -rawData = ChnDataPack [chnIndex=0, voltage=3661.47983659548, backupVoltage=0.0, powerVoltage=0.0, current=4000.0, capacity=0.0, stepElapsedTime=0, loopIndex=1, stepIndex=2, alertCode=NORMAL, state=RUNNING, workMode=DC, important=true, alertVolt=3661.47983659548, alertCurrent=0.0, alertTime=10129]
2022-07-25 18:27:17.897  INFO -skip to stepIndex = 2,loopIndex = 1,total seconds=10012
2022-07-25 18:27:54.898  INFO -step index change:ChnDataPack [chnIndex=0, voltage=3649.968672006012, backupVoltage=0.0, powerVoltage=0.0, current=0.0, capacity=0.0, stepElapsedTime=0, loopIndex=1, stepIndex=3, alertCode=NORMAL, state=RUNNING, workMode=SLEEP, important=false, alertVolt=3649.968672006012, alertCurrent=3999.3969638476124, alertTime=37001]
2022-07-25 18:27:54.898  INFO -set lead sync count = 2
2022-07-25 18:27:54.898  INFO -channel next step :1-3
2022-07-25 18:27:54.898  INFO -rawData = ChnDataPack [chnIndex=0, voltage=3649.968672006012, backupVoltage=0.0, powerVoltage=0.0, current=0.0, capacity=0.0, stepElapsedTime=0, loopIndex=1, stepIndex=3, alertCode=NORMAL, state=RUNNING, workMode=SLEEP, important=true, alertVolt=3649.968672006012, alertCurrent=3999.3969638476124, alertTime=37001]
2022-07-25 18:27:54.898  INFO -skip to stepIndex = 3,loopIndex = 1,total seconds=37001
2022-07-25 18:28:05.893  INFO -step index change:ChnDataPack [chnIndex=0, voltage=3649.968672006012, backupVoltage=0.0, powerVoltage=0.0, current=2500.0, capacity=0.0, stepElapsedTime=0, loopIndex=1, stepIndex=4, alertCode=NORMAL, state=RUNNING, workMode=CC, important=false, alertVolt=3649.968672006012, alertCurrent=0.0, alertTime=10994]
2022-07-25 18:28:05.893  INFO -set lead sync count = 2
2022-07-25 18:28:05.893  INFO -channel next step :1-4
2022-07-25 18:28:05.894  INFO -rawData = ChnDataPack [chnIndex=0, voltage=3649.968672006012, backupVoltage=0.0, powerVoltage=0.0, current=2500.0, capacity=0.0, stepElapsedTime=0, loopIndex=1, stepIndex=4, alertCode=NORMAL, state=RUNNING, workMode=CC, important=true, alertVolt=3649.968672006012, alertCurrent=0.0, alertTime=10994]
2022-07-25 18:28:05.894  INFO -skip to stepIndex = 4,loopIndex = 1,total seconds=10996
2022-07-25 18:45:54.902  INFO -step index change:ChnDataPack [chnIndex=0, voltage=3836.8682187417544, backupVoltage=0.0, powerVoltage=0.0, current=0.0, capacity=0.0, stepElapsedTime=0, loopIndex=0, stepIndex=0, alertCode=NORMAL, state=STOP, workMode=SLEEP, important=false, alertVolt=0.0, alertCurrent=0.0, alertTime=0]
