2022-07-25 17:44:43.719  INFO -cancel sync mode
2022-07-25 17:44:44.904  INFO -channel opt start miliseconds = 1658742283935
2022-07-25 17:44:44.904  INFO -attempt to STARTUP channel,attempt :0,ChnDataPack [chnIndex=6, voltage=3800.0, backupVoltage=0.0, powerVoltage=0.0, current=0.0, capacity=0.0, stepElapsedTime=810, loopIndex=1, stepIndex=1, alertCode=NORMAL, state=RUNNING, workMode=SLEEP, important=false, alertVolt=0.0, alertCurrent=0.0, alertTime=0]
2022-07-25 17:44:44.904  INFO -start up success,channel state = RUN
2022-07-25 17:44:54.916  INFO -step index change:ChnDataPack [chnIndex=6, voltage=3800.0, backupVoltage=0.0, powerVoltage=0.0, current=4000.0, capacity=0.0, stepElapsedTime=0, loopIndex=1, stepIndex=2, alertCode=NORMAL, state=RUNNING, workMode=DC, important=false, alertVolt=3800.0, alertCurrent=0.0, alertTime=10808]
2022-07-25 17:44:54.916  INFO -set lead sync count = 2
2022-07-25 17:44:54.916  INFO -channel next step :1-2
2022-07-25 17:44:54.917  INFO -rawData = ChnDataPack [chnIndex=6, voltage=3800.0, backupVoltage=0.0, powerVoltage=0.0, current=4000.0, capacity=0.0, stepElapsedTime=0, loopIndex=1, stepIndex=2, alertCode=NORMAL, state=RUNNING, workMode=DC, important=true, alertVolt=3800.0, alertCurrent=0.0, alertTime=10808]
2022-07-25 17:44:54.917  INFO -skip to stepIndex = 2,loopIndex = 1,total seconds=10013
2022-07-25 17:45:08.295  INFO -stop step
2022-07-25 17:45:08.891  INFO -step index change:ChnDataPack [chnIndex=6, voltage=3795.9558116063795, backupVoltage=0.0, powerVoltage=0.0, current=0.0, capacity=0.0, stepElapsedTime=0, loopIndex=0, stepIndex=0, alertCode=NORMAL, state=STOP, workMode=SLEEP, important=false, alertVolt=0.0, alertCurrent=0.0, alertTime=0]
2022-07-25 17:46:51.114  INFO -cancel sync mode
2022-07-25 17:46:51.905  INFO -channel opt start miliseconds = 1658742411318
2022-07-25 17:46:51.905  INFO -attempt to STARTUP channel,attempt :0,ChnDataPack [chnIndex=6, voltage=3795.9558116063795, backupVoltage=0.0, powerVoltage=0.0, current=0.0, capacity=0.0, stepElapsedTime=431, loopIndex=1, stepIndex=1, alertCode=NORMAL, state=RUNNING, workMode=SLEEP, important=false, alertVolt=0.0, alertCurrent=0.0, alertTime=0]
2022-07-25 17:46:51.906  INFO -start up success,channel state = RUN
2022-07-25 17:47:01.895  INFO -step index change:ChnDataPack [chnIndex=6, voltage=3795.9558116063795, backupVoltage=0.0, powerVoltage=0.0, current=4000.0, capacity=0.0, stepElapsedTime=0, loopIndex=1, stepIndex=2, alertCode=NORMAL, state=RUNNING, workMode=DC, important=false, alertVolt=3795.9558116063795, alertCurrent=0.0, alertTime=10433]
2022-07-25 17:47:01.895  INFO -set lead sync count = 2
2022-07-25 17:47:01.895  INFO -channel next step :1-2
2022-07-25 17:47:01.895  INFO -rawData = ChnDataPack [chnIndex=6, voltage=3795.9558116063795, backupVoltage=0.0, powerVoltage=0.0, current=4000.0, capacity=0.0, stepElapsedTime=0, loopIndex=1, stepIndex=2, alertCode=NORMAL, state=RUNNING, workMode=DC, important=true, alertVolt=3795.9558116063795, alertCurrent=0.0, alertTime=10433]
2022-07-25 17:47:01.895  INFO -skip to stepIndex = 2,loopIndex = 1,total seconds=9989
2022-07-25 17:54:51.894  INFO -step index change:ChnDataPack [chnIndex=6, voltage=3649.7336991110733, backupVoltage=0.0, powerVoltage=0.0, current=0.0, capacity=0.0, stepElapsedTime=0, loopIndex=1, stepIndex=3, alertCode=NORMAL, state=RUNNING, workMode=SLEEP, important=false, alertVolt=3649.7336991110733, alertCurrent=3999.270489981098, alertTime=470000]
2022-07-25 17:54:51.894  INFO -set lead sync count = 2
2022-07-25 17:54:51.895  INFO -channel next step :1-3
2022-07-25 17:54:51.895  INFO -rawData = ChnDataPack [chnIndex=6, voltage=3649.7336991110733, backupVoltage=0.0, powerVoltage=0.0, current=0.0, capacity=0.0, stepElapsedTime=0, loopIndex=1, stepIndex=3, alertCode=NORMAL, state=RUNNING, workMode=SLEEP, important=true, alertVolt=3649.7336991110733, alertCurrent=3999.270489981098, alertTime=470000]
2022-07-25 17:54:51.895  INFO -skip to stepIndex = 3,loopIndex = 1,total seconds=470000
2022-07-25 17:55:02.900  INFO -step index change:ChnDataPack [chnIndex=6, voltage=3649.7336991110733, backupVoltage=0.0, powerVoltage=0.0, current=2500.0, capacity=0.0, stepElapsedTime=0, loopIndex=1, stepIndex=4, alertCode=NORMAL, state=RUNNING, workMode=CC, important=false, alertVolt=3649.7336991110733, alertCurrent=0.0, alertTime=10988]
2022-07-25 17:55:02.901  INFO -set lead sync count = 2
2022-07-25 17:55:02.902  INFO -channel next step :1-4
2022-07-25 17:55:02.902  INFO -rawData = ChnDataPack [chnIndex=6, voltage=3649.7336991110733, backupVoltage=0.0, powerVoltage=0.0, current=2500.0, capacity=0.0, stepElapsedTime=0, loopIndex=1, stepIndex=4, alertCode=NORMAL, state=RUNNING, workMode=CC, important=true, alertVolt=3649.7336991110733, alertCurrent=0.0, alertTime=10988]
2022-07-25 17:55:02.902  INFO -skip to stepIndex = 4,loopIndex = 1,total seconds=11007
2022-07-25 17:59:47.244  INFO -stop step
2022-07-25 17:59:47.902  INFO -step index change:ChnDataPack [chnIndex=6, voltage=3699.4330841752, backupVoltage=0.0, powerVoltage=0.0, current=0.0, capacity=0.0, stepElapsedTime=0, loopIndex=0, stepIndex=0, alertCode=NORMAL, state=STOP, workMode=SLEEP, important=false, alertVolt=0.0, alertCurrent=0.0, alertTime=0]
2022-07-25 18:05:23.311  INFO -cancel sync mode
2022-07-25 18:05:23.900  INFO -channel opt start miliseconds = 1658743523526
2022-07-25 18:05:23.900  INFO -attempt to STARTUP channel,attempt :0,ChnDataPack [chnIndex=6, voltage=3699.4330841752, backupVoltage=0.0, powerVoltage=0.0, current=0.0, capacity=0.0, stepElapsedTime=215, loopIndex=1, stepIndex=1, alertCode=NORMAL, state=RUNNING, workMode=SLEEP, important=false, alertVolt=0.0, alertCurrent=0.0, alertTime=0]
2022-07-25 18:05:23.900  INFO -start up success,channel state = RUN
2022-07-25 18:05:33.901  INFO -step index change:ChnDataPack [chnIndex=6, voltage=3699.4330841752, backupVoltage=0.0, powerVoltage=0.0, current=4000.0, capacity=0.0, stepElapsedTime=0, loopIndex=1, stepIndex=2, alertCode=NORMAL, state=RUNNING, workMode=DC, important=false, alertVolt=3699.4330841752, alertCurrent=0.0, alertTime=10214]
2022-07-25 18:05:33.901  INFO -set lead sync count = 2
2022-07-25 18:05:33.901  INFO -channel next step :1-2
2022-07-25 18:05:33.901  INFO -rawData = ChnDataPack [chnIndex=6, voltage=3699.4330841752, backupVoltage=0.0, powerVoltage=0.0, current=4000.0, capacity=0.0, stepElapsedTime=0, loopIndex=1, stepIndex=2, alertCode=NORMAL, state=RUNNING, workMode=DC, important=true, alertVolt=3699.4330841752, alertCurrent=0.0, alertTime=10214]
2022-07-25 18:05:33.901  INFO -skip to stepIndex = 2,loopIndex = 1,total seconds=10001
2022-07-25 18:07:36.446  INFO -stop step
2022-07-25 18:07:36.899  INFO -step index change:ChnDataPack [chnIndex=6, voltage=3661.4764474138897, backupVoltage=0.0, powerVoltage=0.0, current=0.0, capacity=0.0, stepElapsedTime=0, loopIndex=0, stepIndex=0, alertCode=NORMAL, state=STOP, workMode=SLEEP, important=false, alertVolt=0.0, alertCurrent=0.0, alertTime=0]
2022-07-25 18:26:56.701  INFO -cancel sync mode
2022-07-25 18:26:57.897  INFO -channel opt start miliseconds = 1658744816905
2022-07-25 18:26:57.897  INFO -attempt to STARTUP channel,attempt :0,ChnDataPack [chnIndex=6, voltage=3661.4764474138897, backupVoltage=0.0, powerVoltage=0.0, current=0.0, capacity=0.0, stepElapsedTime=836, loopIndex=1, stepIndex=1, alertCode=NORMAL, state=RUNNING, workMode=SLEEP, important=false, alertVolt=0.0, alertCurrent=0.0, alertTime=0]
2022-07-25 18:26:57.897  INFO -start up success,channel state = RUN
2022-07-25 18:27:05.897  INFO -step index change:ChnDataPack [chnIndex=6, voltage=3661.4764474138897, backupVoltage=0.0, powerVoltage=0.0, current=0.0, capacity=0.0, stepElapsedTime=0, loopIndex=0, stepIndex=0, alertCode=NORMAL, state=STOP, workMode=SLEEP, important=false, alertVolt=0.0, alertCurrent=0.0, alertTime=0]
2022-07-25 18:27:14.618  INFO -create startup init Data
2022-07-25 18:27:14.894  INFO -channel opt start miliseconds = 1658744834619
2022-07-25 18:27:14.894  INFO -attempt to FORMATION channel,attempt :0,ChnDataPack [chnIndex=6, voltage=3661.4764474138897, backupVoltage=0.0, powerVoltage=0.0, current=0.0, capacity=0.0, stepElapsedTime=7123, loopIndex=1, stepIndex=1, alertCode=NORMAL, state=RUNNING, workMode=SLEEP, important=false, alertVolt=0.0, alertCurrent=0.0, alertTime=0]
2022-07-25 18:27:14.895  INFO -resume ok
2022-07-25 18:27:14.895  INFO -start up success,channel state = RUN
2022-07-25 18:27:17.899  INFO -step index change:ChnDataPack [chnIndex=6, voltage=3661.4764474138897, backupVoltage=0.0, powerVoltage=0.0, current=4000.0, capacity=0.0, stepElapsedTime=0, loopIndex=1, stepIndex=2, alertCode=NORMAL, state=RUNNING, workMode=DC, important=false, alertVolt=3661.4764474138897, alertCurrent=0.0, alertTime=10128]
2022-07-25 18:27:17.899  INFO -set lead sync count = 2
2022-07-25 18:27:17.900  INFO -channel next step :1-2
2022-07-25 18:27:17.900  INFO -rawData = ChnDataPack [chnIndex=6, voltage=3661.4764474138897, backupVoltage=0.0, powerVoltage=0.0, current=4000.0, capacity=0.0, stepElapsedTime=0, loopIndex=1, stepIndex=2, alertCode=NORMAL, state=RUNNING, workMode=DC, important=true, alertVolt=3661.4764474138897, alertCurrent=0.0, alertTime=10128]
2022-07-25 18:27:17.900  INFO -skip to stepIndex = 2,loopIndex = 1,total seconds=10011
2022-07-25 18:27:54.900  INFO -step index change:ChnDataPack [chnIndex=6, voltage=3649.9651109415945, backupVoltage=0.0, powerVoltage=0.0, current=0.0, capacity=0.0, stepElapsedTime=0, loopIndex=1, stepIndex=3, alertCode=NORMAL, state=RUNNING, workMode=SLEEP, important=false, alertVolt=3649.9651109415945, alertCurrent=4000.2299506773625, alertTime=37001]
2022-07-25 18:27:54.900  INFO -set lead sync count = 2
2022-07-25 18:27:54.900  INFO -channel next step :1-3
2022-07-25 18:27:54.900  INFO -rawData = ChnDataPack [chnIndex=6, voltage=3649.9651109415945, backupVoltage=0.0, powerVoltage=0.0, current=0.0, capacity=0.0, stepElapsedTime=0, loopIndex=1, stepIndex=3, alertCode=NORMAL, state=RUNNING, workMode=SLEEP, important=true, alertVolt=3649.9651109415945, alertCurrent=4000.2299506773625, alertTime=37001]
2022-07-25 18:27:54.900  INFO -skip to stepIndex = 3,loopIndex = 1,total seconds=37000
2022-07-25 18:28:05.900  INFO -step index change:ChnDataPack [chnIndex=6, voltage=3649.9651109415945, backupVoltage=0.0, powerVoltage=0.0, current=2500.0, capacity=0.0, stepElapsedTime=0, loopIndex=1, stepIndex=4, alertCode=NORMAL, state=RUNNING, workMode=CC, important=false, alertVolt=3649.9651109415945, alertCurrent=0.0, alertTime=10994]
2022-07-25 18:28:05.900  INFO -set lead sync count = 2
2022-07-25 18:28:05.900  INFO -channel next step :1-4
2022-07-25 18:28:05.900  INFO -rawData = ChnDataPack [chnIndex=6, voltage=3649.9651109415945, backupVoltage=0.0, powerVoltage=0.0, current=2500.0, capacity=0.0, stepElapsedTime=0, loopIndex=1, stepIndex=4, alertCode=NORMAL, state=RUNNING, workMode=CC, important=true, alertVolt=3649.9651109415945, alertCurrent=0.0, alertTime=10994]
2022-07-25 18:28:05.900  INFO -skip to stepIndex = 4,loopIndex = 1,total seconds=11000
2022-07-25 18:45:54.903  INFO -step index change:ChnDataPack [chnIndex=6, voltage=3836.865051993643, backupVoltage=0.0, powerVoltage=0.0, current=0.0, capacity=0.0, stepElapsedTime=0, loopIndex=0, stepIndex=0, alertCode=NORMAL, state=STOP, workMode=SLEEP, important=false, alertVolt=0.0, alertCurrent=0.0, alertTime=0]
