2022-07-25 17:44:43.720  INFO -cancel sync mode
2022-07-25 17:44:44.904  INFO -channel opt start miliseconds = 1658742283935
2022-07-25 17:44:44.904  INFO -attempt to STARTUP channel,attempt :0,ChnDataPack [chnIndex=8, voltage=3800.0, backupVoltage=0.0, powerVoltage=0.0, current=0.0, capacity=0.0, stepElapsedTime=811, loopIndex=1, stepIndex=1, alertCode=NORMAL, state=RUNNING, workMode=SLEEP, important=false, alertVolt=0.0, alertCurrent=0.0, alertTime=0]
2022-07-25 17:44:44.904  INFO -start up success,channel state = RUN
2022-07-25 17:44:54.919  INFO -step index change:ChnDataPack [chnIndex=8, voltage=3800.0, backupVoltage=0.0, powerVoltage=0.0, current=4000.0, capacity=0.0, stepElapsedTime=0, loopIndex=1, stepIndex=2, alertCode=NORMAL, state=RUNNING, workMode=DC, important=false, alertVolt=3800.0, alertCurrent=0.0, alertTime=10808]
2022-07-25 17:44:54.919  INFO -set lead sync count = 2
2022-07-25 17:44:54.919  INFO -channel next step :1-2
2022-07-25 17:44:54.919  INFO -rawData = ChnDataPack [chnIndex=8, voltage=3800.0, backupVoltage=0.0, powerVoltage=0.0, current=4000.0, capacity=0.0, stepElapsedTime=0, loopIndex=1, stepIndex=2, alertCode=NORMAL, state=RUNNING, workMode=DC, important=true, alertVolt=3800.0, alertCurrent=0.0, alertTime=10808]
2022-07-25 17:44:54.919  INFO -skip to stepIndex = 2,loopIndex = 1,total seconds=10013
2022-07-25 17:45:08.295  INFO -stop step
2022-07-25 17:45:08.892  INFO -step index change:ChnDataPack [chnIndex=8, voltage=3795.955474545625, backupVoltage=0.0, powerVoltage=0.0, current=0.0, capacity=0.0, stepElapsedTime=0, loopIndex=0, stepIndex=0, alertCode=NORMAL, state=STOP, workMode=SLEEP, important=false, alertVolt=0.0, alertCurrent=0.0, alertTime=0]
2022-07-25 17:46:51.114  INFO -cancel sync mode
2022-07-25 17:46:51.906  INFO -channel opt start miliseconds = 1658742411318
2022-07-25 17:46:51.906  INFO -attempt to STARTUP channel,attempt :0,ChnDataPack [chnIndex=8, voltage=3795.955474545625, backupVoltage=0.0, powerVoltage=0.0, current=0.0, capacity=0.0, stepElapsedTime=431, loopIndex=1, stepIndex=1, alertCode=NORMAL, state=RUNNING, workMode=SLEEP, important=false, alertVolt=0.0, alertCurrent=0.0, alertTime=0]
2022-07-25 17:46:51.906  INFO -start up success,channel state = RUN
2022-07-25 17:47:01.895  INFO -step index change:ChnDataPack [chnIndex=8, voltage=3795.955474545625, backupVoltage=0.0, powerVoltage=0.0, current=4000.0, capacity=0.0, stepElapsedTime=0, loopIndex=1, stepIndex=2, alertCode=NORMAL, state=RUNNING, workMode=DC, important=false, alertVolt=3795.955474545625, alertCurrent=0.0, alertTime=10433]
2022-07-25 17:47:01.895  INFO -set lead sync count = 2
2022-07-25 17:47:01.896  INFO -channel next step :1-2
2022-07-25 17:47:01.896  INFO -rawData = ChnDataPack [chnIndex=8, voltage=3795.955474545625, backupVoltage=0.0, powerVoltage=0.0, current=4000.0, capacity=0.0, stepElapsedTime=0, loopIndex=1, stepIndex=2, alertCode=NORMAL, state=RUNNING, workMode=DC, important=true, alertVolt=3795.955474545625, alertCurrent=0.0, alertTime=10433]
2022-07-25 17:47:01.896  INFO -skip to stepIndex = 2,loopIndex = 1,total seconds=9989
2022-07-25 17:54:51.895  INFO -step index change:ChnDataPack [chnIndex=8, voltage=3649.734309923231, backupVoltage=0.0, powerVoltage=0.0, current=0.0, capacity=0.0, stepElapsedTime=0, loopIndex=1, stepIndex=3, alertCode=NORMAL, state=RUNNING, workMode=SLEEP, important=false, alertVolt=3649.734309923231, alertCurrent=4000.046720763387, alertTime=470000]
2022-07-25 17:54:51.895  INFO -set lead sync count = 2
2022-07-25 17:54:51.895  INFO -channel next step :1-3
2022-07-25 17:54:51.895  INFO -rawData = ChnDataPack [chnIndex=8, voltage=3649.734309923231, backupVoltage=0.0, powerVoltage=0.0, current=0.0, capacity=0.0, stepElapsedTime=0, loopIndex=1, stepIndex=3, alertCode=NORMAL, state=RUNNING, workMode=SLEEP, important=true, alertVolt=3649.734309923231, alertCurrent=4000.046720763387, alertTime=470000]
2022-07-25 17:54:51.895  INFO -skip to stepIndex = 3,loopIndex = 1,total seconds=469999
2022-07-25 17:55:02.903  INFO -step index change:ChnDataPack [chnIndex=8, voltage=3649.734309923231, backupVoltage=0.0, powerVoltage=0.0, current=2500.0, capacity=0.0, stepElapsedTime=0, loopIndex=1, stepIndex=4, alertCode=NORMAL, state=RUNNING, workMode=CC, important=false, alertVolt=3649.734309923231, alertCurrent=0.0, alertTime=10988]
2022-07-25 17:55:02.903  INFO -set lead sync count = 2
2022-07-25 17:55:02.903  INFO -channel next step :1-4
2022-07-25 17:55:02.903  INFO -rawData = ChnDataPack [chnIndex=8, voltage=3649.734309923231, backupVoltage=0.0, powerVoltage=0.0, current=2500.0, capacity=0.0, stepElapsedTime=0, loopIndex=1, stepIndex=4, alertCode=NORMAL, state=RUNNING, workMode=CC, important=true, alertVolt=3649.734309923231, alertCurrent=0.0, alertTime=10988]
2022-07-25 17:55:02.904  INFO -skip to stepIndex = 4,loopIndex = 1,total seconds=11008
2022-07-25 17:59:47.244  INFO -stop step
2022-07-25 17:59:47.903  INFO -step index change:ChnDataPack [chnIndex=8, voltage=3699.4353634954955, backupVoltage=0.0, powerVoltage=0.0, current=0.0, capacity=0.0, stepElapsedTime=0, loopIndex=0, stepIndex=0, alertCode=NORMAL, state=STOP, workMode=SLEEP, important=false, alertVolt=0.0, alertCurrent=0.0, alertTime=0]
2022-07-25 18:05:23.311  INFO -cancel sync mode
2022-07-25 18:05:23.900  INFO -channel opt start miliseconds = 1658743523526
2022-07-25 18:05:23.900  INFO -attempt to STARTUP channel,attempt :0,ChnDataPack [chnIndex=8, voltage=3699.4353634954955, backupVoltage=0.0, powerVoltage=0.0, current=0.0, capacity=0.0, stepElapsedTime=215, loopIndex=1, stepIndex=1, alertCode=NORMAL, state=RUNNING, workMode=SLEEP, important=false, alertVolt=0.0, alertCurrent=0.0, alertTime=0]
2022-07-25 18:05:23.901  INFO -start up success,channel state = RUN
2022-07-25 18:05:33.903  INFO -step index change:ChnDataPack [chnIndex=8, voltage=3699.4353634954955, backupVoltage=0.0, powerVoltage=0.0, current=4000.0, capacity=0.0, stepElapsedTime=0, loopIndex=1, stepIndex=2, alertCode=NORMAL, state=RUNNING, workMode=DC, important=false, alertVolt=3699.4353634954955, alertCurrent=0.0, alertTime=10214]
2022-07-25 18:05:33.903  INFO -set lead sync count = 2
2022-07-25 18:05:33.903  INFO -channel next step :1-2
2022-07-25 18:05:33.903  INFO -rawData = ChnDataPack [chnIndex=8, voltage=3699.4353634954955, backupVoltage=0.0, powerVoltage=0.0, current=4000.0, capacity=0.0, stepElapsedTime=0, loopIndex=1, stepIndex=2, alertCode=NORMAL, state=RUNNING, workMode=DC, important=true, alertVolt=3699.4353634954955, alertCurrent=0.0, alertTime=10214]
2022-07-25 18:05:33.903  INFO -skip to stepIndex = 2,loopIndex = 1,total seconds=10002
2022-07-25 18:07:36.446  INFO -stop step
2022-07-25 18:07:36.899  INFO -step index change:ChnDataPack [chnIndex=8, voltage=3661.4790539698492, backupVoltage=0.0, powerVoltage=0.0, current=0.0, capacity=0.0, stepElapsedTime=0, loopIndex=0, stepIndex=0, alertCode=NORMAL, state=STOP, workMode=SLEEP, important=false, alertVolt=0.0, alertCurrent=0.0, alertTime=0]
2022-07-25 18:26:56.701  INFO -cancel sync mode
2022-07-25 18:26:57.897  INFO -channel opt start miliseconds = 1658744816905
2022-07-25 18:26:57.897  INFO -attempt to STARTUP channel,attempt :0,ChnDataPack [chnIndex=8, voltage=3661.4790539698492, backupVoltage=0.0, powerVoltage=0.0, current=0.0, capacity=0.0, stepElapsedTime=836, loopIndex=1, stepIndex=1, alertCode=NORMAL, state=RUNNING, workMode=SLEEP, important=false, alertVolt=0.0, alertCurrent=0.0, alertTime=0]
2022-07-25 18:26:57.897  INFO -start up success,channel state = RUN
2022-07-25 18:27:05.898  INFO -step index change:ChnDataPack [chnIndex=8, voltage=3661.4790539698492, backupVoltage=0.0, powerVoltage=0.0, current=0.0, capacity=0.0, stepElapsedTime=0, loopIndex=0, stepIndex=0, alertCode=NORMAL, state=STOP, workMode=SLEEP, important=false, alertVolt=0.0, alertCurrent=0.0, alertTime=0]
2022-07-25 18:27:14.618  INFO -create startup init Data
2022-07-25 18:27:14.895  INFO -channel opt start miliseconds = 1658744834619
2022-07-25 18:27:14.895  INFO -attempt to FORMATION channel,attempt :0,ChnDataPack [chnIndex=8, voltage=3661.4790539698492, backupVoltage=0.0, powerVoltage=0.0, current=0.0, capacity=0.0, stepElapsedTime=7122, loopIndex=1, stepIndex=1, alertCode=NORMAL, state=RUNNING, workMode=SLEEP, important=false, alertVolt=0.0, alertCurrent=0.0, alertTime=0]
2022-07-25 18:27:14.895  INFO -resume ok
2022-07-25 18:27:14.895  INFO -start up success,channel state = RUN
2022-07-25 18:27:17.902  INFO -step index change:ChnDataPack [chnIndex=8, voltage=3661.4790539698492, backupVoltage=0.0, powerVoltage=0.0, current=4000.0, capacity=0.0, stepElapsedTime=0, loopIndex=1, stepIndex=2, alertCode=NORMAL, state=RUNNING, workMode=DC, important=false, alertVolt=3661.4790539698492, alertCurrent=0.0, alertTime=10127]
2022-07-25 18:27:17.902  INFO -set lead sync count = 2
2022-07-25 18:27:17.902  INFO -channel next step :1-2
2022-07-25 18:27:17.902  INFO -rawData = ChnDataPack [chnIndex=8, voltage=3661.4790539698492, backupVoltage=0.0, powerVoltage=0.0, current=4000.0, capacity=0.0, stepElapsedTime=0, loopIndex=1, stepIndex=2, alertCode=NORMAL, state=RUNNING, workMode=DC, important=true, alertVolt=3661.4790539698492, alertCurrent=0.0, alertTime=10127]
2022-07-25 18:27:17.902  INFO -skip to stepIndex = 2,loopIndex = 1,total seconds=10012
2022-07-25 18:27:54.900  INFO -step index change:ChnDataPack [chnIndex=8, voltage=3649.96812005299, backupVoltage=0.0, powerVoltage=0.0, current=0.0, capacity=0.0, stepElapsedTime=0, loopIndex=1, stepIndex=3, alertCode=NORMAL, state=RUNNING, workMode=SLEEP, important=false, alertVolt=3649.96812005299, alertCurrent=4000.2855270480118, alertTime=37001]
2022-07-25 18:27:54.900  INFO -set lead sync count = 2
2022-07-25 18:27:54.900  INFO -channel next step :1-3
2022-07-25 18:27:54.900  INFO -rawData = ChnDataPack [chnIndex=8, voltage=3649.96812005299, backupVoltage=0.0, powerVoltage=0.0, current=0.0, capacity=0.0, stepElapsedTime=0, loopIndex=1, stepIndex=3, alertCode=NORMAL, state=RUNNING, workMode=SLEEP, important=true, alertVolt=3649.96812005299, alertCurrent=4000.2855270480118, alertTime=37001]
2022-07-25 18:27:54.900  INFO -skip to stepIndex = 3,loopIndex = 1,total seconds=36998
2022-07-25 18:28:05.900  INFO -step index change:ChnDataPack [chnIndex=8, voltage=3649.96812005299, backupVoltage=0.0, powerVoltage=0.0, current=2500.0, capacity=0.0, stepElapsedTime=0, loopIndex=1, stepIndex=4, alertCode=NORMAL, state=RUNNING, workMode=CC, important=false, alertVolt=3649.96812005299, alertCurrent=0.0, alertTime=10994]
2022-07-25 18:28:05.900  INFO -set lead sync count = 2
2022-07-25 18:28:05.900  INFO -channel next step :1-4
2022-07-25 18:28:05.901  INFO -rawData = ChnDataPack [chnIndex=8, voltage=3649.96812005299, backupVoltage=0.0, powerVoltage=0.0, current=2500.0, capacity=0.0, stepElapsedTime=0, loopIndex=1, stepIndex=4, alertCode=NORMAL, state=RUNNING, workMode=CC, important=true, alertVolt=3649.96812005299, alertCurrent=0.0, alertTime=10994]
2022-07-25 18:28:05.901  INFO -skip to stepIndex = 4,loopIndex = 1,total seconds=11001
2022-07-25 18:45:54.903  INFO -step index change:ChnDataPack [chnIndex=8, voltage=3836.8679955927264, backupVoltage=0.0, powerVoltage=0.0, current=0.0, capacity=0.0, stepElapsedTime=0, loopIndex=0, stepIndex=0, alertCode=NORMAL, state=STOP, workMode=SLEEP, important=false, alertVolt=0.0, alertCurrent=0.0, alertTime=0]
