2022-07-25 17:44:43.504  INFO -cancel sync mode
2022-07-25 17:44:43.908  INFO -channel opt start miliseconds = 1658742283730
2022-07-25 17:44:43.908  INFO -attempt to STARTUP channel,attempt :0,ChnDataPack [chnIndex=7, voltage=3800.0, backupVoltage=0.0, powerVoltage=0.0, current=0.0, capacity=0.0, stepElapsedTime=34, loopIndex=1, stepIndex=1, alertCode=NORMAL, state=RUNNING, workMode=SLEEP, important=false, alertVolt=0.0, alertCurrent=0.0, alertTime=0]
2022-07-25 17:44:43.908  INFO -start up success,channel state = RUN
2022-07-25 17:44:53.912  INFO -step index change:ChnDataPack [chnIndex=7, voltage=3800.0, backupVoltage=0.0, powerVoltage=0.0, current=4000.0, capacity=0.0, stepElapsedTime=0, loopIndex=1, stepIndex=2, alertCode=NORMAL, state=RUNNING, workMode=DC, important=false, alertVolt=3800.0, alertCurrent=0.0, alertTime=10028]
2022-07-25 17:44:53.913  INFO -set lead sync count = 2
2022-07-25 17:44:53.913  INFO -channel next step :1-2
2022-07-25 17:44:53.913  INFO -rawData = ChnDataPack [chnIndex=7, voltage=3800.0, backupVoltage=0.0, powerVoltage=0.0, current=4000.0, capacity=0.0, stepElapsedTime=0, loopIndex=1, stepIndex=2, alertCode=NORMAL, state=RUNNING, workMode=DC, important=true, alertVolt=3800.0, alertCurrent=0.0, alertTime=10028]
2022-07-25 17:44:53.913  INFO -skip to stepIndex = 2,loopIndex = 1,total seconds=10004
2022-07-25 17:45:08.290  INFO -stop step
2022-07-25 17:45:08.905  INFO -step index change:ChnDataPack [chnIndex=7, voltage=3795.64462698412, backupVoltage=0.0, powerVoltage=0.0, current=0.0, capacity=0.0, stepElapsedTime=0, loopIndex=0, stepIndex=0, alertCode=NORMAL, state=STOP, workMode=SLEEP, important=false, alertVolt=0.0, alertCurrent=0.0, alertTime=0]
2022-07-25 17:46:50.914  INFO -cancel sync mode
2022-07-25 17:46:51.905  INFO -channel opt start miliseconds = 1658742411114
2022-07-25 17:46:51.905  INFO -attempt to STARTUP channel,attempt :0,ChnDataPack [chnIndex=7, voltage=3795.64462698412, backupVoltage=0.0, powerVoltage=0.0, current=0.0, capacity=0.0, stepElapsedTime=635, loopIndex=1, stepIndex=1, alertCode=NORMAL, state=RUNNING, workMode=SLEEP, important=false, alertVolt=0.0, alertCurrent=0.0, alertTime=0]
2022-07-25 17:46:51.905  INFO -start up success,channel state = RUN
2022-07-25 17:47:01.895  INFO -step index change:ChnDataPack [chnIndex=7, voltage=3795.64462698412, backupVoltage=0.0, powerVoltage=0.0, current=4000.0, capacity=0.0, stepElapsedTime=0, loopIndex=1, stepIndex=2, alertCode=NORMAL, state=RUNNING, workMode=DC, important=false, alertVolt=3795.64462698412, alertCurrent=0.0, alertTime=10637]
2022-07-25 17:47:01.895  INFO -set lead sync count = 2
2022-07-25 17:47:01.895  INFO -channel next step :1-2
2022-07-25 17:47:01.895  INFO -rawData = ChnDataPack [chnIndex=7, voltage=3795.64462698412, backupVoltage=0.0, powerVoltage=0.0, current=4000.0, capacity=0.0, stepElapsedTime=0, loopIndex=1, stepIndex=2, alertCode=NORMAL, state=RUNNING, workMode=DC, important=true, alertVolt=3795.64462698412, alertCurrent=0.0, alertTime=10637]
2022-07-25 17:47:01.895  INFO -skip to stepIndex = 2,loopIndex = 1,total seconds=9990
2022-07-25 17:54:50.904  INFO -step index change:ChnDataPack [chnIndex=7, voltage=3649.734237422075, backupVoltage=0.0, powerVoltage=0.0, current=0.0, capacity=0.0, stepElapsedTime=0, loopIndex=1, stepIndex=3, alertCode=NORMAL, state=RUNNING, workMode=SLEEP, important=false, alertVolt=3649.734237422075, alertCurrent=4000.522452329656, alertTime=468992]
2022-07-25 17:54:50.905  INFO -set lead sync count = 2
2022-07-25 17:54:50.905  INFO -channel next step :1-3
2022-07-25 17:54:50.905  INFO -rawData = ChnDataPack [chnIndex=7, voltage=3649.734237422075, backupVoltage=0.0, powerVoltage=0.0, current=0.0, capacity=0.0, stepElapsedTime=0, loopIndex=1, stepIndex=3, alertCode=NORMAL, state=RUNNING, workMode=SLEEP, important=true, alertVolt=3649.734237422075, alertCurrent=4000.522452329656, alertTime=468992]
2022-07-25 17:54:50.905  INFO -skip to stepIndex = 3,loopIndex = 1,total seconds=469010
2022-07-25 17:55:01.907  INFO -step index change:ChnDataPack [chnIndex=7, voltage=3649.734237422075, backupVoltage=0.0, powerVoltage=0.0, current=2500.0, capacity=0.0, stepElapsedTime=0, loopIndex=1, stepIndex=4, alertCode=NORMAL, state=RUNNING, workMode=CC, important=false, alertVolt=3649.734237422075, alertCurrent=0.0, alertTime=11001]
2022-07-25 17:55:01.907  INFO -set lead sync count = 2
2022-07-25 17:55:01.907  INFO -channel next step :1-4
2022-07-25 17:55:01.907  INFO -rawData = ChnDataPack [chnIndex=7, voltage=3649.734237422075, backupVoltage=0.0, powerVoltage=0.0, current=2500.0, capacity=0.0, stepElapsedTime=0, loopIndex=1, stepIndex=4, alertCode=NORMAL, state=RUNNING, workMode=CC, important=true, alertVolt=3649.734237422075, alertCurrent=0.0, alertTime=11001]
2022-07-25 17:55:01.907  INFO -skip to stepIndex = 4,loopIndex = 1,total seconds=11002
2022-07-25 17:59:47.239  INFO -stop step
2022-07-25 17:59:47.902  INFO -step index change:ChnDataPack [chnIndex=7, voltage=3699.6096242963113, backupVoltage=0.0, powerVoltage=0.0, current=0.0, capacity=0.0, stepElapsedTime=0, loopIndex=0, stepIndex=0, alertCode=NORMAL, state=STOP, workMode=SLEEP, important=false, alertVolt=0.0, alertCurrent=0.0, alertTime=0]
2022-07-25 18:05:23.103  INFO -cancel sync mode
2022-07-25 18:05:23.900  INFO -channel opt start miliseconds = 1658743523311
2022-07-25 18:05:23.900  INFO -attempt to STARTUP channel,attempt :0,ChnDataPack [chnIndex=7, voltage=3699.6096242963113, backupVoltage=0.0, powerVoltage=0.0, current=0.0, capacity=0.0, stepElapsedTime=430, loopIndex=1, stepIndex=1, alertCode=NORMAL, state=RUNNING, workMode=SLEEP, important=false, alertVolt=0.0, alertCurrent=0.0, alertTime=0]
2022-07-25 18:05:23.900  INFO -start up success,channel state = RUN
2022-07-25 18:05:33.903  INFO -step index change:ChnDataPack [chnIndex=7, voltage=3699.6096242963113, backupVoltage=0.0, powerVoltage=0.0, current=4000.0, capacity=0.0, stepElapsedTime=0, loopIndex=1, stepIndex=2, alertCode=NORMAL, state=RUNNING, workMode=DC, important=false, alertVolt=3699.6096242963113, alertCurrent=0.0, alertTime=10429]
2022-07-25 18:05:33.903  INFO -set lead sync count = 2
2022-07-25 18:05:33.903  INFO -channel next step :1-2
2022-07-25 18:05:33.903  INFO -rawData = ChnDataPack [chnIndex=7, voltage=3699.6096242963113, backupVoltage=0.0, powerVoltage=0.0, current=4000.0, capacity=0.0, stepElapsedTime=0, loopIndex=1, stepIndex=2, alertCode=NORMAL, state=RUNNING, workMode=DC, important=true, alertVolt=3699.6096242963113, alertCurrent=0.0, alertTime=10429]
2022-07-25 18:05:33.903  INFO -skip to stepIndex = 2,loopIndex = 1,total seconds=10002
2022-07-25 18:07:36.445  INFO -stop step
2022-07-25 18:07:36.898  INFO -step index change:ChnDataPack [chnIndex=7, voltage=3661.653524454801, backupVoltage=0.0, powerVoltage=0.0, current=0.0, capacity=0.0, stepElapsedTime=0, loopIndex=0, stepIndex=0, alertCode=NORMAL, state=STOP, workMode=SLEEP, important=false, alertVolt=0.0, alertCurrent=0.0, alertTime=0]
2022-07-25 18:26:56.486  INFO -cancel sync mode
2022-07-25 18:26:56.906  INFO -channel opt start miliseconds = 1658744816701
2022-07-25 18:26:56.906  INFO -attempt to STARTUP channel,attempt :0,ChnDataPack [chnIndex=7, voltage=3661.653524454801, backupVoltage=0.0, powerVoltage=0.0, current=0.0, capacity=0.0, stepElapsedTime=48, loopIndex=1, stepIndex=1, alertCode=NORMAL, state=RUNNING, workMode=SLEEP, important=false, alertVolt=0.0, alertCurrent=0.0, alertTime=0]
2022-07-25 18:26:56.906  INFO -start up success,channel state = RUN
2022-07-25 18:27:05.898  INFO -step index change:ChnDataPack [chnIndex=7, voltage=3661.653524454801, backupVoltage=0.0, powerVoltage=0.0, current=0.0, capacity=0.0, stepElapsedTime=0, loopIndex=0, stepIndex=0, alertCode=NORMAL, state=STOP, workMode=SLEEP, important=false, alertVolt=0.0, alertCurrent=0.0, alertTime=0]
2022-07-25 18:27:14.618  INFO -create startup init Data
2022-07-25 18:27:14.894  INFO -channel opt start miliseconds = 1658744834619
2022-07-25 18:27:14.894  INFO -attempt to FORMATION channel,attempt :0,ChnDataPack [chnIndex=7, voltage=3661.653524454801, backupVoltage=0.0, powerVoltage=0.0, current=0.0, capacity=0.0, stepElapsedTime=8114, loopIndex=1, stepIndex=1, alertCode=NORMAL, state=RUNNING, workMode=SLEEP, important=false, alertVolt=0.0, alertCurrent=0.0, alertTime=0]
2022-07-25 18:27:14.895  INFO -resume ok
2022-07-25 18:27:14.895  INFO -start up success,channel state = RUN
2022-07-25 18:27:16.901  INFO -step index change:ChnDataPack [chnIndex=7, voltage=3661.653524454801, backupVoltage=0.0, powerVoltage=0.0, current=4000.0, capacity=0.0, stepElapsedTime=0, loopIndex=1, stepIndex=2, alertCode=NORMAL, state=RUNNING, workMode=DC, important=false, alertVolt=3661.653524454801, alertCurrent=0.0, alertTime=10122]
2022-07-25 18:27:16.901  INFO -set lead sync count = 2
2022-07-25 18:27:16.901  INFO -channel next step :1-2
2022-07-25 18:27:16.901  INFO -rawData = ChnDataPack [chnIndex=7, voltage=3661.653524454801, backupVoltage=0.0, powerVoltage=0.0, current=4000.0, capacity=0.0, stepElapsedTime=0, loopIndex=1, stepIndex=2, alertCode=NORMAL, state=RUNNING, workMode=DC, important=true, alertVolt=3661.653524454801, alertCurrent=0.0, alertTime=10122]
2022-07-25 18:27:16.901  INFO -skip to stepIndex = 2,loopIndex = 1,total seconds=10003
2022-07-25 18:27:54.900  INFO -step index change:ChnDataPack [chnIndex=7, voltage=3649.8315529854112, backupVoltage=0.0, powerVoltage=0.0, current=0.0, capacity=0.0, stepElapsedTime=0, loopIndex=1, stepIndex=3, alertCode=NORMAL, state=RUNNING, workMode=SLEEP, important=false, alertVolt=3649.8315529854112, alertCurrent=4000.722953583939, alertTime=37998]
2022-07-25 18:27:54.900  INFO -set lead sync count = 2
2022-07-25 18:27:54.900  INFO -channel next step :1-3
2022-07-25 18:27:54.900  INFO -rawData = ChnDataPack [chnIndex=7, voltage=3649.8315529854112, backupVoltage=0.0, powerVoltage=0.0, current=0.0, capacity=0.0, stepElapsedTime=0, loopIndex=1, stepIndex=3, alertCode=NORMAL, state=RUNNING, workMode=SLEEP, important=true, alertVolt=3649.8315529854112, alertCurrent=4000.722953583939, alertTime=37998]
2022-07-25 18:27:54.900  INFO -skip to stepIndex = 3,loopIndex = 1,total seconds=37999
2022-07-25 18:28:05.900  INFO -step index change:ChnDataPack [chnIndex=7, voltage=3649.8315529854112, backupVoltage=0.0, powerVoltage=0.0, current=2500.0, capacity=0.0, stepElapsedTime=0, loopIndex=1, stepIndex=4, alertCode=NORMAL, state=RUNNING, workMode=CC, important=false, alertVolt=3649.8315529854112, alertCurrent=0.0, alertTime=10994]
2022-07-25 18:28:05.900  INFO -set lead sync count = 2
2022-07-25 18:28:05.900  INFO -channel next step :1-4
2022-07-25 18:28:05.900  INFO -rawData = ChnDataPack [chnIndex=7, voltage=3649.8315529854112, backupVoltage=0.0, powerVoltage=0.0, current=2500.0, capacity=0.0, stepElapsedTime=0, loopIndex=1, stepIndex=4, alertCode=NORMAL, state=RUNNING, workMode=CC, important=true, alertVolt=3649.8315529854112, alertCurrent=0.0, alertTime=10994]
2022-07-25 18:28:05.900  INFO -skip to stepIndex = 4,loopIndex = 1,total seconds=11000
2022-07-25 18:45:54.903  INFO -step index change:ChnDataPack [chnIndex=7, voltage=3836.731431646417, backupVoltage=0.0, powerVoltage=0.0, current=0.0, capacity=0.0, stepElapsedTime=0, loopIndex=0, stepIndex=0, alertCode=NORMAL, state=STOP, workMode=SLEEP, important=false, alertVolt=0.0, alertCurrent=0.0, alertTime=0]
