2022-07-25 17:44:43.504  INFO -cancel sync mode
2022-07-25 17:44:43.907  INFO -channel opt start miliseconds = 1658742283730
2022-07-25 17:44:43.907  INFO -attempt to STARTUP channel,attempt :0,ChnDataPack [chnIndex=5, voltage=3800.0, backupVoltage=0.0, powerVoltage=0.0, current=0.0, capacity=0.0, stepElapsedTime=34, loopIndex=1, stepIndex=1, alertCode=NORMAL, state=RUNNING, workMode=SLEEP, important=false, alertVolt=0.0, alertCurrent=0.0, alertTime=0]
2022-07-25 17:44:43.907  INFO -start up success,channel state = RUN
2022-07-25 17:44:53.910  INFO -step index change:ChnDataPack [chnIndex=5, voltage=3800.0, backupVoltage=0.0, powerVoltage=0.0, current=4000.0, capacity=0.0, stepElapsedTime=0, loopIndex=1, stepIndex=2, alertCode=NORMAL, state=RUNNING, workMode=DC, important=false, alertVolt=3800.0, alertCurrent=0.0, alertTime=10028]
2022-07-25 17:44:53.910  INFO -set lead sync count = 2
2022-07-25 17:44:53.910  INFO -channel next step :1-2
2022-07-25 17:44:53.910  INFO -rawData = ChnDataPack [chnIndex=5, voltage=3800.0, backupVoltage=0.0, powerVoltage=0.0, current=4000.0, capacity=0.0, stepElapsedTime=0, loopIndex=1, stepIndex=2, alertCode=NORMAL, state=RUNNING, workMode=DC, important=true, alertVolt=3800.0, alertCurrent=0.0, alertTime=10028]
2022-07-25 17:44:53.910  INFO -skip to stepIndex = 2,loopIndex = 1,total seconds=10003
2022-07-25 17:45:08.289  INFO -stop step
2022-07-25 17:45:08.905  INFO -step index change:ChnDataPack [chnIndex=5, voltage=3795.6441789331625, backupVoltage=0.0, powerVoltage=0.0, current=0.0, capacity=0.0, stepElapsedTime=0, loopIndex=0, stepIndex=0, alertCode=NORMAL, state=STOP, workMode=SLEEP, important=false, alertVolt=0.0, alertCurrent=0.0, alertTime=0]
2022-07-25 17:46:50.913  INFO -cancel sync mode
2022-07-25 17:46:51.905  INFO -channel opt start miliseconds = 1658742411114
2022-07-25 17:46:51.905  INFO -attempt to STARTUP channel,attempt :0,ChnDataPack [chnIndex=5, voltage=3795.6441789331625, backupVoltage=0.0, powerVoltage=0.0, current=0.0, capacity=0.0, stepElapsedTime=635, loopIndex=1, stepIndex=1, alertCode=NORMAL, state=RUNNING, workMode=SLEEP, important=false, alertVolt=0.0, alertCurrent=0.0, alertTime=0]
2022-07-25 17:46:51.905  INFO -start up success,channel state = RUN
2022-07-25 17:47:01.895  INFO -step index change:ChnDataPack [chnIndex=5, voltage=3795.6441789331625, backupVoltage=0.0, powerVoltage=0.0, current=4000.0, capacity=0.0, stepElapsedTime=0, loopIndex=1, stepIndex=2, alertCode=NORMAL, state=RUNNING, workMode=DC, important=false, alertVolt=3795.6441789331625, alertCurrent=0.0, alertTime=10637]
2022-07-25 17:47:01.895  INFO -set lead sync count = 2
2022-07-25 17:47:01.895  INFO -channel next step :1-2
2022-07-25 17:47:01.895  INFO -rawData = ChnDataPack [chnIndex=5, voltage=3795.6441789331625, backupVoltage=0.0, powerVoltage=0.0, current=4000.0, capacity=0.0, stepElapsedTime=0, loopIndex=1, stepIndex=2, alertCode=NORMAL, state=RUNNING, workMode=DC, important=true, alertVolt=3795.6441789331625, alertCurrent=0.0, alertTime=10637]
2022-07-25 17:47:01.895  INFO -skip to stepIndex = 2,loopIndex = 1,total seconds=9990
2022-07-25 17:54:50.904  INFO -step index change:ChnDataPack [chnIndex=5, voltage=3649.7333289711555, backupVoltage=0.0, powerVoltage=0.0, current=0.0, capacity=0.0, stepElapsedTime=0, loopIndex=1, stepIndex=3, alertCode=NORMAL, state=RUNNING, workMode=SLEEP, important=false, alertVolt=3649.7333289711555, alertCurrent=3999.667314207072, alertTime=468992]
2022-07-25 17:54:50.904  INFO -set lead sync count = 2
2022-07-25 17:54:50.904  INFO -channel next step :1-3
2022-07-25 17:54:50.904  INFO -rawData = ChnDataPack [chnIndex=5, voltage=3649.7333289711555, backupVoltage=0.0, powerVoltage=0.0, current=0.0, capacity=0.0, stepElapsedTime=0, loopIndex=1, stepIndex=3, alertCode=NORMAL, state=RUNNING, workMode=SLEEP, important=true, alertVolt=3649.7333289711555, alertCurrent=3999.667314207072, alertTime=468992]
2022-07-25 17:54:50.904  INFO -skip to stepIndex = 3,loopIndex = 1,total seconds=469009
2022-07-25 17:55:01.906  INFO -step index change:ChnDataPack [chnIndex=5, voltage=3649.7333289711555, backupVoltage=0.0, powerVoltage=0.0, current=2500.0, capacity=0.0, stepElapsedTime=0, loopIndex=1, stepIndex=4, alertCode=NORMAL, state=RUNNING, workMode=CC, important=false, alertVolt=3649.7333289711555, alertCurrent=0.0, alertTime=11001]
2022-07-25 17:55:01.906  INFO -set lead sync count = 2
2022-07-25 17:55:01.906  INFO -channel next step :1-4
2022-07-25 17:55:01.906  INFO -rawData = ChnDataPack [chnIndex=5, voltage=3649.7333289711555, backupVoltage=0.0, powerVoltage=0.0, current=2500.0, capacity=0.0, stepElapsedTime=0, loopIndex=1, stepIndex=4, alertCode=NORMAL, state=RUNNING, workMode=CC, important=true, alertVolt=3649.7333289711555, alertCurrent=0.0, alertTime=11001]
2022-07-25 17:55:01.906  INFO -skip to stepIndex = 4,loopIndex = 1,total seconds=11002
2022-07-25 17:59:47.239  INFO -stop step
2022-07-25 17:59:47.902  INFO -step index change:ChnDataPack [chnIndex=5, voltage=3699.6086125406932, backupVoltage=0.0, powerVoltage=0.0, current=0.0, capacity=0.0, stepElapsedTime=0, loopIndex=0, stepIndex=0, alertCode=NORMAL, state=STOP, workMode=SLEEP, important=false, alertVolt=0.0, alertCurrent=0.0, alertTime=0]
2022-07-25 18:05:23.103  INFO -cancel sync mode
2022-07-25 18:05:23.898  INFO -channel opt start miliseconds = 1658743523311
2022-07-25 18:05:23.898  INFO -attempt to STARTUP channel,attempt :0,ChnDataPack [chnIndex=5, voltage=3699.6086125406932, backupVoltage=0.0, powerVoltage=0.0, current=0.0, capacity=0.0, stepElapsedTime=430, loopIndex=1, stepIndex=1, alertCode=NORMAL, state=RUNNING, workMode=SLEEP, important=false, alertVolt=0.0, alertCurrent=0.0, alertTime=0]
2022-07-25 18:05:23.900  INFO -start up success,channel state = RUN
2022-07-25 18:05:33.901  INFO -step index change:ChnDataPack [chnIndex=5, voltage=3699.6086125406932, backupVoltage=0.0, powerVoltage=0.0, current=4000.0, capacity=0.0, stepElapsedTime=0, loopIndex=1, stepIndex=2, alertCode=NORMAL, state=RUNNING, workMode=DC, important=false, alertVolt=3699.6086125406932, alertCurrent=0.0, alertTime=10429]
2022-07-25 18:05:33.901  INFO -set lead sync count = 2
2022-07-25 18:05:33.902  INFO -channel next step :1-2
2022-07-25 18:05:33.902  INFO -rawData = ChnDataPack [chnIndex=5, voltage=3699.6086125406932, backupVoltage=0.0, powerVoltage=0.0, current=4000.0, capacity=0.0, stepElapsedTime=0, loopIndex=1, stepIndex=2, alertCode=NORMAL, state=RUNNING, workMode=DC, important=true, alertVolt=3699.6086125406932, alertCurrent=0.0, alertTime=10429]
2022-07-25 18:05:33.902  INFO -skip to stepIndex = 2,loopIndex = 1,total seconds=10002
2022-07-25 18:07:36.445  INFO -stop step
2022-07-25 18:07:36.898  INFO -step index change:ChnDataPack [chnIndex=5, voltage=3661.6528043986027, backupVoltage=0.0, powerVoltage=0.0, current=0.0, capacity=0.0, stepElapsedTime=0, loopIndex=0, stepIndex=0, alertCode=NORMAL, state=STOP, workMode=SLEEP, important=false, alertVolt=0.0, alertCurrent=0.0, alertTime=0]
2022-07-25 18:26:56.486  INFO -cancel sync mode
2022-07-25 18:26:56.906  INFO -channel opt start miliseconds = 1658744816701
2022-07-25 18:26:56.906  INFO -attempt to STARTUP channel,attempt :0,ChnDataPack [chnIndex=5, voltage=3661.6528043986027, backupVoltage=0.0, powerVoltage=0.0, current=0.0, capacity=0.0, stepElapsedTime=48, loopIndex=1, stepIndex=1, alertCode=NORMAL, state=RUNNING, workMode=SLEEP, important=false, alertVolt=0.0, alertCurrent=0.0, alertTime=0]
2022-07-25 18:26:56.906  INFO -start up success,channel state = RUN
2022-07-25 18:27:05.898  INFO -step index change:ChnDataPack [chnIndex=5, voltage=3661.6528043986027, backupVoltage=0.0, powerVoltage=0.0, current=0.0, capacity=0.0, stepElapsedTime=0, loopIndex=0, stepIndex=0, alertCode=NORMAL, state=STOP, workMode=SLEEP, important=false, alertVolt=0.0, alertCurrent=0.0, alertTime=0]
2022-07-25 18:27:14.618  INFO -create startup init Data
2022-07-25 18:27:14.894  INFO -channel opt start miliseconds = 1658744834619
2022-07-25 18:27:14.894  INFO -attempt to FORMATION channel,attempt :0,ChnDataPack [chnIndex=5, voltage=3661.6528043986027, backupVoltage=0.0, powerVoltage=0.0, current=0.0, capacity=0.0, stepElapsedTime=8114, loopIndex=1, stepIndex=1, alertCode=NORMAL, state=RUNNING, workMode=SLEEP, important=false, alertVolt=0.0, alertCurrent=0.0, alertTime=0]
2022-07-25 18:27:14.894  INFO -resume ok
2022-07-25 18:27:14.894  INFO -start up success,channel state = RUN
2022-07-25 18:27:16.900  INFO -step index change:ChnDataPack [chnIndex=5, voltage=3661.6528043986027, backupVoltage=0.0, powerVoltage=0.0, current=4000.0, capacity=0.0, stepElapsedTime=0, loopIndex=1, stepIndex=2, alertCode=NORMAL, state=RUNNING, workMode=DC, important=false, alertVolt=3661.6528043986027, alertCurrent=0.0, alertTime=10122]
2022-07-25 18:27:16.900  INFO -set lead sync count = 2
2022-07-25 18:27:16.900  INFO -channel next step :1-2
2022-07-25 18:27:16.900  INFO -rawData = ChnDataPack [chnIndex=5, voltage=3661.6528043986027, backupVoltage=0.0, powerVoltage=0.0, current=4000.0, capacity=0.0, stepElapsedTime=0, loopIndex=1, stepIndex=2, alertCode=NORMAL, state=RUNNING, workMode=DC, important=true, alertVolt=3661.6528043986027, alertCurrent=0.0, alertTime=10122]
2022-07-25 18:27:16.900  INFO -skip to stepIndex = 2,loopIndex = 1,total seconds=10003
2022-07-25 18:27:54.899  INFO -step index change:ChnDataPack [chnIndex=5, voltage=3649.8307660012583, backupVoltage=0.0, powerVoltage=0.0, current=0.0, capacity=0.0, stepElapsedTime=0, loopIndex=1, stepIndex=3, alertCode=NORMAL, state=RUNNING, workMode=SLEEP, important=false, alertVolt=3649.8307660012583, alertCurrent=4000.3324675654308, alertTime=37998]
2022-07-25 18:27:54.899  INFO -set lead sync count = 2
2022-07-25 18:27:54.899  INFO -channel next step :1-3
2022-07-25 18:27:54.899  INFO -rawData = ChnDataPack [chnIndex=5, voltage=3649.8307660012583, backupVoltage=0.0, powerVoltage=0.0, current=0.0, capacity=0.0, stepElapsedTime=0, loopIndex=1, stepIndex=3, alertCode=NORMAL, state=RUNNING, workMode=SLEEP, important=true, alertVolt=3649.8307660012583, alertCurrent=4000.3324675654308, alertTime=37998]
2022-07-25 18:27:54.899  INFO -skip to stepIndex = 3,loopIndex = 1,total seconds=37999
2022-07-25 18:28:05.899  INFO -step index change:ChnDataPack [chnIndex=5, voltage=3649.8307660012583, backupVoltage=0.0, powerVoltage=0.0, current=2500.0, capacity=0.0, stepElapsedTime=0, loopIndex=1, stepIndex=4, alertCode=NORMAL, state=RUNNING, workMode=CC, important=false, alertVolt=3649.8307660012583, alertCurrent=0.0, alertTime=10994]
2022-07-25 18:28:05.899  INFO -set lead sync count = 2
2022-07-25 18:28:05.899  INFO -channel next step :1-4
2022-07-25 18:28:05.899  INFO -rawData = ChnDataPack [chnIndex=5, voltage=3649.8307660012583, backupVoltage=0.0, powerVoltage=0.0, current=2500.0, capacity=0.0, stepElapsedTime=0, loopIndex=1, stepIndex=4, alertCode=NORMAL, state=RUNNING, workMode=CC, important=true, alertVolt=3649.8307660012583, alertCurrent=0.0, alertTime=10994]
2022-07-25 18:28:05.899  INFO -skip to stepIndex = 4,loopIndex = 1,total seconds=11000
2022-07-25 18:45:54.903  INFO -step index change:ChnDataPack [chnIndex=5, voltage=3836.731964775553, backupVoltage=0.0, powerVoltage=0.0, current=0.0, capacity=0.0, stepElapsedTime=0, loopIndex=0, stepIndex=0, alertCode=NORMAL, state=STOP, workMode=SLEEP, important=false, alertVolt=0.0, alertCurrent=0.0, alertTime=0]
