2022-07-25 17:44:43.722  INFO -cancel sync mode
2022-07-25 17:44:44.910  INFO -channel opt start miliseconds = 1658742283935
2022-07-25 17:44:44.911  INFO -attempt to STARTUP channel,attempt :0,ChnDataPack [chnIndex=15, voltage=3800.0, backupVoltage=0.0, powerVoltage=0.0, current=0.0, capacity=0.0, stepElapsedTime=811, loopIndex=1, stepIndex=1, alertCode=NORMAL, state=RUNNING, workMode=SLEEP, important=false, alertVolt=0.0, alertCurrent=0.0, alertTime=0]
2022-07-25 17:44:44.911  INFO -start up success,channel state = RUN
2022-07-25 17:44:54.924  INFO -step index change:ChnDataPack [chnIndex=15, voltage=3800.0, backupVoltage=0.0, powerVoltage=0.0, current=4000.0, capacity=0.0, stepElapsedTime=0, loopIndex=1, stepIndex=2, alertCode=NORMAL, state=RUNNING, workMode=DC, important=false, alertVolt=3800.0, alertCurrent=0.0, alertTime=10808]
2022-07-25 17:44:54.924  INFO -set lead sync count = 2
2022-07-25 17:44:54.924  INFO -channel next step :1-2
2022-07-25 17:44:54.924  INFO -rawData = ChnDataPack [chnIndex=15, voltage=3800.0, backupVoltage=0.0, powerVoltage=0.0, current=4000.0, capacity=0.0, stepElapsedTime=0, loopIndex=1, stepIndex=2, alertCode=NORMAL, state=RUNNING, workMode=DC, important=true, alertVolt=3800.0, alertCurrent=0.0, alertTime=10808]
2022-07-25 17:44:54.925  INFO -skip to stepIndex = 2,loopIndex = 1,total seconds=10014
2022-07-25 17:45:08.296  INFO -stop step
2022-07-25 17:45:08.892  INFO -step index change:ChnDataPack [chnIndex=15, voltage=3795.955313536499, backupVoltage=0.0, powerVoltage=0.0, current=0.0, capacity=0.0, stepElapsedTime=0, loopIndex=0, stepIndex=0, alertCode=NORMAL, state=STOP, workMode=SLEEP, important=false, alertVolt=0.0, alertCurrent=0.0, alertTime=0]
2022-07-25 17:46:51.114  INFO -cancel sync mode
2022-07-25 17:46:51.907  INFO -channel opt start miliseconds = 1658742411318
2022-07-25 17:46:51.908  INFO -attempt to STARTUP channel,attempt :0,ChnDataPack [chnIndex=15, voltage=3795.955313536499, backupVoltage=0.0, powerVoltage=0.0, current=0.0, capacity=0.0, stepElapsedTime=431, loopIndex=1, stepIndex=1, alertCode=NORMAL, state=RUNNING, workMode=SLEEP, important=false, alertVolt=0.0, alertCurrent=0.0, alertTime=0]
2022-07-25 17:46:51.908  INFO -start up success,channel state = RUN
2022-07-25 17:47:01.898  INFO -step index change:ChnDataPack [chnIndex=15, voltage=3795.955313536499, backupVoltage=0.0, powerVoltage=0.0, current=4000.0, capacity=0.0, stepElapsedTime=0, loopIndex=1, stepIndex=2, alertCode=NORMAL, state=RUNNING, workMode=DC, important=false, alertVolt=3795.955313536499, alertCurrent=0.0, alertTime=10433]
2022-07-25 17:47:01.898  INFO -set lead sync count = 2
2022-07-25 17:47:01.898  INFO -channel next step :1-2
2022-07-25 17:47:01.898  INFO -rawData = ChnDataPack [chnIndex=15, voltage=3795.955313536499, backupVoltage=0.0, powerVoltage=0.0, current=4000.0, capacity=0.0, stepElapsedTime=0, loopIndex=1, stepIndex=2, alertCode=NORMAL, state=RUNNING, workMode=DC, important=true, alertVolt=3795.955313536499, alertCurrent=0.0, alertTime=10433]
2022-07-25 17:47:01.898  INFO -skip to stepIndex = 2,loopIndex = 1,total seconds=9990
2022-07-25 17:54:51.899  INFO -step index change:ChnDataPack [chnIndex=15, voltage=3649.73295707384, backupVoltage=0.0, powerVoltage=0.0, current=0.0, capacity=0.0, stepElapsedTime=0, loopIndex=1, stepIndex=3, alertCode=NORMAL, state=RUNNING, workMode=SLEEP, important=false, alertVolt=3649.73295707384, alertCurrent=3999.4768939609776, alertTime=470000]
2022-07-25 17:54:51.899  INFO -set lead sync count = 2
2022-07-25 17:54:51.899  INFO -channel next step :1-3
2022-07-25 17:54:51.899  INFO -rawData = ChnDataPack [chnIndex=15, voltage=3649.73295707384, backupVoltage=0.0, powerVoltage=0.0, current=0.0, capacity=0.0, stepElapsedTime=0, loopIndex=1, stepIndex=3, alertCode=NORMAL, state=RUNNING, workMode=SLEEP, important=true, alertVolt=3649.73295707384, alertCurrent=3999.4768939609776, alertTime=470000]
2022-07-25 17:54:51.900  INFO -skip to stepIndex = 3,loopIndex = 1,total seconds=470002
2022-07-25 17:55:02.908  INFO -step index change:ChnDataPack [chnIndex=15, voltage=3649.73295707384, backupVoltage=0.0, powerVoltage=0.0, current=2500.0, capacity=0.0, stepElapsedTime=0, loopIndex=1, stepIndex=4, alertCode=NORMAL, state=RUNNING, workMode=CC, important=false, alertVolt=3649.73295707384, alertCurrent=0.0, alertTime=10988]
2022-07-25 17:55:02.908  INFO -set lead sync count = 2
2022-07-25 17:55:02.908  INFO -channel next step :1-4
2022-07-25 17:55:02.908  INFO -rawData = ChnDataPack [chnIndex=15, voltage=3649.73295707384, backupVoltage=0.0, powerVoltage=0.0, current=2500.0, capacity=0.0, stepElapsedTime=0, loopIndex=1, stepIndex=4, alertCode=NORMAL, state=RUNNING, workMode=CC, important=true, alertVolt=3649.73295707384, alertCurrent=0.0, alertTime=10988]
2022-07-25 17:55:02.908  INFO -skip to stepIndex = 4,loopIndex = 1,total seconds=11008
2022-07-25 17:59:47.245  INFO -stop step
2022-07-25 17:59:47.904  INFO -step index change:ChnDataPack [chnIndex=15, voltage=3699.432428498435, backupVoltage=0.0, powerVoltage=0.0, current=0.0, capacity=0.0, stepElapsedTime=0, loopIndex=0, stepIndex=0, alertCode=NORMAL, state=STOP, workMode=SLEEP, important=false, alertVolt=0.0, alertCurrent=0.0, alertTime=0]
2022-07-25 18:05:23.312  INFO -cancel sync mode
2022-07-25 18:05:23.903  INFO -channel opt start miliseconds = 1658743523526
2022-07-25 18:05:23.903  INFO -attempt to STARTUP channel,attempt :0,ChnDataPack [chnIndex=15, voltage=3699.432428498435, backupVoltage=0.0, powerVoltage=0.0, current=0.0, capacity=0.0, stepElapsedTime=215, loopIndex=1, stepIndex=1, alertCode=NORMAL, state=RUNNING, workMode=SLEEP, important=false, alertVolt=0.0, alertCurrent=0.0, alertTime=0]
2022-07-25 18:05:23.903  INFO -start up success,channel state = RUN
2022-07-25 18:05:33.906  INFO -step index change:ChnDataPack [chnIndex=15, voltage=3699.432428498435, backupVoltage=0.0, powerVoltage=0.0, current=4000.0, capacity=0.0, stepElapsedTime=0, loopIndex=1, stepIndex=2, alertCode=NORMAL, state=RUNNING, workMode=DC, important=false, alertVolt=3699.432428498435, alertCurrent=0.0, alertTime=10214]
2022-07-25 18:05:33.907  INFO -set lead sync count = 2
2022-07-25 18:05:33.907  INFO -channel next step :1-2
2022-07-25 18:05:33.907  INFO -rawData = ChnDataPack [chnIndex=15, voltage=3699.432428498435, backupVoltage=0.0, powerVoltage=0.0, current=4000.0, capacity=0.0, stepElapsedTime=0, loopIndex=1, stepIndex=2, alertCode=NORMAL, state=RUNNING, workMode=DC, important=true, alertVolt=3699.432428498435, alertCurrent=0.0, alertTime=10214]
2022-07-25 18:05:33.907  INFO -skip to stepIndex = 2,loopIndex = 1,total seconds=10004
2022-07-25 18:07:36.447  INFO -stop step
2022-07-25 18:07:36.899  INFO -step index change:ChnDataPack [chnIndex=15, voltage=3661.476051221779, backupVoltage=0.0, powerVoltage=0.0, current=0.0, capacity=0.0, stepElapsedTime=0, loopIndex=0, stepIndex=0, alertCode=NORMAL, state=STOP, workMode=SLEEP, important=false, alertVolt=0.0, alertCurrent=0.0, alertTime=0]
2022-07-25 18:26:56.702  INFO -cancel sync mode
2022-07-25 18:26:57.898  INFO -channel opt start miliseconds = 1658744816905
2022-07-25 18:26:57.898  INFO -attempt to STARTUP channel,attempt :0,ChnDataPack [chnIndex=15, voltage=3661.476051221779, backupVoltage=0.0, powerVoltage=0.0, current=0.0, capacity=0.0, stepElapsedTime=836, loopIndex=1, stepIndex=1, alertCode=NORMAL, state=RUNNING, workMode=SLEEP, important=false, alertVolt=0.0, alertCurrent=0.0, alertTime=0]
2022-07-25 18:26:57.898  INFO -start up success,channel state = RUN
2022-07-25 18:27:05.899  INFO -step index change:ChnDataPack [chnIndex=15, voltage=3661.476051221779, backupVoltage=0.0, powerVoltage=0.0, current=0.0, capacity=0.0, stepElapsedTime=0, loopIndex=0, stepIndex=0, alertCode=NORMAL, state=STOP, workMode=SLEEP, important=false, alertVolt=0.0, alertCurrent=0.0, alertTime=0]
2022-07-25 18:27:14.618  INFO -create startup init Data
2022-07-25 18:27:14.897  INFO -channel opt start miliseconds = 1658744834619
2022-07-25 18:27:14.897  INFO -attempt to FORMATION channel,attempt :0,ChnDataPack [chnIndex=15, voltage=3661.476051221779, backupVoltage=0.0, powerVoltage=0.0, current=0.0, capacity=0.0, stepElapsedTime=7122, loopIndex=1, stepIndex=1, alertCode=NORMAL, state=RUNNING, workMode=SLEEP, important=false, alertVolt=0.0, alertCurrent=0.0, alertTime=0]
2022-07-25 18:27:14.897  INFO -resume ok
2022-07-25 18:27:14.897  INFO -start up success,channel state = RUN
2022-07-25 18:27:17.904  INFO -step index change:ChnDataPack [chnIndex=15, voltage=3661.476051221779, backupVoltage=0.0, powerVoltage=0.0, current=4000.0, capacity=0.0, stepElapsedTime=0, loopIndex=1, stepIndex=2, alertCode=NORMAL, state=RUNNING, workMode=DC, important=false, alertVolt=3661.476051221779, alertCurrent=0.0, alertTime=10127]
2022-07-25 18:27:17.904  INFO -set lead sync count = 2
2022-07-25 18:27:17.904  INFO -channel next step :1-2
2022-07-25 18:27:17.904  INFO -rawData = ChnDataPack [chnIndex=15, voltage=3661.476051221779, backupVoltage=0.0, powerVoltage=0.0, current=4000.0, capacity=0.0, stepElapsedTime=0, loopIndex=1, stepIndex=2, alertCode=NORMAL, state=RUNNING, workMode=DC, important=true, alertVolt=3661.476051221779, alertCurrent=0.0, alertTime=10127]
2022-07-25 18:27:17.904  INFO -skip to stepIndex = 2,loopIndex = 1,total seconds=10012
2022-07-25 18:27:54.901  INFO -step index change:ChnDataPack [chnIndex=15, voltage=3649.965043346706, backupVoltage=0.0, powerVoltage=0.0, current=0.0, capacity=0.0, stepElapsedTime=0, loopIndex=1, stepIndex=3, alertCode=NORMAL, state=RUNNING, workMode=SLEEP, important=false, alertVolt=3649.965043346706, alertCurrent=4000.5441684416714, alertTime=37001]
2022-07-25 18:27:54.901  INFO -set lead sync count = 2
2022-07-25 18:27:54.901  INFO -channel next step :1-3
2022-07-25 18:27:54.901  INFO -rawData = ChnDataPack [chnIndex=15, voltage=3649.965043346706, backupVoltage=0.0, powerVoltage=0.0, current=0.0, capacity=0.0, stepElapsedTime=0, loopIndex=1, stepIndex=3, alertCode=NORMAL, state=RUNNING, workMode=SLEEP, important=true, alertVolt=3649.965043346706, alertCurrent=4000.5441684416714, alertTime=37001]
2022-07-25 18:27:54.901  INFO -skip to stepIndex = 3,loopIndex = 1,total seconds=36997
2022-07-25 18:28:05.903  INFO -step index change:ChnDataPack [chnIndex=15, voltage=3649.965043346706, backupVoltage=0.0, powerVoltage=0.0, current=2500.0, capacity=0.0, stepElapsedTime=0, loopIndex=1, stepIndex=4, alertCode=NORMAL, state=RUNNING, workMode=CC, important=false, alertVolt=3649.965043346706, alertCurrent=0.0, alertTime=10994]
2022-07-25 18:28:05.903  INFO -set lead sync count = 2
2022-07-25 18:28:05.903  INFO -channel next step :1-4
2022-07-25 18:28:05.903  INFO -rawData = ChnDataPack [chnIndex=15, voltage=3649.965043346706, backupVoltage=0.0, powerVoltage=0.0, current=2500.0, capacity=0.0, stepElapsedTime=0, loopIndex=1, stepIndex=4, alertCode=NORMAL, state=RUNNING, workMode=CC, important=true, alertVolt=3649.965043346706, alertCurrent=0.0, alertTime=10994]
2022-07-25 18:28:05.903  INFO -skip to stepIndex = 4,loopIndex = 1,total seconds=11002
2022-07-25 18:45:54.903  INFO -step index change:ChnDataPack [chnIndex=15, voltage=3836.8634817936118, backupVoltage=0.0, powerVoltage=0.0, current=0.0, capacity=0.0, stepElapsedTime=0, loopIndex=0, stepIndex=0, alertCode=NORMAL, state=STOP, workMode=SLEEP, important=false, alertVolt=0.0, alertCurrent=0.0, alertTime=0]
