2022-07-25 17:44:43.504  INFO -cancel sync mode
2022-07-25 17:44:43.889  INFO -channel opt start miliseconds = 1658742283728
2022-07-25 17:44:43.889  INFO -attempt to STARTUP channel,attempt :0,ChnDataPack [chnIndex=8, voltage=3800.0, backupVoltage=0.0, powerVoltage=0.0, current=0.0, capacity=0.0, stepElapsedTime=33, loopIndex=1, stepIndex=1, alertCode=NORMAL, state=RUNNING, workMode=SLEEP, important=false, alertVolt=0.0, alertCurrent=0.0, alertTime=0]
2022-07-25 17:44:43.889  INFO -start up success,channel state = RUN
2022-07-25 17:44:53.904  INFO -step index change:ChnDataPack [chnIndex=8, voltage=3800.0, backupVoltage=0.0, powerVoltage=0.0, current=4000.0, capacity=0.0, stepElapsedTime=0, loopIndex=1, stepIndex=2, alertCode=NORMAL, state=RUNNING, workMode=DC, important=false, alertVolt=3800.0, alertCurrent=0.0, alertTime=10028]
2022-07-25 17:44:53.904  INFO -set lead sync count = 2
2022-07-25 17:44:53.904  INFO -channel next step :1-2
2022-07-25 17:44:53.904  INFO -rawData = ChnDataPack [chnIndex=8, voltage=3800.0, backupVoltage=0.0, powerVoltage=0.0, current=4000.0, capacity=0.0, stepElapsedTime=0, loopIndex=1, stepIndex=2, alertCode=NORMAL, state=RUNNING, workMode=DC, important=true, alertVolt=3800.0, alertCurrent=0.0, alertTime=10028]
2022-07-25 17:44:53.904  INFO -skip to stepIndex = 2,loopIndex = 1,total seconds=10015
2022-07-25 17:45:08.290  INFO -stop step
2022-07-25 17:45:08.890  INFO -step index change:ChnDataPack [chnIndex=8, voltage=3795.644356317442, backupVoltage=0.0, powerVoltage=0.0, current=0.0, capacity=0.0, stepElapsedTime=0, loopIndex=0, stepIndex=0, alertCode=NORMAL, state=STOP, workMode=SLEEP, important=false, alertVolt=0.0, alertCurrent=0.0, alertTime=0]
2022-07-25 17:46:50.913  INFO -cancel sync mode
2022-07-25 17:46:51.889  INFO -channel opt start miliseconds = 1658742411114
2022-07-25 17:46:51.889  INFO -attempt to STARTUP channel,attempt :0,ChnDataPack [chnIndex=8, voltage=3795.644356317442, backupVoltage=0.0, powerVoltage=0.0, current=0.0, capacity=0.0, stepElapsedTime=635, loopIndex=1, stepIndex=1, alertCode=NORMAL, state=RUNNING, workMode=SLEEP, important=false, alertVolt=0.0, alertCurrent=0.0, alertTime=0]
2022-07-25 17:46:51.889  INFO -start up success,channel state = RUN
2022-07-25 17:47:01.892  INFO -step index change:ChnDataPack [chnIndex=8, voltage=3795.644356317442, backupVoltage=0.0, powerVoltage=0.0, current=4000.0, capacity=0.0, stepElapsedTime=0, loopIndex=1, stepIndex=2, alertCode=NORMAL, state=RUNNING, workMode=DC, important=false, alertVolt=3795.644356317442, alertCurrent=0.0, alertTime=10621]
2022-07-25 17:47:01.893  INFO -set lead sync count = 2
2022-07-25 17:47:01.893  INFO -channel next step :1-2
2022-07-25 17:47:01.894  INFO -rawData = ChnDataPack [chnIndex=8, voltage=3795.644356317442, backupVoltage=0.0, powerVoltage=0.0, current=4000.0, capacity=0.0, stepElapsedTime=0, loopIndex=1, stepIndex=2, alertCode=NORMAL, state=RUNNING, workMode=DC, important=true, alertVolt=3795.644356317442, alertCurrent=0.0, alertTime=10621]
2022-07-25 17:47:01.894  INFO -skip to stepIndex = 2,loopIndex = 1,total seconds=10005
2022-07-25 17:54:50.901  INFO -step index change:ChnDataPack [chnIndex=8, voltage=3649.734199187397, backupVoltage=0.0, powerVoltage=0.0, current=0.0, capacity=0.0, stepElapsedTime=0, loopIndex=1, stepIndex=3, alertCode=NORMAL, state=RUNNING, workMode=SLEEP, important=false, alertVolt=3649.734199187397, alertCurrent=4000.7585635827604, alertTime=469008]
2022-07-25 17:54:50.901  INFO -set lead sync count = 2
2022-07-25 17:54:50.901  INFO -channel next step :1-3
2022-07-25 17:54:50.901  INFO -rawData = ChnDataPack [chnIndex=8, voltage=3649.734199187397, backupVoltage=0.0, powerVoltage=0.0, current=0.0, capacity=0.0, stepElapsedTime=0, loopIndex=1, stepIndex=3, alertCode=NORMAL, state=RUNNING, workMode=SLEEP, important=true, alertVolt=3649.734199187397, alertCurrent=4000.7585635827604, alertTime=469008]
2022-07-25 17:54:50.901  INFO -skip to stepIndex = 3,loopIndex = 1,total seconds=469007
2022-07-25 17:55:01.901  INFO -step index change:ChnDataPack [chnIndex=8, voltage=3649.734199187397, backupVoltage=0.0, powerVoltage=0.0, current=2500.0, capacity=0.0, stepElapsedTime=0, loopIndex=1, stepIndex=4, alertCode=NORMAL, state=RUNNING, workMode=CC, important=false, alertVolt=3649.734199187397, alertCurrent=0.0, alertTime=11001]
2022-07-25 17:55:01.901  INFO -set lead sync count = 2
2022-07-25 17:55:01.901  INFO -channel next step :1-4
2022-07-25 17:55:01.902  INFO -rawData = ChnDataPack [chnIndex=8, voltage=3649.734199187397, backupVoltage=0.0, powerVoltage=0.0, current=2500.0, capacity=0.0, stepElapsedTime=0, loopIndex=1, stepIndex=4, alertCode=NORMAL, state=RUNNING, workMode=CC, important=true, alertVolt=3649.734199187397, alertCurrent=0.0, alertTime=11001]
2022-07-25 17:55:01.902  INFO -skip to stepIndex = 4,loopIndex = 1,total seconds=11001
2022-07-25 17:59:47.239  INFO -stop step
2022-07-25 17:59:47.901  INFO -step index change:ChnDataPack [chnIndex=8, voltage=3699.6096756925826, backupVoltage=0.0, powerVoltage=0.0, current=0.0, capacity=0.0, stepElapsedTime=0, loopIndex=0, stepIndex=0, alertCode=NORMAL, state=STOP, workMode=SLEEP, important=false, alertVolt=0.0, alertCurrent=0.0, alertTime=0]
2022-07-25 18:05:23.103  INFO -cancel sync mode
2022-07-25 18:05:23.898  INFO -channel opt start miliseconds = 1658743523311
2022-07-25 18:05:23.900  INFO -attempt to STARTUP channel,attempt :0,ChnDataPack [chnIndex=8, voltage=3699.6096756925826, backupVoltage=0.0, powerVoltage=0.0, current=0.0, capacity=0.0, stepElapsedTime=430, loopIndex=1, stepIndex=1, alertCode=NORMAL, state=RUNNING, workMode=SLEEP, important=false, alertVolt=0.0, alertCurrent=0.0, alertTime=0]
2022-07-25 18:05:23.900  INFO -start up success,channel state = RUN
2022-07-25 18:05:33.896  INFO -step index change:ChnDataPack [chnIndex=8, voltage=3699.6096756925826, backupVoltage=0.0, powerVoltage=0.0, current=4000.0, capacity=0.0, stepElapsedTime=0, loopIndex=1, stepIndex=2, alertCode=NORMAL, state=RUNNING, workMode=DC, important=false, alertVolt=3699.6096756925826, alertCurrent=0.0, alertTime=10429]
2022-07-25 18:05:33.896  INFO -set lead sync count = 2
2022-07-25 18:05:33.896  INFO -channel next step :1-2
2022-07-25 18:05:33.898  INFO -rawData = ChnDataPack [chnIndex=8, voltage=3699.6096756925826, backupVoltage=0.0, powerVoltage=0.0, current=4000.0, capacity=0.0, stepElapsedTime=0, loopIndex=1, stepIndex=2, alertCode=NORMAL, state=RUNNING, workMode=DC, important=true, alertVolt=3699.6096756925826, alertCurrent=0.0, alertTime=10429]
2022-07-25 18:05:33.898  INFO -skip to stepIndex = 2,loopIndex = 1,total seconds=9998
2022-07-25 18:07:36.445  INFO -stop step
2022-07-25 18:07:36.898  INFO -step index change:ChnDataPack [chnIndex=8, voltage=3661.6539019959487, backupVoltage=0.0, powerVoltage=0.0, current=0.0, capacity=0.0, stepElapsedTime=0, loopIndex=0, stepIndex=0, alertCode=NORMAL, state=STOP, workMode=SLEEP, important=false, alertVolt=0.0, alertCurrent=0.0, alertTime=0]
2022-07-25 18:26:56.486  INFO -cancel sync mode
2022-07-25 18:26:56.889  INFO -channel opt start miliseconds = 1658744816701
2022-07-25 18:26:56.889  INFO -attempt to STARTUP channel,attempt :0,ChnDataPack [chnIndex=8, voltage=3661.6539019959487, backupVoltage=0.0, powerVoltage=0.0, current=0.0, capacity=0.0, stepElapsedTime=49, loopIndex=1, stepIndex=1, alertCode=NORMAL, state=RUNNING, workMode=SLEEP, important=false, alertVolt=0.0, alertCurrent=0.0, alertTime=0]
2022-07-25 18:26:56.890  INFO -start up success,channel state = RUN
2022-07-25 18:27:05.896  INFO -step index change:ChnDataPack [chnIndex=8, voltage=3661.6539019959487, backupVoltage=0.0, powerVoltage=0.0, current=0.0, capacity=0.0, stepElapsedTime=0, loopIndex=0, stepIndex=0, alertCode=NORMAL, state=STOP, workMode=SLEEP, important=false, alertVolt=0.0, alertCurrent=0.0, alertTime=0]
2022-07-25 18:27:14.619  INFO -create startup init Data
2022-07-25 18:27:14.892  INFO -channel opt start miliseconds = 1658744834619
2022-07-25 18:27:14.892  INFO -attempt to FORMATION channel,attempt :0,ChnDataPack [chnIndex=8, voltage=3661.6539019959487, backupVoltage=0.0, powerVoltage=0.0, current=0.0, capacity=0.0, stepElapsedTime=8114, loopIndex=1, stepIndex=1, alertCode=NORMAL, state=RUNNING, workMode=SLEEP, important=false, alertVolt=0.0, alertCurrent=0.0, alertTime=0]
2022-07-25 18:27:14.892  INFO -resume ok
2022-07-25 18:27:14.892  INFO -start up success,channel state = RUN
2022-07-25 18:27:16.898  INFO -step index change:ChnDataPack [chnIndex=8, voltage=3661.6539019959487, backupVoltage=0.0, powerVoltage=0.0, current=4000.0, capacity=0.0, stepElapsedTime=0, loopIndex=1, stepIndex=2, alertCode=NORMAL, state=RUNNING, workMode=DC, important=false, alertVolt=3661.6539019959487, alertCurrent=0.0, alertTime=10122]
2022-07-25 18:27:16.898  INFO -set lead sync count = 2
2022-07-25 18:27:16.898  INFO -channel next step :1-2
2022-07-25 18:27:16.899  INFO -rawData = ChnDataPack [chnIndex=8, voltage=3661.6539019959487, backupVoltage=0.0, powerVoltage=0.0, current=4000.0, capacity=0.0, stepElapsedTime=0, loopIndex=1, stepIndex=2, alertCode=NORMAL, state=RUNNING, workMode=DC, important=true, alertVolt=3661.6539019959487, alertCurrent=0.0, alertTime=10122]
2022-07-25 18:27:16.899  INFO -skip to stepIndex = 2,loopIndex = 1,total seconds=10004
2022-07-25 18:27:54.898  INFO -step index change:ChnDataPack [chnIndex=8, voltage=3649.831610904087, backupVoltage=0.0, powerVoltage=0.0, current=0.0, capacity=0.0, stepElapsedTime=0, loopIndex=1, stepIndex=3, alertCode=NORMAL, state=RUNNING, workMode=SLEEP, important=false, alertVolt=3649.831610904087, alertCurrent=4000.4707333351744, alertTime=37998]
2022-07-25 18:27:54.898  INFO -set lead sync count = 2
2022-07-25 18:27:54.898  INFO -channel next step :1-3
2022-07-25 18:27:54.898  INFO -rawData = ChnDataPack [chnIndex=8, voltage=3649.831610904087, backupVoltage=0.0, powerVoltage=0.0, current=0.0, capacity=0.0, stepElapsedTime=0, loopIndex=1, stepIndex=3, alertCode=NORMAL, state=RUNNING, workMode=SLEEP, important=true, alertVolt=3649.831610904087, alertCurrent=4000.4707333351744, alertTime=37998]
2022-07-25 18:27:54.898  INFO -skip to stepIndex = 3,loopIndex = 1,total seconds=37999
2022-07-25 18:28:05.893  INFO -step index change:ChnDataPack [chnIndex=8, voltage=3649.831610904087, backupVoltage=0.0, powerVoltage=0.0, current=2500.0, capacity=0.0, stepElapsedTime=0, loopIndex=1, stepIndex=4, alertCode=NORMAL, state=RUNNING, workMode=CC, important=false, alertVolt=3649.831610904087, alertCurrent=0.0, alertTime=10994]
2022-07-25 18:28:05.893  INFO -set lead sync count = 2
2022-07-25 18:28:05.893  INFO -channel next step :1-4
2022-07-25 18:28:05.893  INFO -rawData = ChnDataPack [chnIndex=8, voltage=3649.831610904087, backupVoltage=0.0, powerVoltage=0.0, current=2500.0, capacity=0.0, stepElapsedTime=0, loopIndex=1, stepIndex=4, alertCode=NORMAL, state=RUNNING, workMode=CC, important=true, alertVolt=3649.831610904087, alertCurrent=0.0, alertTime=10994]
2022-07-25 18:28:05.894  INFO -skip to stepIndex = 4,loopIndex = 1,total seconds=10996
2022-07-25 18:45:54.887  INFO -step index change:ChnDataPack [chnIndex=8, voltage=3836.7302363579824, backupVoltage=0.0, powerVoltage=0.0, current=0.0, capacity=0.0, stepElapsedTime=0, loopIndex=0, stepIndex=0, alertCode=NORMAL, state=STOP, workMode=SLEEP, important=false, alertVolt=0.0, alertCurrent=0.0, alertTime=0]
