2022-07-25 17:44:43.730  INFO -cancel sync mode
2022-07-25 17:44:44.900  INFO -channel opt start miliseconds = 1658742283935
2022-07-25 17:44:44.900  INFO -attempt to STARTUP channel,attempt :0,ChnDataPack [chnIndex=1, voltage=3800.0, backupVoltage=0.0, powerVoltage=0.0, current=0.0, capacity=0.0, stepElapsedTime=811, loopIndex=1, stepIndex=1, alertCode=NORMAL, state=RUNNING, workMode=SLEEP, important=false, alertVolt=0.0, alertCurrent=0.0, alertTime=0]
2022-07-25 17:44:44.900  INFO -start up success,channel state = RUN
2022-07-25 17:44:54.911  INFO -step index change:ChnDataPack [chnIndex=1, voltage=3800.0, backupVoltage=0.0, powerVoltage=0.0, current=4000.0, capacity=0.0, stepElapsedTime=0, loopIndex=1, stepIndex=2, alertCode=NORMAL, state=RUNNING, workMode=DC, important=false, alertVolt=3800.0, alertCurrent=0.0, alertTime=10809]
2022-07-25 17:44:54.912  INFO -set lead sync count = 2
2022-07-25 17:44:54.912  INFO -channel next step :1-2
2022-07-25 17:44:54.912  INFO -rawData = ChnDataPack [chnIndex=1, voltage=3800.0, backupVoltage=0.0, powerVoltage=0.0, current=4000.0, capacity=0.0, stepElapsedTime=0, loopIndex=1, stepIndex=2, alertCode=NORMAL, state=RUNNING, workMode=DC, important=true, alertVolt=3800.0, alertCurrent=0.0, alertTime=10809]
2022-07-25 17:44:54.912  INFO -skip to stepIndex = 2,loopIndex = 1,total seconds=10011
2022-07-25 17:45:08.293  INFO -stop step
2022-07-25 17:45:08.905  INFO -step index change:ChnDataPack [chnIndex=1, voltage=3795.9555942281368, backupVoltage=0.0, powerVoltage=0.0, current=0.0, capacity=0.0, stepElapsedTime=0, loopIndex=0, stepIndex=0, alertCode=NORMAL, state=STOP, workMode=SLEEP, important=false, alertVolt=0.0, alertCurrent=0.0, alertTime=0]
2022-07-25 17:46:51.114  INFO -cancel sync mode
2022-07-25 17:46:51.904  INFO -channel opt start miliseconds = 1658742411318
2022-07-25 17:46:51.904  INFO -attempt to STARTUP channel,attempt :0,ChnDataPack [chnIndex=1, voltage=3795.9555942281368, backupVoltage=0.0, powerVoltage=0.0, current=0.0, capacity=0.0, stepElapsedTime=432, loopIndex=1, stepIndex=1, alertCode=NORMAL, state=RUNNING, workMode=SLEEP, important=false, alertVolt=0.0, alertCurrent=0.0, alertTime=0]
2022-07-25 17:46:51.904  INFO -start up success,channel state = RUN
2022-07-25 17:47:01.892  INFO -step index change:ChnDataPack [chnIndex=1, voltage=3795.9555942281368, backupVoltage=0.0, powerVoltage=0.0, current=4000.0, capacity=0.0, stepElapsedTime=0, loopIndex=1, stepIndex=2, alertCode=NORMAL, state=RUNNING, workMode=DC, important=false, alertVolt=3795.9555942281368, alertCurrent=0.0, alertTime=10434]
2022-07-25 17:47:01.892  INFO -set lead sync count = 2
2022-07-25 17:47:01.892  INFO -channel next step :1-2
2022-07-25 17:47:01.892  INFO -rawData = ChnDataPack [chnIndex=1, voltage=3795.9555942281368, backupVoltage=0.0, powerVoltage=0.0, current=4000.0, capacity=0.0, stepElapsedTime=0, loopIndex=1, stepIndex=2, alertCode=NORMAL, state=RUNNING, workMode=DC, important=true, alertVolt=3795.9555942281368, alertCurrent=0.0, alertTime=10434]
2022-07-25 17:47:01.893  INFO -skip to stepIndex = 2,loopIndex = 1,total seconds=9989
2022-07-25 17:54:51.907  INFO -step index change:ChnDataPack [chnIndex=1, voltage=3649.733292258417, backupVoltage=0.0, powerVoltage=0.0, current=0.0, capacity=0.0, stepElapsedTime=0, loopIndex=1, stepIndex=3, alertCode=NORMAL, state=RUNNING, workMode=SLEEP, important=false, alertVolt=3649.733292258417, alertCurrent=4000.3454255170823, alertTime=469999]
2022-07-25 17:54:51.907  INFO -set lead sync count = 2
2022-07-25 17:54:51.907  INFO -channel next step :1-3
2022-07-25 17:54:51.907  INFO -rawData = ChnDataPack [chnIndex=1, voltage=3649.733292258417, backupVoltage=0.0, powerVoltage=0.0, current=0.0, capacity=0.0, stepElapsedTime=0, loopIndex=1, stepIndex=3, alertCode=NORMAL, state=RUNNING, workMode=SLEEP, important=true, alertVolt=3649.733292258417, alertCurrent=4000.3454255170823, alertTime=469999]
2022-07-25 17:54:51.907  INFO -skip to stepIndex = 3,loopIndex = 1,total seconds=470014
2022-07-25 17:55:02.894  INFO -step index change:ChnDataPack [chnIndex=1, voltage=3649.733292258417, backupVoltage=0.0, powerVoltage=0.0, current=2500.0, capacity=0.0, stepElapsedTime=0, loopIndex=1, stepIndex=4, alertCode=NORMAL, state=RUNNING, workMode=CC, important=false, alertVolt=3649.733292258417, alertCurrent=0.0, alertTime=10989]
2022-07-25 17:55:02.894  INFO -set lead sync count = 2
2022-07-25 17:55:02.894  INFO -channel next step :1-4
2022-07-25 17:55:02.894  INFO -rawData = ChnDataPack [chnIndex=1, voltage=3649.733292258417, backupVoltage=0.0, powerVoltage=0.0, current=2500.0, capacity=0.0, stepElapsedTime=0, loopIndex=1, stepIndex=4, alertCode=NORMAL, state=RUNNING, workMode=CC, important=true, alertVolt=3649.733292258417, alertCurrent=0.0, alertTime=10989]
2022-07-25 17:55:02.894  INFO -skip to stepIndex = 4,loopIndex = 1,total seconds=10987
2022-07-25 17:59:47.242  INFO -stop step
2022-07-25 17:59:47.901  INFO -step index change:ChnDataPack [chnIndex=1, voltage=3699.433253874431, backupVoltage=0.0, powerVoltage=0.0, current=0.0, capacity=0.0, stepElapsedTime=0, loopIndex=0, stepIndex=0, alertCode=NORMAL, state=STOP, workMode=SLEEP, important=false, alertVolt=0.0, alertCurrent=0.0, alertTime=0]
2022-07-25 18:05:23.311  INFO -cancel sync mode
2022-07-25 18:05:23.897  INFO -channel opt start miliseconds = 1658743523526
2022-07-25 18:05:23.897  INFO -attempt to STARTUP channel,attempt :0,ChnDataPack [chnIndex=1, voltage=3699.433253874431, backupVoltage=0.0, powerVoltage=0.0, current=0.0, capacity=0.0, stepElapsedTime=215, loopIndex=1, stepIndex=1, alertCode=NORMAL, state=RUNNING, workMode=SLEEP, important=false, alertVolt=0.0, alertCurrent=0.0, alertTime=0]
2022-07-25 18:05:23.898  INFO -start up success,channel state = RUN
2022-07-25 18:05:33.896  INFO -step index change:ChnDataPack [chnIndex=1, voltage=3699.433253874431, backupVoltage=0.0, powerVoltage=0.0, current=4000.0, capacity=0.0, stepElapsedTime=0, loopIndex=1, stepIndex=2, alertCode=NORMAL, state=RUNNING, workMode=DC, important=false, alertVolt=3699.433253874431, alertCurrent=0.0, alertTime=10214]
2022-07-25 18:05:33.898  INFO -set lead sync count = 2
2022-07-25 18:05:33.898  INFO -channel next step :1-2
2022-07-25 18:05:33.898  INFO -rawData = ChnDataPack [chnIndex=1, voltage=3699.433253874431, backupVoltage=0.0, powerVoltage=0.0, current=4000.0, capacity=0.0, stepElapsedTime=0, loopIndex=1, stepIndex=2, alertCode=NORMAL, state=RUNNING, workMode=DC, important=true, alertVolt=3699.433253874431, alertCurrent=0.0, alertTime=10214]
2022-07-25 18:05:33.898  INFO -skip to stepIndex = 2,loopIndex = 1,total seconds=10000
2022-07-25 18:07:36.446  INFO -stop step
2022-07-25 18:07:36.898  INFO -step index change:ChnDataPack [chnIndex=1, voltage=3661.4778454810844, backupVoltage=0.0, powerVoltage=0.0, current=0.0, capacity=0.0, stepElapsedTime=0, loopIndex=0, stepIndex=0, alertCode=NORMAL, state=STOP, workMode=SLEEP, important=false, alertVolt=0.0, alertCurrent=0.0, alertTime=0]
2022-07-25 18:26:56.701  INFO -cancel sync mode
2022-07-25 18:26:57.896  INFO -channel opt start miliseconds = 1658744816905
2022-07-25 18:26:57.896  INFO -attempt to STARTUP channel,attempt :0,ChnDataPack [chnIndex=1, voltage=3661.4778454810844, backupVoltage=0.0, powerVoltage=0.0, current=0.0, capacity=0.0, stepElapsedTime=836, loopIndex=1, stepIndex=1, alertCode=NORMAL, state=RUNNING, workMode=SLEEP, important=false, alertVolt=0.0, alertCurrent=0.0, alertTime=0]
2022-07-25 18:26:57.896  INFO -start up success,channel state = RUN
2022-07-25 18:27:05.896  INFO -step index change:ChnDataPack [chnIndex=1, voltage=3661.4778454810844, backupVoltage=0.0, powerVoltage=0.0, current=0.0, capacity=0.0, stepElapsedTime=0, loopIndex=0, stepIndex=0, alertCode=NORMAL, state=STOP, workMode=SLEEP, important=false, alertVolt=0.0, alertCurrent=0.0, alertTime=0]
2022-07-25 18:27:14.619  INFO -create startup init Data
2022-07-25 18:27:14.892  INFO -channel opt start miliseconds = 1658744834620
2022-07-25 18:27:14.892  INFO -attempt to FORMATION channel,attempt :0,ChnDataPack [chnIndex=1, voltage=3661.4778454810844, backupVoltage=0.0, powerVoltage=0.0, current=0.0, capacity=0.0, stepElapsedTime=7123, loopIndex=1, stepIndex=1, alertCode=NORMAL, state=RUNNING, workMode=SLEEP, important=false, alertVolt=0.0, alertCurrent=0.0, alertTime=0]
2022-07-25 18:27:14.892  INFO -resume ok
2022-07-25 18:27:14.892  INFO -start up success,channel state = RUN
2022-07-25 18:27:17.897  INFO -step index change:ChnDataPack [chnIndex=1, voltage=3661.4778454810844, backupVoltage=0.0, powerVoltage=0.0, current=4000.0, capacity=0.0, stepElapsedTime=0, loopIndex=1, stepIndex=2, alertCode=NORMAL, state=RUNNING, workMode=DC, important=false, alertVolt=3661.4778454810844, alertCurrent=0.0, alertTime=10128]
2022-07-25 18:27:17.897  INFO -set lead sync count = 2
2022-07-25 18:27:17.897  INFO -channel next step :1-2
2022-07-25 18:27:17.897  INFO -rawData = ChnDataPack [chnIndex=1, voltage=3661.4778454810844, backupVoltage=0.0, powerVoltage=0.0, current=4000.0, capacity=0.0, stepElapsedTime=0, loopIndex=1, stepIndex=2, alertCode=NORMAL, state=RUNNING, workMode=DC, important=true, alertVolt=3661.4778454810844, alertCurrent=0.0, alertTime=10128]
2022-07-25 18:27:17.897  INFO -skip to stepIndex = 2,loopIndex = 1,total seconds=10012
2022-07-25 18:27:54.898  INFO -step index change:ChnDataPack [chnIndex=1, voltage=3649.966933481274, backupVoltage=0.0, powerVoltage=0.0, current=0.0, capacity=0.0, stepElapsedTime=0, loopIndex=1, stepIndex=3, alertCode=NORMAL, state=RUNNING, workMode=SLEEP, important=false, alertVolt=3649.966933481274, alertCurrent=3999.698034592599, alertTime=37001]
2022-07-25 18:27:54.898  INFO -set lead sync count = 2
2022-07-25 18:27:54.898  INFO -channel next step :1-3
2022-07-25 18:27:54.898  INFO -rawData = ChnDataPack [chnIndex=1, voltage=3649.966933481274, backupVoltage=0.0, powerVoltage=0.0, current=0.0, capacity=0.0, stepElapsedTime=0, loopIndex=1, stepIndex=3, alertCode=NORMAL, state=RUNNING, workMode=SLEEP, important=true, alertVolt=3649.966933481274, alertCurrent=3999.698034592599, alertTime=37001]
2022-07-25 18:27:54.899  INFO -skip to stepIndex = 3,loopIndex = 1,total seconds=37002
2022-07-25 18:28:05.894  INFO -step index change:ChnDataPack [chnIndex=1, voltage=3649.966933481274, backupVoltage=0.0, powerVoltage=0.0, current=2500.0, capacity=0.0, stepElapsedTime=0, loopIndex=1, stepIndex=4, alertCode=NORMAL, state=RUNNING, workMode=CC, important=false, alertVolt=3649.966933481274, alertCurrent=0.0, alertTime=10994]
2022-07-25 18:28:05.894  INFO -set lead sync count = 2
2022-07-25 18:28:05.894  INFO -channel next step :1-4
2022-07-25 18:28:05.894  INFO -rawData = ChnDataPack [chnIndex=1, voltage=3649.966933481274, backupVoltage=0.0, powerVoltage=0.0, current=2500.0, capacity=0.0, stepElapsedTime=0, loopIndex=1, stepIndex=4, alertCode=NORMAL, state=RUNNING, workMode=CC, important=true, alertVolt=3649.966933481274, alertCurrent=0.0, alertTime=10994]
2022-07-25 18:28:05.894  INFO -skip to stepIndex = 4,loopIndex = 1,total seconds=10995
2022-07-25 18:45:54.902  INFO -step index change:ChnDataPack [chnIndex=1, voltage=3836.8664586871964, backupVoltage=0.0, powerVoltage=0.0, current=0.0, capacity=0.0, stepElapsedTime=0, loopIndex=0, stepIndex=0, alertCode=NORMAL, state=STOP, workMode=SLEEP, important=false, alertVolt=0.0, alertCurrent=0.0, alertTime=0]
