2022-07-25 17:44:43.504  INFO -cancel sync mode
2022-07-25 17:44:43.911  INFO -channel opt start miliseconds = 1658742283730
2022-07-25 17:44:43.911  INFO -attempt to STARTUP channel,attempt :0,ChnDataPack [chnIndex=11, voltage=3800.0, backupVoltage=0.0, powerVoltage=0.0, current=0.0, capacity=0.0, stepElapsedTime=34, loopIndex=1, stepIndex=1, alertCode=NORMAL, state=RUNNING, workMode=SLEEP, important=false, alertVolt=0.0, alertCurrent=0.0, alertTime=0]
2022-07-25 17:44:43.911  INFO -start up success,channel state = RUN
2022-07-25 17:44:53.917  INFO -step index change:ChnDataPack [chnIndex=11, voltage=3800.0, backupVoltage=0.0, powerVoltage=0.0, current=4000.0, capacity=0.0, stepElapsedTime=0, loopIndex=1, stepIndex=2, alertCode=NORMAL, state=RUNNING, workMode=DC, important=false, alertVolt=3800.0, alertCurrent=0.0, alertTime=10028]
2022-07-25 17:44:53.917  INFO -set lead sync count = 2
2022-07-25 17:44:53.918  INFO -channel next step :1-2
2022-07-25 17:44:53.918  INFO -rawData = ChnDataPack [chnIndex=11, voltage=3800.0, backupVoltage=0.0, powerVoltage=0.0, current=4000.0, capacity=0.0, stepElapsedTime=0, loopIndex=1, stepIndex=2, alertCode=NORMAL, state=RUNNING, workMode=DC, important=true, alertVolt=3800.0, alertCurrent=0.0, alertTime=10028]
2022-07-25 17:44:53.918  INFO -skip to stepIndex = 2,loopIndex = 1,total seconds=10007
2022-07-25 17:45:08.290  INFO -stop step
2022-07-25 17:45:08.907  INFO -step index change:ChnDataPack [chnIndex=11, voltage=3795.6445494590403, backupVoltage=0.0, powerVoltage=0.0, current=0.0, capacity=0.0, stepElapsedTime=0, loopIndex=0, stepIndex=0, alertCode=NORMAL, state=STOP, workMode=SLEEP, important=false, alertVolt=0.0, alertCurrent=0.0, alertTime=0]
2022-07-25 17:46:50.914  INFO -cancel sync mode
2022-07-25 17:46:51.906  INFO -channel opt start miliseconds = 1658742411114
2022-07-25 17:46:51.906  INFO -attempt to STARTUP channel,attempt :0,ChnDataPack [chnIndex=11, voltage=3795.6445494590403, backupVoltage=0.0, powerVoltage=0.0, current=0.0, capacity=0.0, stepElapsedTime=635, loopIndex=1, stepIndex=1, alertCode=NORMAL, state=RUNNING, workMode=SLEEP, important=false, alertVolt=0.0, alertCurrent=0.0, alertTime=0]
2022-07-25 17:46:51.906  INFO -start up success,channel state = RUN
2022-07-25 17:47:01.896  INFO -step index change:ChnDataPack [chnIndex=11, voltage=3795.6445494590403, backupVoltage=0.0, powerVoltage=0.0, current=4000.0, capacity=0.0, stepElapsedTime=0, loopIndex=1, stepIndex=2, alertCode=NORMAL, state=RUNNING, workMode=DC, important=false, alertVolt=3795.6445494590403, alertCurrent=0.0, alertTime=10637]
2022-07-25 17:47:01.896  INFO -set lead sync count = 2
2022-07-25 17:47:01.896  INFO -channel next step :1-2
2022-07-25 17:47:01.896  INFO -rawData = ChnDataPack [chnIndex=11, voltage=3795.6445494590403, backupVoltage=0.0, powerVoltage=0.0, current=4000.0, capacity=0.0, stepElapsedTime=0, loopIndex=1, stepIndex=2, alertCode=NORMAL, state=RUNNING, workMode=DC, important=true, alertVolt=3795.6445494590403, alertCurrent=0.0, alertTime=10637]
2022-07-25 17:47:01.896  INFO -skip to stepIndex = 2,loopIndex = 1,total seconds=9990
2022-07-25 17:54:50.906  INFO -step index change:ChnDataPack [chnIndex=11, voltage=3649.7305527179105, backupVoltage=0.0, powerVoltage=0.0, current=0.0, capacity=0.0, stepElapsedTime=0, loopIndex=1, stepIndex=3, alertCode=NORMAL, state=RUNNING, workMode=SLEEP, important=false, alertVolt=3649.7305527179105, alertCurrent=4000.305099056678, alertTime=468993]
2022-07-25 17:54:50.906  INFO -set lead sync count = 2
2022-07-25 17:54:50.907  INFO -channel next step :1-3
2022-07-25 17:54:50.907  INFO -rawData = ChnDataPack [chnIndex=11, voltage=3649.7305527179105, backupVoltage=0.0, powerVoltage=0.0, current=0.0, capacity=0.0, stepElapsedTime=0, loopIndex=1, stepIndex=3, alertCode=NORMAL, state=RUNNING, workMode=SLEEP, important=true, alertVolt=3649.7305527179105, alertCurrent=4000.305099056678, alertTime=468993]
2022-07-25 17:54:50.907  INFO -skip to stepIndex = 3,loopIndex = 1,total seconds=469011
2022-07-25 17:55:01.910  INFO -step index change:ChnDataPack [chnIndex=11, voltage=3649.7305527179105, backupVoltage=0.0, powerVoltage=0.0, current=2500.0, capacity=0.0, stepElapsedTime=0, loopIndex=1, stepIndex=4, alertCode=NORMAL, state=RUNNING, workMode=CC, important=false, alertVolt=3649.7305527179105, alertCurrent=0.0, alertTime=11000]
2022-07-25 17:55:01.910  INFO -set lead sync count = 2
2022-07-25 17:55:01.910  INFO -channel next step :1-4
2022-07-25 17:55:01.910  INFO -rawData = ChnDataPack [chnIndex=11, voltage=3649.7305527179105, backupVoltage=0.0, powerVoltage=0.0, current=2500.0, capacity=0.0, stepElapsedTime=0, loopIndex=1, stepIndex=4, alertCode=NORMAL, state=RUNNING, workMode=CC, important=true, alertVolt=3649.7305527179105, alertCurrent=0.0, alertTime=11000]
2022-07-25 17:55:01.911  INFO -skip to stepIndex = 4,loopIndex = 1,total seconds=11003
2022-07-25 17:59:47.239  INFO -stop step
2022-07-25 17:59:47.903  INFO -step index change:ChnDataPack [chnIndex=11, voltage=3699.6058034369266, backupVoltage=0.0, powerVoltage=0.0, current=0.0, capacity=0.0, stepElapsedTime=0, loopIndex=0, stepIndex=0, alertCode=NORMAL, state=STOP, workMode=SLEEP, important=false, alertVolt=0.0, alertCurrent=0.0, alertTime=0]
2022-07-25 18:05:23.103  INFO -cancel sync mode
2022-07-25 18:05:23.902  INFO -channel opt start miliseconds = 1658743523311
2022-07-25 18:05:23.902  INFO -attempt to STARTUP channel,attempt :0,ChnDataPack [chnIndex=11, voltage=3699.6058034369266, backupVoltage=0.0, powerVoltage=0.0, current=0.0, capacity=0.0, stepElapsedTime=430, loopIndex=1, stepIndex=1, alertCode=NORMAL, state=RUNNING, workMode=SLEEP, important=false, alertVolt=0.0, alertCurrent=0.0, alertTime=0]
2022-07-25 18:05:23.903  INFO -start up success,channel state = RUN
2022-07-25 18:05:33.907  INFO -step index change:ChnDataPack [chnIndex=11, voltage=3699.6058034369266, backupVoltage=0.0, powerVoltage=0.0, current=4000.0, capacity=0.0, stepElapsedTime=0, loopIndex=1, stepIndex=2, alertCode=NORMAL, state=RUNNING, workMode=DC, important=false, alertVolt=3699.6058034369266, alertCurrent=0.0, alertTime=10429]
2022-07-25 18:05:33.907  INFO -set lead sync count = 2
2022-07-25 18:05:33.907  INFO -channel next step :1-2
2022-07-25 18:05:33.907  INFO -rawData = ChnDataPack [chnIndex=11, voltage=3699.6058034369266, backupVoltage=0.0, powerVoltage=0.0, current=4000.0, capacity=0.0, stepElapsedTime=0, loopIndex=1, stepIndex=2, alertCode=NORMAL, state=RUNNING, workMode=DC, important=true, alertVolt=3699.6058034369266, alertCurrent=0.0, alertTime=10429]
2022-07-25 18:05:33.907  INFO -skip to stepIndex = 2,loopIndex = 1,total seconds=10004
2022-07-25 18:07:36.445  INFO -stop step
2022-07-25 18:07:36.899  INFO -step index change:ChnDataPack [chnIndex=11, voltage=3661.650549000877, backupVoltage=0.0, powerVoltage=0.0, current=0.0, capacity=0.0, stepElapsedTime=0, loopIndex=0, stepIndex=0, alertCode=NORMAL, state=STOP, workMode=SLEEP, important=false, alertVolt=0.0, alertCurrent=0.0, alertTime=0]
2022-07-25 18:26:56.487  INFO -cancel sync mode
2022-07-25 18:26:56.907  INFO -channel opt start miliseconds = 1658744816701
2022-07-25 18:26:56.907  INFO -attempt to STARTUP channel,attempt :0,ChnDataPack [chnIndex=11, voltage=3661.650549000877, backupVoltage=0.0, powerVoltage=0.0, current=0.0, capacity=0.0, stepElapsedTime=48, loopIndex=1, stepIndex=1, alertCode=NORMAL, state=RUNNING, workMode=SLEEP, important=false, alertVolt=0.0, alertCurrent=0.0, alertTime=0]
2022-07-25 18:26:56.907  INFO -start up success,channel state = RUN
2022-07-25 18:27:05.898  INFO -step index change:ChnDataPack [chnIndex=11, voltage=3661.650549000877, backupVoltage=0.0, powerVoltage=0.0, current=0.0, capacity=0.0, stepElapsedTime=0, loopIndex=0, stepIndex=0, alertCode=NORMAL, state=STOP, workMode=SLEEP, important=false, alertVolt=0.0, alertCurrent=0.0, alertTime=0]
2022-07-25 18:27:14.618  INFO -create startup init Data
2022-07-25 18:27:14.895  INFO -channel opt start miliseconds = 1658744834619
2022-07-25 18:27:14.895  INFO -attempt to FORMATION channel,attempt :0,ChnDataPack [chnIndex=11, voltage=3661.650549000877, backupVoltage=0.0, powerVoltage=0.0, current=0.0, capacity=0.0, stepElapsedTime=8113, loopIndex=1, stepIndex=1, alertCode=NORMAL, state=RUNNING, workMode=SLEEP, important=false, alertVolt=0.0, alertCurrent=0.0, alertTime=0]
2022-07-25 18:27:14.896  INFO -resume ok
2022-07-25 18:27:14.896  INFO -start up success,channel state = RUN
2022-07-25 18:27:16.901  INFO -step index change:ChnDataPack [chnIndex=11, voltage=3661.650549000877, backupVoltage=0.0, powerVoltage=0.0, current=4000.0, capacity=0.0, stepElapsedTime=0, loopIndex=1, stepIndex=2, alertCode=NORMAL, state=RUNNING, workMode=DC, important=false, alertVolt=3661.650549000877, alertCurrent=0.0, alertTime=10121]
2022-07-25 18:27:16.901  INFO -set lead sync count = 2
2022-07-25 18:27:16.901  INFO -channel next step :1-2
2022-07-25 18:27:16.901  INFO -rawData = ChnDataPack [chnIndex=11, voltage=3661.650549000877, backupVoltage=0.0, powerVoltage=0.0, current=4000.0, capacity=0.0, stepElapsedTime=0, loopIndex=1, stepIndex=2, alertCode=NORMAL, state=RUNNING, workMode=DC, important=true, alertVolt=3661.650549000877, alertCurrent=0.0, alertTime=10121]
2022-07-25 18:27:16.901  INFO -skip to stepIndex = 2,loopIndex = 1,total seconds=10001
2022-07-25 18:27:54.901  INFO -step index change:ChnDataPack [chnIndex=11, voltage=3649.8282052733243, backupVoltage=0.0, powerVoltage=0.0, current=0.0, capacity=0.0, stepElapsedTime=0, loopIndex=1, stepIndex=3, alertCode=NORMAL, state=RUNNING, workMode=SLEEP, important=false, alertVolt=3649.8282052733243, alertCurrent=4000.203227206058, alertTime=37998]
2022-07-25 18:27:54.901  INFO -set lead sync count = 2
2022-07-25 18:27:54.901  INFO -channel next step :1-3
2022-07-25 18:27:54.901  INFO -rawData = ChnDataPack [chnIndex=11, voltage=3649.8282052733243, backupVoltage=0.0, powerVoltage=0.0, current=0.0, capacity=0.0, stepElapsedTime=0, loopIndex=1, stepIndex=3, alertCode=NORMAL, state=RUNNING, workMode=SLEEP, important=true, alertVolt=3649.8282052733243, alertCurrent=4000.203227206058, alertTime=37998]
2022-07-25 18:27:54.901  INFO -skip to stepIndex = 3,loopIndex = 1,total seconds=38000
2022-07-25 18:28:05.901  INFO -step index change:ChnDataPack [chnIndex=11, voltage=3649.8282052733243, backupVoltage=0.0, powerVoltage=0.0, current=2500.0, capacity=0.0, stepElapsedTime=0, loopIndex=1, stepIndex=4, alertCode=NORMAL, state=RUNNING, workMode=CC, important=false, alertVolt=3649.8282052733243, alertCurrent=0.0, alertTime=10994]
2022-07-25 18:28:05.901  INFO -set lead sync count = 2
2022-07-25 18:28:05.901  INFO -channel next step :1-4
2022-07-25 18:28:05.901  INFO -rawData = ChnDataPack [chnIndex=11, voltage=3649.8282052733243, backupVoltage=0.0, powerVoltage=0.0, current=2500.0, capacity=0.0, stepElapsedTime=0, loopIndex=1, stepIndex=4, alertCode=NORMAL, state=RUNNING, workMode=CC, important=true, alertVolt=3649.8282052733243, alertCurrent=0.0, alertTime=10994]
2022-07-25 18:28:05.902  INFO -skip to stepIndex = 4,loopIndex = 1,total seconds=11001
2022-07-25 18:45:54.903  INFO -step index change:ChnDataPack [chnIndex=11, voltage=3836.7306389883643, backupVoltage=0.0, powerVoltage=0.0, current=0.0, capacity=0.0, stepElapsedTime=0, loopIndex=0, stepIndex=0, alertCode=NORMAL, state=STOP, workMode=SLEEP, important=false, alertVolt=0.0, alertCurrent=0.0, alertTime=0]
