2022-07-25 17:44:43.730  INFO -cancel sync mode
2022-07-25 17:44:44.899  INFO -channel opt start miliseconds = 1658742283934
2022-07-25 17:44:44.900  INFO -attempt to STARTUP channel,attempt :0,ChnDataPack [chnIndex=0, voltage=3800.0, backupVoltage=0.0, powerVoltage=0.0, current=0.0, capacity=0.0, stepElapsedTime=811, loopIndex=1, stepIndex=1, alertCode=NORMAL, state=RUNNING, workMode=SLEEP, important=false, alertVolt=0.0, alertCurrent=0.0, alertTime=0]
2022-07-25 17:44:44.900  INFO -start up success,channel state = RUN
2022-07-25 17:44:54.898  INFO -step index change:ChnDataPack [chnIndex=0, voltage=3800.0, backupVoltage=0.0, powerVoltage=0.0, current=4000.0, capacity=0.0, stepElapsedTime=0, loopIndex=1, stepIndex=2, alertCode=NORMAL, state=RUNNING, workMode=DC, important=false, alertVolt=3800.0, alertCurrent=0.0, alertTime=10809]
2022-07-25 17:44:54.911  INFO -set lead sync count = 2
2022-07-25 17:44:54.911  INFO -channel next step :1-2
2022-07-25 17:44:54.911  INFO -rawData = ChnDataPack [chnIndex=0, voltage=3800.0, backupVoltage=0.0, powerVoltage=0.0, current=4000.0, capacity=0.0, stepElapsedTime=0, loopIndex=1, stepIndex=2, alertCode=NORMAL, state=RUNNING, workMode=DC, important=true, alertVolt=3800.0, alertCurrent=0.0, alertTime=10809]
2022-07-25 17:44:54.911  INFO -skip to stepIndex = 2,loopIndex = 1,total seconds=10011
2022-07-25 17:45:08.293  INFO -stop step
2022-07-25 17:45:08.905  INFO -step index change:ChnDataPack [chnIndex=0, voltage=3795.9555340907705, backupVoltage=0.0, powerVoltage=0.0, current=0.0, capacity=0.0, stepElapsedTime=0, loopIndex=0, stepIndex=0, alertCode=NORMAL, state=STOP, workMode=SLEEP, important=false, alertVolt=0.0, alertCurrent=0.0, alertTime=0]
2022-07-25 17:46:51.114  INFO -cancel sync mode
2022-07-25 17:46:51.904  INFO -channel opt start miliseconds = 1658742411317
2022-07-25 17:46:51.904  INFO -attempt to STARTUP channel,attempt :0,ChnDataPack [chnIndex=0, voltage=3795.9555340907705, backupVoltage=0.0, powerVoltage=0.0, current=0.0, capacity=0.0, stepElapsedTime=432, loopIndex=1, stepIndex=1, alertCode=NORMAL, state=RUNNING, workMode=SLEEP, important=false, alertVolt=0.0, alertCurrent=0.0, alertTime=0]
2022-07-25 17:46:51.904  INFO -start up success,channel state = RUN
2022-07-25 17:47:01.891  INFO -step index change:ChnDataPack [chnIndex=0, voltage=3795.9555340907705, backupVoltage=0.0, powerVoltage=0.0, current=4000.0, capacity=0.0, stepElapsedTime=0, loopIndex=1, stepIndex=2, alertCode=NORMAL, state=RUNNING, workMode=DC, important=false, alertVolt=3795.9555340907705, alertCurrent=0.0, alertTime=10433]
2022-07-25 17:47:01.891  INFO -set lead sync count = 2
2022-07-25 17:47:01.891  INFO -channel next step :1-2
2022-07-25 17:47:01.891  INFO -rawData = ChnDataPack [chnIndex=0, voltage=3795.9555340907705, backupVoltage=0.0, powerVoltage=0.0, current=4000.0, capacity=0.0, stepElapsedTime=0, loopIndex=1, stepIndex=2, alertCode=NORMAL, state=RUNNING, workMode=DC, important=true, alertVolt=3795.9555340907705, alertCurrent=0.0, alertTime=10433]
2022-07-25 17:47:01.891  INFO -skip to stepIndex = 2,loopIndex = 1,total seconds=9987
2022-07-25 17:54:51.906  INFO -step index change:ChnDataPack [chnIndex=0, voltage=3649.7332169536307, backupVoltage=0.0, powerVoltage=0.0, current=0.0, capacity=0.0, stepElapsedTime=0, loopIndex=1, stepIndex=3, alertCode=NORMAL, state=RUNNING, workMode=SLEEP, important=false, alertVolt=3649.7332169536307, alertCurrent=3999.8457531061763, alertTime=470000]
2022-07-25 17:54:51.906  INFO -set lead sync count = 2
2022-07-25 17:54:51.906  INFO -channel next step :1-3
2022-07-25 17:54:51.906  INFO -rawData = ChnDataPack [chnIndex=0, voltage=3649.7332169536307, backupVoltage=0.0, powerVoltage=0.0, current=0.0, capacity=0.0, stepElapsedTime=0, loopIndex=1, stepIndex=3, alertCode=NORMAL, state=RUNNING, workMode=SLEEP, important=true, alertVolt=3649.7332169536307, alertCurrent=3999.8457531061763, alertTime=470000]
2022-07-25 17:54:51.907  INFO -skip to stepIndex = 3,loopIndex = 1,total seconds=470015
2022-07-25 17:55:02.894  INFO -step index change:ChnDataPack [chnIndex=0, voltage=3649.7332169536307, backupVoltage=0.0, powerVoltage=0.0, current=2500.0, capacity=0.0, stepElapsedTime=0, loopIndex=1, stepIndex=4, alertCode=NORMAL, state=RUNNING, workMode=CC, important=false, alertVolt=3649.7332169536307, alertCurrent=0.0, alertTime=10989]
2022-07-25 17:55:02.894  INFO -set lead sync count = 2
2022-07-25 17:55:02.894  INFO -channel next step :1-4
2022-07-25 17:55:02.894  INFO -rawData = ChnDataPack [chnIndex=0, voltage=3649.7332169536307, backupVoltage=0.0, powerVoltage=0.0, current=2500.0, capacity=0.0, stepElapsedTime=0, loopIndex=1, stepIndex=4, alertCode=NORMAL, state=RUNNING, workMode=CC, important=true, alertVolt=3649.7332169536307, alertCurrent=0.0, alertTime=10989]
2022-07-25 17:55:02.894  INFO -skip to stepIndex = 4,loopIndex = 1,total seconds=10988
2022-07-25 17:59:47.242  INFO -stop step
2022-07-25 17:59:47.901  INFO -step index change:ChnDataPack [chnIndex=0, voltage=3699.432772254869, backupVoltage=0.0, powerVoltage=0.0, current=0.0, capacity=0.0, stepElapsedTime=0, loopIndex=0, stepIndex=0, alertCode=NORMAL, state=STOP, workMode=SLEEP, important=false, alertVolt=0.0, alertCurrent=0.0, alertTime=0]
2022-07-25 18:05:23.311  INFO -cancel sync mode
2022-07-25 18:05:23.897  INFO -channel opt start miliseconds = 1658743523526
2022-07-25 18:05:23.897  INFO -attempt to STARTUP channel,attempt :0,ChnDataPack [chnIndex=0, voltage=3699.432772254869, backupVoltage=0.0, powerVoltage=0.0, current=0.0, capacity=0.0, stepElapsedTime=214, loopIndex=1, stepIndex=1, alertCode=NORMAL, state=RUNNING, workMode=SLEEP, important=false, alertVolt=0.0, alertCurrent=0.0, alertTime=0]
2022-07-25 18:05:23.897  INFO -start up success,channel state = RUN
2022-07-25 18:05:33.895  INFO -step index change:ChnDataPack [chnIndex=0, voltage=3699.432772254869, backupVoltage=0.0, powerVoltage=0.0, current=4000.0, capacity=0.0, stepElapsedTime=0, loopIndex=1, stepIndex=2, alertCode=NORMAL, state=RUNNING, workMode=DC, important=false, alertVolt=3699.432772254869, alertCurrent=0.0, alertTime=10214]
2022-07-25 18:05:33.895  INFO -set lead sync count = 2
2022-07-25 18:05:33.895  INFO -channel next step :1-2
2022-07-25 18:05:33.895  INFO -rawData = ChnDataPack [chnIndex=0, voltage=3699.432772254869, backupVoltage=0.0, powerVoltage=0.0, current=4000.0, capacity=0.0, stepElapsedTime=0, loopIndex=1, stepIndex=2, alertCode=NORMAL, state=RUNNING, workMode=DC, important=true, alertVolt=3699.432772254869, alertCurrent=0.0, alertTime=10214]
2022-07-25 18:05:33.896  INFO -skip to stepIndex = 2,loopIndex = 1,total seconds=9998
2022-07-25 18:07:36.446  INFO -stop step
2022-07-25 18:07:36.898  INFO -step index change:ChnDataPack [chnIndex=0, voltage=3661.477244434894, backupVoltage=0.0, powerVoltage=0.0, current=0.0, capacity=0.0, stepElapsedTime=0, loopIndex=0, stepIndex=0, alertCode=NORMAL, state=STOP, workMode=SLEEP, important=false, alertVolt=0.0, alertCurrent=0.0, alertTime=0]
2022-07-25 18:26:56.701  INFO -cancel sync mode
2022-07-25 18:26:57.896  INFO -channel opt start miliseconds = 1658744816905
2022-07-25 18:26:57.896  INFO -attempt to STARTUP channel,attempt :0,ChnDataPack [chnIndex=0, voltage=3661.477244434894, backupVoltage=0.0, powerVoltage=0.0, current=0.0, capacity=0.0, stepElapsedTime=836, loopIndex=1, stepIndex=1, alertCode=NORMAL, state=RUNNING, workMode=SLEEP, important=false, alertVolt=0.0, alertCurrent=0.0, alertTime=0]
2022-07-25 18:26:57.896  INFO -start up success,channel state = RUN
2022-07-25 18:27:05.896  INFO -step index change:ChnDataPack [chnIndex=0, voltage=3661.477244434894, backupVoltage=0.0, powerVoltage=0.0, current=0.0, capacity=0.0, stepElapsedTime=0, loopIndex=0, stepIndex=0, alertCode=NORMAL, state=STOP, workMode=SLEEP, important=false, alertVolt=0.0, alertCurrent=0.0, alertTime=0]
2022-07-25 18:27:14.619  INFO -create startup init Data
2022-07-25 18:27:14.891  INFO -channel opt start miliseconds = 1658744834620
2022-07-25 18:27:14.891  INFO -attempt to FORMATION channel,attempt :0,ChnDataPack [chnIndex=0, voltage=3661.477244434894, backupVoltage=0.0, powerVoltage=0.0, current=0.0, capacity=0.0, stepElapsedTime=7123, loopIndex=1, stepIndex=1, alertCode=NORMAL, state=RUNNING, workMode=SLEEP, important=false, alertVolt=0.0, alertCurrent=0.0, alertTime=0]
2022-07-25 18:27:14.891  INFO -resume ok
2022-07-25 18:27:14.891  INFO -start up success,channel state = RUN
2022-07-25 18:27:17.896  INFO -step index change:ChnDataPack [chnIndex=0, voltage=3661.477244434894, backupVoltage=0.0, powerVoltage=0.0, current=4000.0, capacity=0.0, stepElapsedTime=0, loopIndex=1, stepIndex=2, alertCode=NORMAL, state=RUNNING, workMode=DC, important=false, alertVolt=3661.477244434894, alertCurrent=0.0, alertTime=10128]
2022-07-25 18:27:17.896  INFO -set lead sync count = 2
2022-07-25 18:27:17.896  INFO -channel next step :1-2
2022-07-25 18:27:17.897  INFO -rawData = ChnDataPack [chnIndex=0, voltage=3661.477244434894, backupVoltage=0.0, powerVoltage=0.0, current=4000.0, capacity=0.0, stepElapsedTime=0, loopIndex=1, stepIndex=2, alertCode=NORMAL, state=RUNNING, workMode=DC, important=true, alertVolt=3661.477244434894, alertCurrent=0.0, alertTime=10128]
2022-07-25 18:27:17.897  INFO -skip to stepIndex = 2,loopIndex = 1,total seconds=10012
2022-07-25 18:27:54.898  INFO -step index change:ChnDataPack [chnIndex=0, voltage=3649.9655530140585, backupVoltage=0.0, powerVoltage=0.0, current=0.0, capacity=0.0, stepElapsedTime=0, loopIndex=1, stepIndex=3, alertCode=NORMAL, state=RUNNING, workMode=SLEEP, important=false, alertVolt=3649.9655530140585, alertCurrent=4000.7774919839, alertTime=37001]
2022-07-25 18:27:54.898  INFO -set lead sync count = 2
2022-07-25 18:27:54.898  INFO -channel next step :1-3
2022-07-25 18:27:54.898  INFO -rawData = ChnDataPack [chnIndex=0, voltage=3649.9655530140585, backupVoltage=0.0, powerVoltage=0.0, current=0.0, capacity=0.0, stepElapsedTime=0, loopIndex=1, stepIndex=3, alertCode=NORMAL, state=RUNNING, workMode=SLEEP, important=true, alertVolt=3649.9655530140585, alertCurrent=4000.7774919839, alertTime=37001]
2022-07-25 18:27:54.898  INFO -skip to stepIndex = 3,loopIndex = 1,total seconds=37001
2022-07-25 18:28:05.893  INFO -step index change:ChnDataPack [chnIndex=0, voltage=3649.9655530140585, backupVoltage=0.0, powerVoltage=0.0, current=2500.0, capacity=0.0, stepElapsedTime=0, loopIndex=1, stepIndex=4, alertCode=NORMAL, state=RUNNING, workMode=CC, important=false, alertVolt=3649.9655530140585, alertCurrent=0.0, alertTime=10994]
2022-07-25 18:28:05.893  INFO -set lead sync count = 2
2022-07-25 18:28:05.893  INFO -channel next step :1-4
2022-07-25 18:28:05.893  INFO -rawData = ChnDataPack [chnIndex=0, voltage=3649.9655530140585, backupVoltage=0.0, powerVoltage=0.0, current=2500.0, capacity=0.0, stepElapsedTime=0, loopIndex=1, stepIndex=4, alertCode=NORMAL, state=RUNNING, workMode=CC, important=true, alertVolt=3649.9655530140585, alertCurrent=0.0, alertTime=10994]
2022-07-25 18:28:05.894  INFO -skip to stepIndex = 4,loopIndex = 1,total seconds=10995
2022-07-25 18:45:54.902  INFO -step index change:ChnDataPack [chnIndex=0, voltage=3836.8666958231593, backupVoltage=0.0, powerVoltage=0.0, current=0.0, capacity=0.0, stepElapsedTime=0, loopIndex=0, stepIndex=0, alertCode=NORMAL, state=STOP, workMode=SLEEP, important=false, alertVolt=0.0, alertCurrent=0.0, alertTime=0]
