2022-07-25 17:44:43.505  INFO -cancel sync mode
2022-07-25 17:44:43.912  INFO -channel opt start miliseconds = 1658742283730
2022-07-25 17:44:43.913  INFO -attempt to STARTUP channel,attempt :0,ChnDataPack [chnIndex=14, voltage=3800.0, backupVoltage=0.0, powerVoltage=0.0, current=0.0, capacity=0.0, stepElapsedTime=34, loopIndex=1, stepIndex=1, alertCode=NORMAL, state=RUNNING, workMode=SLEEP, important=false, alertVolt=0.0, alertCurrent=0.0, alertTime=0]
2022-07-25 17:44:43.913  INFO -start up success,channel state = RUN
2022-07-25 17:44:53.920  INFO -step index change:ChnDataPack [chnIndex=14, voltage=3800.0, backupVoltage=0.0, powerVoltage=0.0, current=4000.0, capacity=0.0, stepElapsedTime=0, loopIndex=1, stepIndex=2, alertCode=NORMAL, state=RUNNING, workMode=DC, important=false, alertVolt=3800.0, alertCurrent=0.0, alertTime=10028]
2022-07-25 17:44:53.921  INFO -set lead sync count = 2
2022-07-25 17:44:53.921  INFO -channel next step :1-2
2022-07-25 17:44:53.921  INFO -rawData = ChnDataPack [chnIndex=14, voltage=3800.0, backupVoltage=0.0, powerVoltage=0.0, current=4000.0, capacity=0.0, stepElapsedTime=0, loopIndex=1, stepIndex=2, alertCode=NORMAL, state=RUNNING, workMode=DC, important=true, alertVolt=3800.0, alertCurrent=0.0, alertTime=10028]
2022-07-25 17:44:53.921  INFO -skip to stepIndex = 2,loopIndex = 1,total seconds=10008
2022-07-25 17:45:08.290  INFO -stop step
2022-07-25 17:45:08.907  INFO -step index change:ChnDataPack [chnIndex=14, voltage=3795.6447681467253, backupVoltage=0.0, powerVoltage=0.0, current=0.0, capacity=0.0, stepElapsedTime=0, loopIndex=0, stepIndex=0, alertCode=NORMAL, state=STOP, workMode=SLEEP, important=false, alertVolt=0.0, alertCurrent=0.0, alertTime=0]
2022-07-25 17:46:50.914  INFO -cancel sync mode
2022-07-25 17:46:51.907  INFO -channel opt start miliseconds = 1658742411114
2022-07-25 17:46:51.907  INFO -attempt to STARTUP channel,attempt :0,ChnDataPack [chnIndex=14, voltage=3795.6447681467253, backupVoltage=0.0, powerVoltage=0.0, current=0.0, capacity=0.0, stepElapsedTime=635, loopIndex=1, stepIndex=1, alertCode=NORMAL, state=RUNNING, workMode=SLEEP, important=false, alertVolt=0.0, alertCurrent=0.0, alertTime=0]
2022-07-25 17:46:51.907  INFO -start up success,channel state = RUN
2022-07-25 17:47:01.897  INFO -step index change:ChnDataPack [chnIndex=14, voltage=3795.6447681467253, backupVoltage=0.0, powerVoltage=0.0, current=4000.0, capacity=0.0, stepElapsedTime=0, loopIndex=1, stepIndex=2, alertCode=NORMAL, state=RUNNING, workMode=DC, important=false, alertVolt=3795.6447681467253, alertCurrent=0.0, alertTime=10637]
2022-07-25 17:47:01.897  INFO -set lead sync count = 2
2022-07-25 17:47:01.897  INFO -channel next step :1-2
2022-07-25 17:47:01.897  INFO -rawData = ChnDataPack [chnIndex=14, voltage=3795.6447681467253, backupVoltage=0.0, powerVoltage=0.0, current=4000.0, capacity=0.0, stepElapsedTime=0, loopIndex=1, stepIndex=2, alertCode=NORMAL, state=RUNNING, workMode=DC, important=true, alertVolt=3795.6447681467253, alertCurrent=0.0, alertTime=10637]
2022-07-25 17:47:01.897  INFO -skip to stepIndex = 2,loopIndex = 1,total seconds=9990
2022-07-25 17:54:50.907  INFO -step index change:ChnDataPack [chnIndex=14, voltage=3649.733281511687, backupVoltage=0.0, powerVoltage=0.0, current=0.0, capacity=0.0, stepElapsedTime=0, loopIndex=1, stepIndex=3, alertCode=NORMAL, state=RUNNING, workMode=SLEEP, important=false, alertVolt=3649.733281511687, alertCurrent=4000.177173761925, alertTime=468993]
2022-07-25 17:54:50.907  INFO -set lead sync count = 2
2022-07-25 17:54:50.907  INFO -channel next step :1-3
2022-07-25 17:54:50.907  INFO -rawData = ChnDataPack [chnIndex=14, voltage=3649.733281511687, backupVoltage=0.0, powerVoltage=0.0, current=0.0, capacity=0.0, stepElapsedTime=0, loopIndex=1, stepIndex=3, alertCode=NORMAL, state=RUNNING, workMode=SLEEP, important=true, alertVolt=3649.733281511687, alertCurrent=4000.177173761925, alertTime=468993]
2022-07-25 17:54:50.908  INFO -skip to stepIndex = 3,loopIndex = 1,total seconds=469011
2022-07-25 17:55:01.912  INFO -step index change:ChnDataPack [chnIndex=14, voltage=3649.733281511687, backupVoltage=0.0, powerVoltage=0.0, current=2500.0, capacity=0.0, stepElapsedTime=0, loopIndex=1, stepIndex=4, alertCode=NORMAL, state=RUNNING, workMode=CC, important=false, alertVolt=3649.733281511687, alertCurrent=0.0, alertTime=11000]
2022-07-25 17:55:01.912  INFO -set lead sync count = 2
2022-07-25 17:55:01.912  INFO -channel next step :1-4
2022-07-25 17:55:01.912  INFO -rawData = ChnDataPack [chnIndex=14, voltage=3649.733281511687, backupVoltage=0.0, powerVoltage=0.0, current=2500.0, capacity=0.0, stepElapsedTime=0, loopIndex=1, stepIndex=4, alertCode=NORMAL, state=RUNNING, workMode=CC, important=true, alertVolt=3649.733281511687, alertCurrent=0.0, alertTime=11000]
2022-07-25 17:55:01.912  INFO -skip to stepIndex = 4,loopIndex = 1,total seconds=11004
2022-07-25 17:59:47.239  INFO -stop step
2022-07-25 17:59:47.904  INFO -step index change:ChnDataPack [chnIndex=14, voltage=3699.6082267204465, backupVoltage=0.0, powerVoltage=0.0, current=0.0, capacity=0.0, stepElapsedTime=0, loopIndex=0, stepIndex=0, alertCode=NORMAL, state=STOP, workMode=SLEEP, important=false, alertVolt=0.0, alertCurrent=0.0, alertTime=0]
2022-07-25 18:05:23.103  INFO -cancel sync mode
2022-07-25 18:05:23.903  INFO -channel opt start miliseconds = 1658743523311
2022-07-25 18:05:23.903  INFO -attempt to STARTUP channel,attempt :0,ChnDataPack [chnIndex=14, voltage=3699.6082267204465, backupVoltage=0.0, powerVoltage=0.0, current=0.0, capacity=0.0, stepElapsedTime=430, loopIndex=1, stepIndex=1, alertCode=NORMAL, state=RUNNING, workMode=SLEEP, important=false, alertVolt=0.0, alertCurrent=0.0, alertTime=0]
2022-07-25 18:05:23.903  INFO -start up success,channel state = RUN
2022-07-25 18:05:33.908  INFO -step index change:ChnDataPack [chnIndex=14, voltage=3699.6082267204465, backupVoltage=0.0, powerVoltage=0.0, current=4000.0, capacity=0.0, stepElapsedTime=0, loopIndex=1, stepIndex=2, alertCode=NORMAL, state=RUNNING, workMode=DC, important=false, alertVolt=3699.6082267204465, alertCurrent=0.0, alertTime=10429]
2022-07-25 18:05:33.908  INFO -set lead sync count = 2
2022-07-25 18:05:33.908  INFO -channel next step :1-2
2022-07-25 18:05:33.908  INFO -rawData = ChnDataPack [chnIndex=14, voltage=3699.6082267204465, backupVoltage=0.0, powerVoltage=0.0, current=4000.0, capacity=0.0, stepElapsedTime=0, loopIndex=1, stepIndex=2, alertCode=NORMAL, state=RUNNING, workMode=DC, important=true, alertVolt=3699.6082267204465, alertCurrent=0.0, alertTime=10429]
2022-07-25 18:05:33.909  INFO -skip to stepIndex = 2,loopIndex = 1,total seconds=10006
2022-07-25 18:07:36.445  INFO -stop step
2022-07-25 18:07:36.899  INFO -step index change:ChnDataPack [chnIndex=14, voltage=3661.6520432832262, backupVoltage=0.0, powerVoltage=0.0, current=0.0, capacity=0.0, stepElapsedTime=0, loopIndex=0, stepIndex=0, alertCode=NORMAL, state=STOP, workMode=SLEEP, important=false, alertVolt=0.0, alertCurrent=0.0, alertTime=0]
2022-07-25 18:26:56.487  INFO -cancel sync mode
2022-07-25 18:26:56.910  INFO -channel opt start miliseconds = 1658744816701
2022-07-25 18:26:56.910  INFO -attempt to STARTUP channel,attempt :0,ChnDataPack [chnIndex=14, voltage=3661.6520432832262, backupVoltage=0.0, powerVoltage=0.0, current=0.0, capacity=0.0, stepElapsedTime=48, loopIndex=1, stepIndex=1, alertCode=NORMAL, state=RUNNING, workMode=SLEEP, important=false, alertVolt=0.0, alertCurrent=0.0, alertTime=0]
2022-07-25 18:26:56.911  INFO -start up success,channel state = RUN
2022-07-25 18:27:05.899  INFO -step index change:ChnDataPack [chnIndex=14, voltage=3661.6520432832262, backupVoltage=0.0, powerVoltage=0.0, current=0.0, capacity=0.0, stepElapsedTime=0, loopIndex=0, stepIndex=0, alertCode=NORMAL, state=STOP, workMode=SLEEP, important=false, alertVolt=0.0, alertCurrent=0.0, alertTime=0]
2022-07-25 18:27:14.618  INFO -create startup init Data
2022-07-25 18:27:14.896  INFO -channel opt start miliseconds = 1658744834619
2022-07-25 18:27:14.896  INFO -attempt to FORMATION channel,attempt :0,ChnDataPack [chnIndex=14, voltage=3661.6520432832262, backupVoltage=0.0, powerVoltage=0.0, current=0.0, capacity=0.0, stepElapsedTime=8109, loopIndex=1, stepIndex=1, alertCode=NORMAL, state=RUNNING, workMode=SLEEP, important=false, alertVolt=0.0, alertCurrent=0.0, alertTime=0]
2022-07-25 18:27:14.896  INFO -resume ok
2022-07-25 18:27:14.896  INFO -start up success,channel state = RUN
2022-07-25 18:27:16.901  INFO -step index change:ChnDataPack [chnIndex=14, voltage=3661.6520432832262, backupVoltage=0.0, powerVoltage=0.0, current=4000.0, capacity=0.0, stepElapsedTime=0, loopIndex=1, stepIndex=2, alertCode=NORMAL, state=RUNNING, workMode=DC, important=false, alertVolt=3661.6520432832262, alertCurrent=0.0, alertTime=10117]
2022-07-25 18:27:16.902  INFO -set lead sync count = 2
2022-07-25 18:27:16.902  INFO -channel next step :1-2
2022-07-25 18:27:16.902  INFO -rawData = ChnDataPack [chnIndex=14, voltage=3661.6520432832262, backupVoltage=0.0, powerVoltage=0.0, current=4000.0, capacity=0.0, stepElapsedTime=0, loopIndex=1, stepIndex=2, alertCode=NORMAL, state=RUNNING, workMode=DC, important=true, alertVolt=3661.6520432832262, alertCurrent=0.0, alertTime=10117]
2022-07-25 18:27:16.902  INFO -skip to stepIndex = 2,loopIndex = 1,total seconds=9998
2022-07-25 18:27:54.901  INFO -step index change:ChnDataPack [chnIndex=14, voltage=3649.829285898662, backupVoltage=0.0, powerVoltage=0.0, current=0.0, capacity=0.0, stepElapsedTime=0, loopIndex=1, stepIndex=3, alertCode=NORMAL, state=RUNNING, workMode=SLEEP, important=false, alertVolt=3649.829285898662, alertCurrent=4000.571904008609, alertTime=37998]
2022-07-25 18:27:54.901  INFO -set lead sync count = 2
2022-07-25 18:27:54.901  INFO -channel next step :1-3
2022-07-25 18:27:54.901  INFO -rawData = ChnDataPack [chnIndex=14, voltage=3649.829285898662, backupVoltage=0.0, powerVoltage=0.0, current=0.0, capacity=0.0, stepElapsedTime=0, loopIndex=1, stepIndex=3, alertCode=NORMAL, state=RUNNING, workMode=SLEEP, important=true, alertVolt=3649.829285898662, alertCurrent=4000.571904008609, alertTime=37998]
2022-07-25 18:27:54.901  INFO -skip to stepIndex = 3,loopIndex = 1,total seconds=37999
2022-07-25 18:28:05.902  INFO -step index change:ChnDataPack [chnIndex=14, voltage=3649.829285898662, backupVoltage=0.0, powerVoltage=0.0, current=2500.0, capacity=0.0, stepElapsedTime=0, loopIndex=1, stepIndex=4, alertCode=NORMAL, state=RUNNING, workMode=CC, important=false, alertVolt=3649.829285898662, alertCurrent=0.0, alertTime=10994]
2022-07-25 18:28:05.902  INFO -set lead sync count = 2
2022-07-25 18:28:05.902  INFO -channel next step :1-4
2022-07-25 18:28:05.902  INFO -rawData = ChnDataPack [chnIndex=14, voltage=3649.829285898662, backupVoltage=0.0, powerVoltage=0.0, current=2500.0, capacity=0.0, stepElapsedTime=0, loopIndex=1, stepIndex=4, alertCode=NORMAL, state=RUNNING, workMode=CC, important=true, alertVolt=3649.829285898662, alertCurrent=0.0, alertTime=10994]
2022-07-25 18:28:05.903  INFO -skip to stepIndex = 4,loopIndex = 1,total seconds=11002
2022-07-25 18:45:54.903  INFO -step index change:ChnDataPack [chnIndex=14, voltage=3836.7284849997914, backupVoltage=0.0, powerVoltage=0.0, current=0.0, capacity=0.0, stepElapsedTime=0, loopIndex=0, stepIndex=0, alertCode=NORMAL, state=STOP, workMode=SLEEP, important=false, alertVolt=0.0, alertCurrent=0.0, alertTime=0]
