2021-06-19 16:14:05.553  INFO -write pole protect:PoleData [pole=NORMAL, poleDefine=345.0]
2021-06-19 16:14:05.554  INFO -write device voltage protect:DeviceProtectData [batVoltUpper=4500.0, deviceVoltUpper=5000.0, currUpper=3000.0, capacityCoefficien=1.35]
2021-06-21 09:25:24.853  INFO -load ag protection:345.0
2021-06-21 09:25:24.854  INFO -load ic protection:150.0
2021-06-21 09:29:48.953  INFO -load ag protection:345.0
2021-06-21 09:29:48.953  INFO -load ic protection:150.0
2021-06-21 09:32:40.511  INFO -load ag protection:345.0
2021-06-21 09:32:40.512  INFO -load ic protection:150.0
2021-06-21 09:45:19.054  INFO -load ag protection:345.0
2021-06-21 09:45:19.054  INFO -load ic protection:150.0
2021-06-21 11:11:28.475  INFO -load ag protection:385.0
2021-06-21 11:11:28.476  INFO -load ic protection:150.0
2021-06-21 11:11:28.476  INFO -load device protect:DeviceProtectData [batVoltUpper=4500.0, deviceVoltUpper=5000.0, currUpper=3000.0, capacityCoefficien=1.35]
2021-06-21 11:11:28.476  INFO -load pole protect:PoleData [pole=NORMAL, poleDefine=385.0]
2021-06-21 11:24:11.144  INFO -load ag protection:385.0
2021-06-21 11:24:11.144  INFO -load ic protection:150.0
2021-06-21 11:24:11.144  INFO -load device protect:DeviceProtectData [batVoltUpper=4500.0, deviceVoltUpper=5000.0, currUpper=3000.0, capacityCoefficien=1.35]
2021-06-21 11:24:11.145  INFO -load pole protect:PoleData [pole=NORMAL, poleDefine=385.0]
2021-06-21 11:24:19.840  INFO -load ag protection:385.0
2021-06-21 11:24:19.840  INFO -load ic protection:150.0
2021-06-21 11:24:19.840  INFO -load device protect:DeviceProtectData [batVoltUpper=4500.0, deviceVoltUpper=5000.0, currUpper=3000.0, capacityCoefficien=1.35]
2021-06-21 11:24:19.840  INFO -load pole protect:PoleData [pole=NORMAL, poleDefine=385.0]
2021-06-21 11:53:09.146  INFO -load ag protection:385.0
2021-06-21 11:53:09.147  INFO -load ic protection:150.0
2021-06-21 11:53:09.147  INFO -load device protect:DeviceProtectData [batVoltUpper=4500.0, deviceVoltUpper=5000.0, currUpper=3000.0, capacityCoefficien=1.35]
2021-06-21 11:53:09.147  INFO -load pole protect:PoleData [pole=NORMAL, poleDefine=385.0]
2021-06-21 14:05:25.478  INFO -load ag protection:385.0
2021-06-21 14:05:25.478  INFO -load ic protection:150.0
2021-06-21 14:05:25.478  INFO -load device protect:DeviceProtectData [batVoltUpper=4500.0, deviceVoltUpper=5000.0, currUpper=3000.0, capacityCoefficien=1.35]
2021-06-21 14:05:25.478  INFO -load pole protect:PoleData [pole=NORMAL, poleDefine=385.0]
2021-06-21 16:41:49.558  INFO -load ag protection:385.0
2021-06-21 16:41:49.558  INFO -load ic protection:150.0
2021-06-21 16:41:49.558  INFO -load device protect:DeviceProtectData [batVoltUpper=4500.0, deviceVoltUpper=5000.0, currUpper=3000.0, capacityCoefficien=1.35]
2021-06-21 16:41:49.558  INFO -load pole protect:PoleData [pole=NORMAL, poleDefine=385.0]
2021-06-21 16:46:29.252  INFO -load ag protection:385.0
2021-06-21 16:46:29.253  INFO -load ic protection:150.0
2021-06-21 16:46:29.254  INFO -load device protect:DeviceProtectData [batVoltUpper=4500.0, deviceVoltUpper=5000.0, currUpper=3000.0, capacityCoefficien=1.3]
2021-06-21 16:46:29.256  INFO -load pole protect:PoleData [pole=NORMAL, poleDefine=386.0]
2021-06-21 17:58:04.166  INFO -load ag protection:385.0
2021-06-21 17:58:04.166  INFO -load ic protection:150.0
2021-06-21 17:58:04.167  INFO -load device protect:DeviceProtectData [batVoltUpper=4500.0, deviceVoltUpper=5000.0, currUpper=3000.0, capacityCoefficien=1.35]
2021-06-21 17:58:04.170  INFO -load pole protect:PoleData [pole=NORMAL, poleDefine=386.0]
2021-06-21 18:32:22.119  INFO -load ag protection:385.0
2021-06-21 18:32:22.119  INFO -load ic protection:150.0
2021-06-21 18:32:22.120  INFO -load device protect:DeviceProtectData [batVoltUpper=4500.0, deviceVoltUpper=5000.0, currUpper=4500.0, capacityCoefficien=1.5]
2021-06-21 18:32:22.123  INFO -load pole protect:PoleData [pole=NORMAL, poleDefine=500.0]
2021-06-22 10:30:07.325  INFO -load ag protection:385.0
2021-06-22 10:30:07.337  INFO -load ic protection:150.0
2021-06-22 10:30:07.340  INFO -load device protect:DeviceProtectData [batVoltUpper=4500.0, deviceVoltUpper=5000.0, currUpper=4500.0, capacityCoefficien=1.5]
2021-06-22 10:30:07.361  INFO -load pole protect:PoleData [pole=NORMAL, poleDefine=500.0]
2021-06-22 10:31:14.425  INFO -write pole protect:PoleData [pole=NORMAL, poleDefine=500.0]
2021-06-22 10:31:14.425  INFO -write device voltage protect:DeviceProtectData [batVoltUpper=4500.0, deviceVoltUpper=5000.0, currUpper=4500.0, capacityCoefficien=1.5]
2021-06-22 11:29:38.236  INFO -load ag protection:150.0
2021-06-22 11:29:38.236  INFO -load ic protection:150.0
2021-06-22 11:29:38.236  INFO -load device protect:DeviceProtectData [batVoltUpper=4800.0, deviceVoltUpper=5000.0, currUpper=500.0, capacityCoefficien=2.5]
2021-06-22 11:29:38.237  INFO -load pole protect:PoleData [pole=NORMAL, poleDefine=150.0]
2021-06-22 11:32:03.576  INFO -load ag protection:150.0
2021-06-22 11:32:03.577  INFO -load ic protection:150.0
2021-06-22 11:32:03.577  INFO -load device protect:DeviceProtectData [batVoltUpper=4800.0, deviceVoltUpper=5000.0, currUpper=500.0, capacityCoefficien=2.5]
2021-06-22 11:32:03.577  INFO -load pole protect:PoleData [pole=NORMAL, poleDefine=150.0]
2021-06-23 09:05:25.752  INFO -write pole protect:PoleData [pole=NORMAL, poleDefine=150.0]
2021-06-23 09:05:25.798  INFO -write device voltage protect:DeviceProtectData [batVoltUpper=4800.0, deviceVoltUpper=5000.0, currUpper=4200.0, capacityCoefficien=2.5]
2021-06-23 09:11:35.648  INFO -write pole protect:PoleData [pole=NORMAL, poleDefine=150.0]
2021-06-23 09:11:35.648  INFO -write device voltage protect:DeviceProtectData [batVoltUpper=4800.0, deviceVoltUpper=5000.0, currUpper=4200.0, capacityCoefficien=2.5]
2021-06-24 10:22:13.370  INFO -load ag protection:150.0
2021-06-24 10:22:13.382  INFO -load ic protection:150.0
2021-06-24 10:22:13.383  INFO -load device protect:DeviceProtectData [batVoltUpper=4800.0, deviceVoltUpper=5000.0, currUpper=4200.0, capacityCoefficien=2.5]
2021-06-24 10:22:13.384  INFO -load pole protect:PoleData [pole=NORMAL, poleDefine=150.0]
2021-06-25 10:01:35.974  INFO -load ag protection:150.0
2021-06-25 10:01:35.974  INFO -load ic protection:150.0
2021-06-25 10:01:35.975  INFO -load device protect:DeviceProtectData [batVoltUpper=4800.0, deviceVoltUpper=5000.0, currUpper=4200.0, capacityCoefficien=2.5]
2021-06-25 10:01:35.975  INFO -load pole protect:PoleData [pole=NORMAL, poleDefine=150.0]
2021-06-25 13:37:34.735  INFO -load ag protection:150.0
2021-06-25 13:37:34.735  INFO -load ic protection:150.0
2021-06-25 13:37:34.736  INFO -load device protect:DeviceProtectData [batVoltUpper=4800.0, deviceVoltUpper=5000.0, currUpper=4200.0, capacityCoefficien=2.5]
2021-06-25 13:37:34.736  INFO -load pole protect:PoleData [pole=NORMAL, poleDefine=150.0]
2021-06-25 13:43:13.290  INFO -load ag protection:150.0
2021-06-25 13:43:13.291  INFO -load ic protection:150.0
2021-06-25 13:43:13.292  INFO -load device protect:DeviceProtectData [batVoltUpper=4800.0, deviceVoltUpper=5000.0, currUpper=4200.0, capacityCoefficien=2.5]
2021-06-25 13:43:13.292  INFO -load pole protect:PoleData [pole=NORMAL, poleDefine=150.0]
2021-06-25 13:49:51.292  INFO -load ag protection:150.0
2021-06-25 13:49:51.292  INFO -load ic protection:150.0
2021-06-25 13:49:51.294  INFO -load device protect:DeviceProtectData [batVoltUpper=4800.0, deviceVoltUpper=5000.0, currUpper=4200.0, capacityCoefficien=2.5]
2021-06-25 13:49:51.294  INFO -load pole protect:PoleData [pole=NORMAL, poleDefine=150.0]
2021-06-25 13:59:00.954  INFO -load ag protection:150.0
2021-06-25 13:59:00.954  INFO -load ic protection:150.0
2021-06-25 13:59:00.955  INFO -load device protect:DeviceProtectData [batVoltUpper=4800.0, deviceVoltUpper=5000.0, currUpper=4200.0, capacityCoefficien=2.5]
2021-06-25 13:59:00.956  INFO -load pole protect:PoleData [pole=NORMAL, poleDefine=150.0]
2021-06-25 14:01:10.530  INFO -load ag protection:150.0
2021-06-25 14:01:10.531  INFO -load ic protection:150.0
2021-06-25 14:01:10.532  INFO -load device protect:DeviceProtectData [batVoltUpper=4800.0, deviceVoltUpper=5000.0, currUpper=500.0, capacityCoefficien=2.5]
2021-06-25 14:01:10.532  INFO -load pole protect:PoleData [pole=NORMAL, poleDefine=150.0]
2021-06-25 17:53:20.928  INFO -load ag protection:150.0
2021-06-25 17:53:20.936  INFO -load ic protection:150.0
2021-06-25 17:53:20.969  INFO -load device protect:DeviceProtectData [batVoltUpper=4800.0, deviceVoltUpper=5000.0, currUpper=4000.0, capacityCoefficien=2.5]
2021-06-25 17:53:20.970  INFO -load pole protect:PoleData [pole=NORMAL, poleDefine=150.0]
2021-06-25 18:01:35.723  INFO -load ag protection:150.0
2021-06-25 18:01:35.725  INFO -load ic protection:150.0
2021-06-25 18:01:35.728  INFO -load device protect:DeviceProtectData [batVoltUpper=4800.0, deviceVoltUpper=5000.0, currUpper=4000.0, capacityCoefficien=2.5]
2021-06-25 18:01:35.728  INFO -load pole protect:PoleData [pole=NORMAL, poleDefine=150.0]
2021-06-28 09:25:53.313  INFO -load ag protection:150.0
2021-06-28 09:25:53.328  INFO -load ic protection:150.0
2021-06-28 09:25:53.343  INFO -load device protect:DeviceProtectData [batVoltUpper=4800.0, deviceVoltUpper=5000.0, currUpper=4000.0, capacityCoefficien=2.5]
2021-06-28 09:25:53.343  INFO -load pole protect:PoleData [pole=NORMAL, poleDefine=150.0]
2021-06-28 11:21:53.026  INFO -load ag protection:150.0
2021-06-28 11:21:53.042  INFO -load ic protection:150.0
2021-06-28 11:21:53.055  INFO -load device protect:DeviceProtectData [batVoltUpper=4800.0, deviceVoltUpper=5000.0, currUpper=4000.0, capacityCoefficien=2.5]
2021-06-28 11:21:53.055  INFO -load pole protect:PoleData [pole=NORMAL, poleDefine=150.0]
2021-06-28 11:23:17.340  INFO -load ag protection:150.0
2021-06-28 11:23:17.341  INFO -load ic protection:150.0
2021-06-28 11:23:17.344  INFO -load device protect:DeviceProtectData [batVoltUpper=4800.0, deviceVoltUpper=5000.0, currUpper=4000.0, capacityCoefficien=2.5]
2021-06-28 11:23:17.345  INFO -load pole protect:PoleData [pole=NORMAL, poleDefine=150.0]
2021-06-28 11:23:54.976  INFO -load ag protection:150.0
2021-06-28 11:23:54.978  INFO -load ic protection:150.0
2021-06-28 11:23:54.981  INFO -load device protect:DeviceProtectData [batVoltUpper=4800.0, deviceVoltUpper=5000.0, currUpper=4000.0, capacityCoefficien=2.5]
2021-06-28 11:23:54.982  INFO -load pole protect:PoleData [pole=NORMAL, poleDefine=150.0]
2021-06-28 11:30:43.942  INFO -load ag protection:150.0
2021-06-28 11:30:43.944  INFO -load ic protection:150.0
2021-06-28 11:30:43.947  INFO -load device protect:DeviceProtectData [batVoltUpper=4800.0, deviceVoltUpper=5000.0, currUpper=4000.0, capacityCoefficien=2.5]
2021-06-28 11:30:43.947  INFO -load pole protect:PoleData [pole=NORMAL, poleDefine=150.0]
2021-06-28 11:45:59.931  INFO -load ag protection:150.0
2021-06-28 11:45:59.933  INFO -load ic protection:150.0
2021-06-28 11:45:59.936  INFO -load device protect:DeviceProtectData [batVoltUpper=4800.0, deviceVoltUpper=5000.0, currUpper=4000.0, capacityCoefficien=2.5]
2021-06-28 11:45:59.936  INFO -load pole protect:PoleData [pole=NORMAL, poleDefine=150.0]
2021-06-28 11:48:49.668  INFO -load ag protection:150.0
2021-06-28 11:48:49.672  INFO -load ic protection:150.0
2021-06-28 11:48:49.676  INFO -load device protect:DeviceProtectData [batVoltUpper=4800.0, deviceVoltUpper=5000.0, currUpper=4000.0, capacityCoefficien=2.5]
2021-06-28 11:48:49.676  INFO -load pole protect:PoleData [pole=NORMAL, poleDefine=150.0]
2021-06-28 11:54:03.962  INFO -load ag protection:150.0
2021-06-28 11:54:03.964  INFO -load ic protection:150.0
2021-06-28 11:54:03.967  INFO -load device protect:DeviceProtectData [batVoltUpper=4800.0, deviceVoltUpper=5000.0, currUpper=4000.0, capacityCoefficien=2.5]
2021-06-28 11:54:03.967  INFO -load pole protect:PoleData [pole=NORMAL, poleDefine=150.0]
2021-06-28 11:57:29.644  INFO -load ag protection:150.0
2021-06-28 11:57:29.645  INFO -load ic protection:150.0
2021-06-28 11:57:29.648  INFO -load device protect:DeviceProtectData [batVoltUpper=4800.0, deviceVoltUpper=5000.0, currUpper=4000.0, capacityCoefficien=2.5]
2021-06-28 11:57:29.649  INFO -load pole protect:PoleData [pole=NORMAL, poleDefine=150.0]
2021-06-28 12:04:35.483  INFO -load ag protection:150.0
2021-06-28 12:04:35.485  INFO -load ic protection:150.0
2021-06-28 12:04:35.487  INFO -load device protect:DeviceProtectData [batVoltUpper=4800.0, deviceVoltUpper=5000.0, currUpper=4000.0, capacityCoefficien=2.5]
2021-06-28 12:04:35.488  INFO -load pole protect:PoleData [pole=NORMAL, poleDefine=150.0]
2021-06-28 12:04:42.704  INFO -load ag protection:150.0
2021-06-28 12:04:42.706  INFO -load ic protection:150.0
2021-06-28 12:04:42.709  INFO -load device protect:DeviceProtectData [batVoltUpper=4800.0, deviceVoltUpper=5000.0, currUpper=4000.0, capacityCoefficien=2.5]
2021-06-28 12:04:42.709  INFO -load pole protect:PoleData [pole=NORMAL, poleDefine=150.0]
2021-06-28 14:40:02.258  INFO -load ag protection:150.0
2021-06-28 14:40:02.260  INFO -load ic protection:150.0
2021-06-28 14:40:02.263  INFO -load device protect:DeviceProtectData [batVoltUpper=4800.0, deviceVoltUpper=5000.0, currUpper=4000.0, capacityCoefficien=2.5]
2021-06-28 14:40:02.263  INFO -load pole protect:PoleData [pole=NORMAL, poleDefine=150.0]
2021-06-28 15:08:12.026  INFO -load ag protection:150.0
2021-06-28 15:08:12.028  INFO -load ic protection:150.0
2021-06-28 15:08:12.031  INFO -load device protect:DeviceProtectData [batVoltUpper=4800.0, deviceVoltUpper=5000.0, currUpper=4000.0, capacityCoefficien=2.5]
2021-06-28 15:08:12.032  INFO -load pole protect:PoleData [pole=NORMAL, poleDefine=150.0]
2021-07-06 10:36:34.864  INFO -load ag protection:150.0
2021-07-06 10:36:34.887  INFO -load ic protection:150.0
2021-07-06 10:36:34.887  INFO -load device protect:DeviceProtectData [batVoltUpper=4800.0, deviceVoltUpper=5000.0, currUpper=500.0, capacityCoefficien=2.5]
2021-07-06 10:36:34.887  INFO -load pole protect:PoleData [pole=NORMAL, poleDefine=150.0]
2021-07-06 11:25:13.153  INFO -load ag protection:150.0
2021-07-06 11:25:13.155  INFO -load ic protection:150.0
2021-07-06 11:25:13.156  INFO -load device protect:DeviceProtectData [batVoltUpper=4800.0, deviceVoltUpper=5000.0, currUpper=500.0, capacityCoefficien=2.5]
2021-07-06 11:25:13.156  INFO -load pole protect:PoleData [pole=NORMAL, poleDefine=150.0]
2021-07-07 13:55:43.369  INFO -load ag protection:150.0
2021-07-07 13:55:43.385  INFO -load ic protection:150.0
2021-07-07 13:55:43.385  INFO -load device protect:DeviceProtectData [batVoltUpper=4800.0, deviceVoltUpper=5000.0, currUpper=500.0, capacityCoefficien=2.5]
2021-07-07 13:55:43.386  INFO -load pole protect:PoleData [pole=NORMAL, poleDefine=150.0]
2021-07-07 14:35:18.257  INFO -load ag protection:150.0
2021-07-07 14:35:18.259  INFO -load ic protection:150.0
2021-07-07 14:35:18.259  INFO -load device protect:DeviceProtectData [batVoltUpper=4800.0, deviceVoltUpper=5000.0, currUpper=500.0, capacityCoefficien=2.5]
2021-07-07 14:35:18.260  INFO -load pole protect:PoleData [pole=NORMAL, poleDefine=150.0]
2021-07-07 14:36:24.672  INFO -load ag protection:150.0
2021-07-07 14:36:24.675  INFO -load ic protection:150.0
2021-07-07 14:36:24.676  INFO -load device protect:DeviceProtectData [batVoltUpper=4800.0, deviceVoltUpper=5000.0, currUpper=500.0, capacityCoefficien=2.5]
2021-07-07 14:36:24.676  INFO -load pole protect:PoleData [pole=NORMAL, poleDefine=150.0]
2021-07-07 14:37:37.162  INFO -load ag protection:150.0
2021-07-07 14:37:37.164  INFO -load ic protection:150.0
2021-07-07 14:37:37.165  INFO -load device protect:DeviceProtectData [batVoltUpper=4800.0, deviceVoltUpper=5000.0, currUpper=500.0, capacityCoefficien=2.5]
2021-07-07 14:37:37.165  INFO -load pole protect:PoleData [pole=NORMAL, poleDefine=150.0]
2021-07-07 14:40:41.455  INFO -load ag protection:150.0
2021-07-07 14:40:41.457  INFO -load ic protection:150.0
2021-07-07 14:40:41.457  INFO -load device protect:DeviceProtectData [batVoltUpper=4800.0, deviceVoltUpper=5000.0, currUpper=500.0, capacityCoefficien=2.5]
2021-07-07 14:40:41.458  INFO -load pole protect:PoleData [pole=NORMAL, poleDefine=166.0]
2021-07-07 16:34:35.290  INFO -load ag protection:150.0
2021-07-07 16:34:35.292  INFO -load ic protection:150.0
2021-07-07 16:34:35.293  INFO -load device protect:DeviceProtectData [batVoltUpper=4800.0, deviceVoltUpper=5000.0, currUpper=500.0, capacityCoefficien=2.5]
2021-07-07 16:34:35.294  INFO -load pole protect:PoleData [pole=NORMAL, poleDefine=166.0]
2021-07-07 18:30:20.824  INFO -load ag protection:150.0
2021-07-07 18:30:20.825  INFO -load ic protection:150.0
2021-07-07 18:30:20.827  INFO -load device protect:DeviceProtectData [batVoltUpper=4800.0, deviceVoltUpper=5000.0, currUpper=3999.0, capacityCoefficien=2.5]
2021-07-07 18:30:20.829  INFO -load pole protect:PoleData [pole=NORMAL, poleDefine=166.0]
2021-07-08 11:05:29.258  INFO -load ag protection:150.0
2021-07-08 11:05:29.267  INFO -load ic protection:150.0
2021-07-08 11:05:29.268  INFO -load device protect:DeviceProtectData [batVoltUpper=4800.0, deviceVoltUpper=5000.0, currUpper=3999.0, capacityCoefficien=2.5]
2021-07-08 11:05:29.273  INFO -load pole protect:PoleData [pole=NORMAL, poleDefine=166.0]
2021-07-08 11:09:11.346  INFO -load ag protection:150.0
2021-07-08 11:09:11.348  INFO -load ic protection:150.0
2021-07-08 11:09:11.349  INFO -load device protect:DeviceProtectData [batVoltUpper=4800.0, deviceVoltUpper=5000.0, currUpper=3999.0, capacityCoefficien=2.5]
2021-07-08 11:09:11.352  INFO -load pole protect:PoleData [pole=NORMAL, poleDefine=166.0]
2021-07-08 11:24:19.381  INFO -load ag protection:150.0
2021-07-08 11:24:19.382  INFO -load ic protection:150.0
2021-07-08 11:24:19.384  INFO -load device protect:DeviceProtectData [batVoltUpper=4800.0, deviceVoltUpper=5000.0, currUpper=3999.0, capacityCoefficien=2.5]
2021-07-08 11:24:19.388  INFO -load pole protect:PoleData [pole=NORMAL, poleDefine=166.0]
2021-07-08 11:36:03.565  INFO -load ag protection:150.0
2021-07-08 11:36:03.567  INFO -load ic protection:150.0
2021-07-08 11:36:03.568  INFO -load device protect:DeviceProtectData [batVoltUpper=4800.0, deviceVoltUpper=5000.0, currUpper=3999.0, capacityCoefficien=2.5]
2021-07-08 11:36:03.572  INFO -load pole protect:PoleData [pole=NORMAL, poleDefine=166.0]
2021-07-08 14:13:27.003  INFO -load ag protection:150.0
2021-07-08 14:13:27.005  INFO -load ic protection:150.0
2021-07-08 14:13:27.007  INFO -load device protect:DeviceProtectData [batVoltUpper=4800.0, deviceVoltUpper=5000.0, currUpper=3999.0, capacityCoefficien=2.5]
2021-07-08 14:13:27.009  INFO -load pole protect:PoleData [pole=NORMAL, poleDefine=166.0]
2021-07-08 14:20:27.727  INFO -load ag protection:150.0
2021-07-08 14:20:27.731  INFO -load ic protection:150.0
2021-07-08 14:20:27.733  INFO -load device protect:DeviceProtectData [batVoltUpper=4800.0, deviceVoltUpper=5000.0, currUpper=3999.0, capacityCoefficien=2.5]
2021-07-08 14:20:27.734  INFO -load pole protect:PoleData [pole=NORMAL, poleDefine=166.0]
2021-07-08 14:21:36.920  INFO -load ag protection:150.0
2021-07-08 14:21:36.924  INFO -load ic protection:150.0
2021-07-08 14:21:36.925  INFO -load device protect:DeviceProtectData [batVoltUpper=4800.0, deviceVoltUpper=5000.0, currUpper=3999.0, capacityCoefficien=2.5]
2021-07-08 14:21:36.926  INFO -load pole protect:PoleData [pole=NORMAL, poleDefine=166.0]
2021-07-08 14:24:33.302  INFO -load ag protection:150.0
2021-07-08 14:24:33.306  INFO -load ic protection:150.0
2021-07-08 14:24:33.307  INFO -load device protect:DeviceProtectData [batVoltUpper=4800.0, deviceVoltUpper=5000.0, currUpper=3999.0, capacityCoefficien=2.5]
2021-07-08 14:24:33.309  INFO -load pole protect:PoleData [pole=NORMAL, poleDefine=166.0]
2021-07-08 15:48:09.896  INFO -load ag protection:150.0
2021-07-08 15:48:09.900  INFO -load ic protection:150.0
2021-07-08 15:48:09.901  INFO -load device protect:DeviceProtectData [batVoltUpper=4800.0, deviceVoltUpper=5000.0, currUpper=3999.0, capacityCoefficien=2.5]
2021-07-08 15:48:09.902  INFO -load pole protect:PoleData [pole=NORMAL, poleDefine=166.0]
2021-07-08 15:48:18.154  INFO -load ag protection:150.0
2021-07-08 15:48:18.157  INFO -load ic protection:150.0
2021-07-08 15:48:18.159  INFO -load device protect:DeviceProtectData [batVoltUpper=4800.0, deviceVoltUpper=5000.0, currUpper=3999.0, capacityCoefficien=2.5]
2021-07-08 15:48:18.160  INFO -load pole protect:PoleData [pole=NORMAL, poleDefine=166.0]
2021-07-08 16:30:47.401  INFO -load ag protection:150.0
2021-07-08 16:30:47.405  INFO -load ic protection:150.0
2021-07-08 16:30:47.406  INFO -load device protect:DeviceProtectData [batVoltUpper=4800.0, deviceVoltUpper=5000.0, currUpper=3999.0, capacityCoefficien=2.5]
2021-07-08 16:30:47.408  INFO -load pole protect:PoleData [pole=NORMAL, poleDefine=166.0]
2021-07-08 16:34:06.416  INFO -load ag protection:150.0
2021-07-08 16:34:06.419  INFO -load ic protection:150.0
2021-07-08 16:34:06.421  INFO -load device protect:DeviceProtectData [batVoltUpper=4800.0, deviceVoltUpper=5000.0, currUpper=3999.0, capacityCoefficien=2.5]
2021-07-08 16:34:06.422  INFO -load pole protect:PoleData [pole=NORMAL, poleDefine=166.0]
2021-07-08 16:40:51.935  INFO -load ag protection:150.0
2021-07-08 16:40:51.939  INFO -load ic protection:150.0
2021-07-08 16:40:51.940  INFO -load device protect:DeviceProtectData [batVoltUpper=4800.0, deviceVoltUpper=5000.0, currUpper=3999.0, capacityCoefficien=2.5]
2021-07-08 16:40:51.941  INFO -load pole protect:PoleData [pole=NORMAL, poleDefine=166.0]
2021-07-08 16:44:34.951  INFO -load ag protection:150.0
2021-07-08 16:44:34.954  INFO -load ic protection:150.0
2021-07-08 16:44:34.955  INFO -load device protect:DeviceProtectData [batVoltUpper=4800.0, deviceVoltUpper=5000.0, currUpper=3999.0, capacityCoefficien=2.5]
2021-07-08 16:44:34.956  INFO -load pole protect:PoleData [pole=NORMAL, poleDefine=166.0]
2021-07-08 16:45:03.893  INFO -load ag protection:150.0
2021-07-08 16:45:03.897  INFO -load ic protection:150.0
2021-07-08 16:45:03.899  INFO -load device protect:DeviceProtectData [batVoltUpper=4800.0, deviceVoltUpper=5000.0, currUpper=3999.0, capacityCoefficien=2.5]
2021-07-08 16:45:03.900  INFO -load pole protect:PoleData [pole=NORMAL, poleDefine=166.0]
2021-07-08 16:51:24.644  INFO -load ag protection:150.0
2021-07-08 16:51:24.647  INFO -load ic protection:150.0
2021-07-08 16:51:24.649  INFO -load device protect:DeviceProtectData [batVoltUpper=4800.0, deviceVoltUpper=5000.0, currUpper=3999.0, capacityCoefficien=2.5]
2021-07-08 16:51:24.650  INFO -load pole protect:PoleData [pole=NORMAL, poleDefine=166.0]
2021-07-08 16:53:25.836  INFO -load ag protection:150.0
2021-07-08 16:53:25.840  INFO -load ic protection:150.0
2021-07-08 16:53:25.842  INFO -load device protect:DeviceProtectData [batVoltUpper=4800.0, deviceVoltUpper=5000.0, currUpper=3999.0, capacityCoefficien=2.5]
2021-07-08 16:53:25.843  INFO -load pole protect:PoleData [pole=NORMAL, poleDefine=166.0]
2021-07-08 16:59:15.102  INFO -load ag protection:150.0
2021-07-08 16:59:15.106  INFO -load ic protection:150.0
2021-07-08 16:59:15.107  INFO -load device protect:DeviceProtectData [batVoltUpper=4800.0, deviceVoltUpper=5000.0, currUpper=3999.0, capacityCoefficien=2.5]
2021-07-08 16:59:15.108  INFO -load pole protect:PoleData [pole=NORMAL, poleDefine=166.0]
2021-07-08 17:03:00.707  INFO -load ag protection:150.0
2021-07-08 17:03:00.710  INFO -load ic protection:150.0
2021-07-08 17:03:00.711  INFO -load device protect:DeviceProtectData [batVoltUpper=4800.0, deviceVoltUpper=5000.0, currUpper=3999.0, capacityCoefficien=2.5]
2021-07-08 17:03:00.713  INFO -load pole protect:PoleData [pole=NORMAL, poleDefine=166.0]
2021-07-09 14:04:36.573  INFO -load ag protection:150.0
2021-07-09 14:04:36.633  INFO -load ic protection:150.0
2021-07-09 14:04:36.635  INFO -load device protect:DeviceProtectData [batVoltUpper=4800.0, deviceVoltUpper=5000.0, currUpper=3999.0, capacityCoefficien=2.5]
2021-07-09 14:04:36.636  INFO -load pole protect:PoleData [pole=NORMAL, poleDefine=166.0]
2021-07-19 20:15:15.213  INFO -load ag protection:
2021-07-19 20:15:15.214  INFO -load ag retest protection:
2021-07-19 20:15:15.215  INFO -load ic protection:
2021-07-19 20:15:15.216  INFO -load ic retest protection:
2021-07-19 20:15:15.216  INFO -load device protect:DeviceProtectData [batVoltUpper=4800.0, deviceVoltUpper=5000.0, currUpper=500.0, capacityCoefficien=2.5]
2021-07-19 20:15:15.216  INFO -load pole protect:PoleData [pole=NORMAL, poleDefine=150.0]
2021-07-19 20:21:20.243  INFO -load ag protection:
2021-07-19 20:21:20.244  INFO -load ag retest protection:
2021-07-19 20:21:20.245  INFO -load ic protection:
2021-07-19 20:21:20.246  INFO -load ic retest protection:
2021-07-19 20:21:20.246  INFO -load device protect:DeviceProtectData [batVoltUpper=4800.0, deviceVoltUpper=5000.0, currUpper=500.0, capacityCoefficien=2.5]
2021-07-19 20:21:20.246  INFO -load pole protect:PoleData [pole=NORMAL, poleDefine=150.0]
2021-07-20 09:14:16.679  INFO -load ag protection:
2021-07-20 09:14:16.682  INFO -load ag retest protection:
2021-07-20 09:14:16.694  INFO -load ic protection:
2021-07-20 09:14:16.695  INFO -load ic retest protection:
2021-07-20 09:14:16.695  INFO -load device protect:DeviceProtectData [batVoltUpper=4800.0, deviceVoltUpper=5000.0, currUpper=500.0, capacityCoefficien=2.5]
2021-07-20 09:14:16.695  INFO -load pole protect:PoleData [pole=NORMAL, poleDefine=150.0]
2021-07-20 09:21:49.763  INFO -load ag protection:
2021-07-20 09:21:49.764  INFO -load ag retest protection:
2021-07-20 09:21:49.766  INFO -load ic protection:
2021-07-20 09:21:49.766  INFO -load ic retest protection:
2021-07-20 09:21:49.766  INFO -load device protect:DeviceProtectData [batVoltUpper=4800.0, deviceVoltUpper=5000.0, currUpper=500.0, capacityCoefficien=2.5]
2021-07-20 09:21:49.766  INFO -load pole protect:PoleData [pole=NORMAL, poleDefine=150.0]
2021-07-20 09:37:47.676  INFO -load ag protection:
2021-07-20 09:37:47.677  INFO -load ag retest protection:
2021-07-20 09:37:47.679  INFO -load ic protection:
2021-07-20 09:37:47.679  INFO -load ic retest protection:
2021-07-20 09:37:47.679  INFO -load device protect:DeviceProtectData [batVoltUpper=4800.0, deviceVoltUpper=5000.0, currUpper=500.0, capacityCoefficien=2.5]
2021-07-20 09:37:47.680  INFO -load pole protect:PoleData [pole=NORMAL, poleDefine=150.0]
2021-07-20 09:55:53.085  INFO -load ag protection:
2021-07-20 09:55:53.085  INFO -load ag retest protection:
2021-07-20 09:55:53.087  INFO -load ic protection:
2021-07-20 09:55:53.087  INFO -load ic retest protection:
2021-07-20 09:55:53.088  INFO -load device protect:DeviceProtectData [batVoltUpper=4800.0, deviceVoltUpper=5000.0, currUpper=500.0, capacityCoefficien=2.5]
2021-07-20 09:55:53.088  INFO -load pole protect:PoleData [pole=NORMAL, poleDefine=150.0]
2021-07-20 17:31:01.330  INFO -load ag protection:
2021-07-20 17:31:01.331  INFO -load ag retest protection:
2021-07-20 17:31:01.333  INFO -load ic protection:123
2021-07-20 17:31:01.333  INFO -load ic retest protection:
2021-07-20 17:31:01.334  INFO -load device protect:DeviceProtectData [batVoltUpper=4800.0, deviceVoltUpper=5000.0, currUpper=500.0, capacityCoefficien=2.5]
2021-07-20 17:31:01.334  INFO -load pole protect:PoleData [pole=NORMAL, poleDefine=150.0]
2021-07-26 09:41:17.211  INFO -load ag protection:
2021-07-26 09:41:17.258  INFO -load ag retest protection:
2021-07-26 09:41:17.258  INFO -load ic protection:
2021-07-26 09:41:17.258  INFO -load ic retest protection:
2021-07-26 09:41:17.258  INFO -load device protect:DeviceProtectData [batVoltUpper=4800.0, deviceVoltUpper=5000.0, currUpper=500.0, capacityCoefficien=2.5]
2021-07-26 09:41:17.259  INFO -load pole protect:PoleData [pole=NORMAL, poleDefine=150.0]
2021-07-26 11:31:10.764  INFO -load ag protection:
2021-07-26 11:31:10.765  INFO -load ag retest protection:
2021-07-26 11:31:10.765  INFO -load ic protection:
2021-07-26 11:31:10.765  INFO -load ic retest protection:
2021-07-26 11:31:10.766  INFO -load device protect:DeviceProtectData [batVoltUpper=4800.0, deviceVoltUpper=5000.0, currUpper=500.0, capacityCoefficien=2.5]
2021-07-26 11:31:10.766  INFO -load pole protect:PoleData [pole=NORMAL, poleDefine=150.0]
2021-07-26 13:31:55.029  INFO -load ag protection:protectAG
2021-07-26 13:31:55.029  INFO -load ag retest protection:
2021-07-26 13:31:55.030  INFO -load ic protection:
2021-07-26 13:31:55.030  INFO -load ic retest protection:
2021-07-26 13:31:55.030  INFO -load device protect:DeviceProtectData [batVoltUpper=4800.0, deviceVoltUpper=5000.0, currUpper=500.0, capacityCoefficien=2.5]
2021-07-26 13:31:55.031  INFO -load pole protect:PoleData [pole=NORMAL, poleDefine=150.0]
2021-07-26 14:37:04.080  INFO -load ag protection:protectAG
2021-07-26 14:37:04.080  INFO -load ag retest protection:
2021-07-26 14:37:04.081  INFO -load ic protection:
2021-07-26 14:37:04.081  INFO -load ic retest protection:
2021-07-26 14:37:04.082  INFO -load device protect:DeviceProtectData [batVoltUpper=4800.0, deviceVoltUpper=5000.0, currUpper=500.0, capacityCoefficien=2.5]
2021-07-26 14:37:04.082  INFO -load pole protect:PoleData [pole=NORMAL, poleDefine=150.0]
2021-12-24 15:24:13.118  INFO -load ag protection:protectAG
2021-12-24 15:24:13.126  INFO -load ag retest protection:
2021-12-24 15:24:13.127  INFO -load ic protection:
2021-12-24 15:24:13.127  INFO -load ic retest protection:
2021-12-24 15:24:13.128  INFO -load device protect:DeviceProtectData [batVoltUpper=4800.0, deviceVoltUpper=5000.0, currUpper=4200.0, capacityCoefficien=2.5]
2021-12-24 15:24:13.128  INFO -load pole protect:PoleData [pole=NORMAL, poleDefine=150.0]
2021-12-24 15:24:13.128  INFO -write base protections:DeviceProtectData [batVoltUpper=4800.0, deviceVoltUpper=5000.0, currUpper=4200.0, capacityCoefficien=2.5],PoleData [pole=NORMAL, poleDefine=150.0]
2021-12-24 15:37:45.321  INFO -load ag protection:protectAG
2021-12-24 15:37:45.321  INFO -load ag retest protection:
2021-12-24 15:37:45.321  INFO -load ic protection:
2021-12-24 15:37:45.321  INFO -load ic retest protection:
2021-12-24 15:37:45.322  INFO -load device protect:DeviceProtectData [batVoltUpper=4800.0, deviceVoltUpper=5000.0, currUpper=4200.0, capacityCoefficien=2.5]
2021-12-24 15:37:45.323  INFO -load pole protect:PoleData [pole=NORMAL, poleDefine=150.0]
2021-12-24 15:37:45.354  INFO -write base protections:DeviceProtectData [batVoltUpper=4800.0, deviceVoltUpper=5000.0, currUpper=4200.0, capacityCoefficien=2.5],PoleData [pole=NORMAL, poleDefine=150.0]
