2022-01-24 09:57:50.876  INFO -正在初始化网络服务器
2022-01-24 10:00:57.454  INFO -正在初始化网络服务器
2022-01-24 10:01:49.178  INFO -正在初始化网络服务器
2022-01-24 10:03:42.292  INFO -正在初始化网络服务器
2022-01-24 10:05:27.103  INFO -正在初始化网络服务器
2022-01-24 10:10:44.830  INFO -正在初始化网络服务器
2022-01-24 10:12:59.619  INFO -正在初始化网络服务器
2022-01-24 10:18:01.723  INFO -正在初始化网络服务器
2022-01-24 10:42:41.030  INFO -正在初始化网络服务器
2022-01-24 11:00:42.615  INFO -正在初始化网络服务器
2022-01-24 11:11:32.200  INFO -正在初始化网络服务器
2022-01-24 11:12:13.916  INFO -正在初始化网络服务器
2022-01-24 12:57:02.911  INFO -正在初始化网络服务器
2022-01-24 13:26:57.655  INFO -正在初始化网络服务器
2022-01-24 15:21:47.952  INFO -正在初始化网络服务器
2022-01-24 15:22:36.304  INFO -正在初始化网络服务器
2022-01-25 09:18:00.057  INFO -正在初始化网络服务器
2022-01-25 09:23:13.656  INFO -正在初始化网络服务器
2022-01-25 09:25:02.849  INFO -正在初始化网络服务器
2022-01-25 09:28:57.890  INFO -正在初始化网络服务器
2022-01-25 09:29:35.455  INFO -正在初始化网络服务器
2022-01-25 09:31:08.522  INFO -正在初始化网络服务器
2022-01-25 09:31:38.384  INFO -正在初始化网络服务器
2022-01-25 09:32:01.192  INFO -正在初始化网络服务器
2022-01-25 09:35:28.248  INFO -正在初始化网络服务器
2022-01-25 09:55:17.311  INFO -正在初始化网络服务器
2022-01-25 09:58:07.145  INFO -正在初始化网络服务器
2022-01-25 10:04:01.012  INFO -正在初始化网络服务器
2022-01-25 10:04:41.262  INFO -正在初始化网络服务器
2022-01-25 10:12:26.380  INFO -正在初始化网络服务器
2022-01-25 10:14:31.133  INFO -正在初始化网络服务器
2022-01-25 10:15:35.506  INFO -正在初始化网络服务器
2022-01-25 10:37:27.499  INFO -正在初始化网络服务器
2022-01-25 10:42:55.318  INFO -正在初始化网络服务器
2022-01-25 10:48:49.833  INFO -正在初始化网络服务器
2022-01-25 10:49:12.050  INFO -正在初始化网络服务器
2022-01-25 10:50:39.493  INFO -正在初始化网络服务器
2022-01-25 10:53:25.460  INFO -正在初始化网络服务器
2022-01-25 10:58:41.552  INFO -正在初始化网络服务器
2022-01-25 11:01:11.652  INFO -正在初始化网络服务器
2022-01-25 11:05:27.782  INFO -正在初始化网络服务器
2022-01-25 11:09:40.610  INFO -正在初始化网络服务器
2022-01-25 18:21:18.668  INFO -正在初始化网络服务器
2022-01-25 18:37:11.451  INFO -正在初始化网络服务器
2022-01-25 18:47:23.199  INFO -正在初始化网络服务器
2022-02-13 17:27:57.765  INFO -正在初始化网络服务器
2022-02-13 17:35:58.588  INFO -正在初始化网络服务器
2022-02-13 17:46:11.246  INFO -正在初始化网络服务器
2022-02-13 17:47:43.136  INFO -正在初始化网络服务器
2022-02-14 15:22:06.822  INFO -正在初始化网络服务器
2022-02-14 15:23:51.088  INFO -正在初始化网络服务器
2022-02-14 15:26:40.774  INFO -正在初始化网络服务器
2022-02-14 15:27:41.909  INFO -正在初始化网络服务器
2022-02-14 15:33:09.707  INFO -正在初始化网络服务器
2022-02-14 15:33:44.789  INFO -正在初始化网络服务器
2022-02-14 15:38:13.305  INFO -正在初始化网络服务器
2022-02-16 12:44:12.676  INFO -正在初始化网络服务器
2022-02-16 15:34:16.733  INFO -正在初始化网络服务器
2022-02-16 15:36:05.948  INFO -正在初始化网络服务器
2022-02-21 10:46:02.133  INFO -正在初始化网络服务器
2022-02-21 10:48:06.395  INFO -正在初始化网络服务器
2022-02-21 10:50:59.241  INFO -正在初始化网络服务器
2022-02-21 10:58:34.922  INFO -正在初始化网络服务器
2022-02-22 10:53:50.457  INFO -正在初始化网络服务器
2022-02-22 12:03:07.360  INFO -正在初始化网络服务器
2022-02-22 13:29:50.114  INFO -正在初始化网络服务器
2022-02-24 11:07:15.141  INFO -正在初始化网络服务器
2022-02-24 19:10:44.771  INFO -正在初始化网络服务器
2022-02-25 10:20:32.614  INFO -正在初始化网络服务器
2022-02-26 09:16:21.540  INFO -正在初始化网络服务器
2022-02-26 09:18:27.444  INFO -正在初始化网络服务器
2022-02-26 09:58:50.895  INFO -正在初始化网络服务器
2022-02-26 10:01:55.280  INFO -正在初始化网络服务器
2022-02-26 10:02:21.474  INFO -正在初始化网络服务器
2022-02-26 10:03:35.671  INFO -正在初始化网络服务器
2022-02-26 10:09:48.757  INFO -正在初始化网络服务器
2022-02-26 10:13:32.530  INFO -正在初始化网络服务器
2022-02-26 13:18:29.849  INFO -正在初始化网络服务器
2022-02-26 16:50:09.698  INFO -正在初始化网络服务器
2022-02-26 16:56:41.637  INFO -正在初始化网络服务器
2022-02-26 16:59:07.049  INFO -正在初始化网络服务器
2022-02-26 17:01:30.855  INFO -正在初始化网络服务器
2022-02-26 17:04:24.975  INFO -正在初始化网络服务器
2022-02-26 17:06:20.252  INFO -正在初始化网络服务器
2022-02-28 10:27:16.403  INFO -正在初始化网络服务器
2022-03-01 09:01:59.879  INFO -正在初始化网络服务器
2022-03-02 12:43:43.806  INFO -正在初始化网络服务器
2022-03-02 12:54:53.432  INFO -正在初始化网络服务器
2022-03-02 13:13:28.686  INFO -正在初始化网络服务器
2022-03-02 13:16:05.306  INFO -正在初始化网络服务器
2022-03-02 13:20:28.581  INFO -正在初始化网络服务器
2022-03-02 13:22:58.199  INFO -正在初始化网络服务器
2022-03-02 13:23:45.753  INFO -正在初始化网络服务器
2022-03-02 13:27:11.446  INFO -正在初始化网络服务器
2022-03-02 13:29:36.863  INFO -正在初始化网络服务器
2022-03-02 13:40:49.232  INFO -正在初始化网络服务器
2022-03-02 14:57:18.750  INFO -正在初始化网络服务器
2022-03-02 14:58:28.573  INFO -正在初始化网络服务器
2022-03-02 15:01:03.032  INFO -正在初始化网络服务器
2022-03-02 15:15:14.308  INFO -正在初始化网络服务器
2022-03-02 15:31:27.473  INFO -正在初始化网络服务器
2022-03-02 15:34:17.117  INFO -正在初始化网络服务器
2022-03-02 15:49:10.644  INFO -正在初始化网络服务器
2022-03-02 15:55:58.356  INFO -正在初始化网络服务器
2022-03-14 18:00:18.590  INFO -正在初始化网络服务器
2022-03-14 18:03:11.463  INFO -正在初始化网络服务器
2022-03-15 10:25:50.460  INFO -正在初始化网络服务器
2022-04-14 13:41:09.218  INFO -正在初始化网络服务器
2022-04-14 14:28:41.018  INFO -正在初始化网络服务器
2022-04-14 18:22:33.046  INFO -正在初始化网络服务器
2022-04-15 09:33:44.767  INFO -正在初始化网络服务器
2022-04-15 09:35:38.069  INFO -正在初始化网络服务器
2022-04-26 14:53:53.009  INFO -正在初始化网络服务器
2022-04-26 15:33:45.583  INFO -正在初始化网络服务器
2022-04-26 15:37:23.153  INFO -正在初始化网络服务器
2022-04-26 16:10:24.540  INFO -正在初始化网络服务器
2022-04-26 16:11:10.175  INFO -正在初始化网络服务器
2022-04-26 16:11:46.315  INFO -正在初始化网络服务器
2022-04-26 18:46:28.161  INFO -正在初始化网络服务器
2022-04-26 19:07:54.913  INFO -正在初始化网络服务器
2022-04-26 19:11:44.809  INFO -正在初始化网络服务器
2022-04-26 19:11:49.187  INFO -正在初始化网络服务器
2022-04-26 19:15:42.363  INFO -正在初始化网络服务器
2022-04-27 10:22:03.247  INFO -正在初始化网络服务器
2022-04-27 10:40:30.105  INFO -正在初始化网络服务器
2022-04-27 10:47:05.798  INFO -正在初始化网络服务器
2022-04-27 10:52:26.695  INFO -正在初始化网络服务器
2022-04-27 11:08:36.467  INFO -正在初始化网络服务器
2022-04-27 11:12:27.375  INFO -正在初始化网络服务器
2022-04-27 11:16:58.478  INFO -正在初始化网络服务器
2022-04-27 11:17:55.302  INFO -正在初始化网络服务器
2022-04-27 11:25:34.780  INFO -正在初始化网络服务器
2022-04-27 11:28:34.258  INFO -正在初始化网络服务器
2022-04-27 11:29:16.496  INFO -正在初始化网络服务器
2022-04-27 11:33:21.158  INFO -正在初始化网络服务器
2022-04-27 11:40:59.473  INFO -正在初始化网络服务器
2022-04-27 13:04:15.346  INFO -正在初始化网络服务器
2022-04-27 13:05:56.733  INFO -正在初始化网络服务器
2022-04-27 13:08:39.706  INFO -正在初始化网络服务器
2022-04-27 13:28:13.221  INFO -正在初始化网络服务器
2022-04-27 14:56:01.023  INFO -正在初始化网络服务器
2022-05-11 17:54:36.437  INFO -正在初始化网络服务器
2022-05-11 17:55:41.862  INFO -正在初始化网络服务器
2022-05-11 17:57:10.009  INFO -正在初始化网络服务器
2022-05-12 13:24:03.338  INFO -正在初始化网络服务器
2022-05-12 13:30:36.238  INFO -正在初始化网络服务器
2022-05-12 14:13:23.231  INFO -正在初始化网络服务器
2022-05-13 09:34:45.560  INFO -正在初始化网络服务器
2022-05-13 13:33:57.719  INFO -正在初始化网络服务器
2022-05-13 13:40:46.911  INFO -正在初始化网络服务器
2022-05-13 14:10:09.749  INFO -正在初始化网络服务器
2022-05-13 15:09:13.380  INFO -正在初始化网络服务器
2022-05-13 15:15:34.942  INFO -正在初始化网络服务器
2022-05-13 15:24:16.120  INFO -正在初始化网络服务器
2022-05-13 15:26:18.269  INFO -正在初始化网络服务器
2022-05-13 15:32:52.038  INFO -正在初始化网络服务器
2022-05-13 15:37:29.413  INFO -正在初始化网络服务器
2022-05-14 14:30:07.078  INFO -正在初始化网络服务器
2022-05-16 09:04:12.035  INFO -正在初始化网络服务器
2022-05-16 09:15:17.541  INFO -正在初始化网络服务器
2022-05-31 10:58:04.705  INFO -正在初始化网络服务器
2022-06-07 14:56:43.425  INFO -正在初始化网络服务器
2022-06-07 15:44:06.745  INFO -正在初始化网络服务器
2022-06-07 15:44:18.879  INFO -正在初始化网络服务器
2022-06-07 16:02:25.059  INFO -正在初始化网络服务器
2022-06-07 18:22:08.644  INFO -正在初始化网络服务器
2022-06-09 09:20:36.007  INFO -正在初始化网络服务器
2022-06-09 09:21:58.481  INFO -正在初始化网络服务器
2022-06-09 09:35:23.198  INFO -正在初始化网络服务器
2022-06-09 09:55:01.055  INFO -正在初始化网络服务器
2022-06-09 13:39:29.381  INFO -正在初始化网络服务器
2022-06-09 13:44:58.942  INFO -正在初始化网络服务器
2022-06-09 13:45:42.962  INFO -正在初始化网络服务器
2022-06-09 13:47:12.583  INFO -正在初始化网络服务器
2022-06-09 15:09:45.009  INFO -正在初始化网络服务器
2022-06-09 15:15:20.755  INFO -正在初始化网络服务器
2022-06-09 15:19:56.508  INFO -正在初始化网络服务器
2022-06-09 15:21:29.851  INFO -正在初始化网络服务器
2022-06-09 17:08:12.235  INFO -正在初始化网络服务器
2022-06-10 09:59:19.817  INFO -正在初始化网络服务器
2022-06-10 10:01:21.568  INFO -正在初始化网络服务器
2022-06-10 16:16:15.107  INFO -正在初始化网络服务器
2022-06-10 16:18:53.883  INFO -正在初始化网络服务器
2022-06-10 16:20:47.073  INFO -正在初始化网络服务器
2022-06-10 16:23:11.646  INFO -正在初始化网络服务器
2022-06-10 16:25:19.583  INFO -正在初始化网络服务器
2022-06-10 16:30:20.227  INFO -正在初始化网络服务器
2022-06-10 16:35:38.424  INFO -正在初始化网络服务器
2022-06-11 14:38:36.991  INFO -正在初始化网络服务器
2022-06-11 14:41:43.834  INFO -正在初始化网络服务器
2022-06-13 11:20:18.864  INFO -正在初始化网络服务器
2022-06-14 14:32:17.940  INFO -正在初始化网络服务器
2022-06-14 14:35:53.708  INFO -正在初始化网络服务器
2022-06-15 11:49:37.946  INFO -正在初始化网络服务器
2022-06-18 10:03:52.019  INFO -正在初始化网络服务器
2022-06-18 10:08:42.766  INFO -正在初始化网络服务器
2022-06-18 10:10:25.241  INFO -正在初始化网络服务器
2022-06-18 10:13:01.923  INFO -正在初始化网络服务器
2022-06-18 21:28:20.863  INFO -正在初始化网络服务器
2022-06-18 21:35:01.343  INFO -正在初始化网络服务器
2022-06-18 21:37:00.979  INFO -正在初始化网络服务器
2022-06-19 10:06:55.546  INFO -正在初始化网络服务器
2022-06-20 10:59:27.294  INFO -正在初始化网络服务器
2022-06-20 11:01:19.401  INFO -正在初始化网络服务器
2022-06-20 11:02:33.231  INFO -正在初始化网络服务器
2022-06-20 11:03:27.460  INFO -正在初始化网络服务器
2022-06-20 11:03:49.330  INFO -正在初始化网络服务器
2022-06-20 11:04:02.962  INFO -正在初始化网络服务器
2022-06-20 11:27:03.579  INFO -正在初始化网络服务器
2022-06-20 12:37:49.270  INFO -正在初始化网络服务器
2022-06-20 12:38:42.358  INFO -正在初始化网络服务器
2022-06-20 13:41:38.066  INFO -正在初始化网络服务器
2022-06-20 13:42:43.432  INFO -正在初始化网络服务器
2022-06-20 13:43:43.192  INFO -正在初始化网络服务器
2022-06-20 13:47:18.567  INFO -正在初始化网络服务器
2022-06-20 13:47:37.871  INFO -正在初始化网络服务器
2022-06-20 19:10:44.164  INFO -正在初始化网络服务器
2022-06-21 18:46:44.853  INFO -正在初始化网络服务器
2022-06-21 18:50:45.939  INFO -正在初始化网络服务器
2022-06-22 17:18:01.072  INFO -正在初始化网络服务器
2022-06-22 17:19:13.053  INFO -正在初始化网络服务器
2022-06-23 09:51:52.366  INFO -正在初始化网络服务器
2022-06-23 13:51:18.811  INFO -正在初始化网络服务器
2022-06-23 13:52:44.174  INFO -正在初始化网络服务器
2022-07-19 15:47:47.896  INFO -正在初始化网络服务器
2022-07-22 16:30:18.484  INFO -正在初始化网络服务器
2022-07-25 16:55:15.300  INFO -正在初始化网络服务器
2022-07-25 17:43:37.486  INFO -正在初始化网络服务器
2022-07-27 16:34:26.806  INFO -正在初始化网络服务器
2022-07-27 16:54:03.247  INFO -正在初始化网络服务器
2022-07-30 18:52:04.563  INFO -正在初始化网络服务器
2022-08-01 17:24:05.982  INFO -正在初始化网络服务器
2022-08-02 09:26:41.453  INFO -正在初始化网络服务器
2022-08-02 10:39:29.285  INFO -正在初始化网络服务器
2022-08-02 11:57:00.981  INFO -正在初始化网络服务器
2022-08-02 15:36:50.211  INFO -正在初始化网络服务器
2022-08-02 16:22:50.505  INFO -正在初始化网络服务器
2022-08-02 17:07:26.612  INFO -正在初始化网络服务器
2022-08-03 10:02:58.084  INFO -正在初始化网络服务器
2022-08-03 10:19:57.221  INFO -正在初始化网络服务器
2022-08-03 10:39:57.732  INFO -正在初始化网络服务器
2022-08-03 17:46:51.379  INFO -正在初始化网络服务器
2022-08-03 17:48:45.921  INFO -connect calbox! , box address : 127.0.0.1
2022-08-03 17:48:50.173  INFO -response: driverIndex = 255,255,code:ModeCode,result=SUCCESS
2022-08-03 17:49:52.934  INFO -response: driverIndex = 0,1,code:FlashParamCode,result=FAIL
2022-08-03 17:49:53.853  INFO -response: driverIndex = 0,1,code:FlashParamCode,result=FAIL
2022-08-03 17:51:00.349  INFO -disconnect !!!
2022-08-03 17:56:03.836  INFO -connect calbox! , box address : 127.0.0.1
2022-08-03 17:57:18.171  INFO -response: driverIndex = 255,255,code:ModeCode,result=SUCCESS
2022-08-03 17:57:18.907  INFO -response: driverIndex = 255,255,code:ModeCode,result=SUCCESS
2022-08-03 17:57:25.471  INFO -response: driverIndex = 255,255,code:ModeCode,result=SUCCESS
2022-08-03 18:00:37.683  INFO -response: driverIndex = 255,255,code:ModeCode,result=SUCCESS
2022-08-03 18:00:39.978  INFO -response: driverIndex = 255,255,code:ModeCode,result=SUCCESS
2022-08-03 18:00:42.518  INFO -response: driverIndex = 255,255,code:ModeCode,result=SUCCESS
2022-08-03 18:00:43.798  INFO -response: driverIndex = 255,255,code:ModeCode,result=SUCCESS
2022-08-03 18:00:44.541  INFO -response: driverIndex = 255,255,code:ModeCode,result=SUCCESS
2022-08-03 18:02:24.295  INFO -response: driverIndex = 0,0,code:FlashParamCode,result=FAIL
2022-08-03 18:02:29.454  INFO -response: driverIndex = 0,0,code:FlashParamCode,result=FAIL
2022-08-03 18:04:46.215  INFO -disconnect !!!
2022-08-03 18:05:15.096  INFO -connect calbox! , box address : 127.0.0.1
2022-08-03 18:05:15.998  INFO -response: driverIndex = 255,255,code:ModeCode,result=SUCCESS
2022-08-03 18:05:24.009  INFO -response: driverIndex = 255,255,code:ModeCode,result=SUCCESS
2022-08-03 18:05:29.248  INFO -response: driverIndex = 255,255,code:ModeCode,result=SUCCESS
2022-08-03 18:06:50.587  INFO -response: driverIndex = 0,1,code:FlashParamCode,result=FAIL
2022-08-03 18:06:56.578  INFO -response: driverIndex = 0,1,code:FlashParamCode,result=FAIL
2022-08-03 18:07:07.911  INFO -response: driverIndex = 0,1,code:FlashParamCode,result=FAIL
2022-08-03 18:09:54.209  INFO -response: driverIndex = 0,1,code:FlashParamCode,result=FAIL
2022-08-03 18:11:58.914  INFO -正在初始化网络服务器
2022-08-03 18:12:28.446  INFO -connect calbox! , box address : 127.0.0.1
2022-08-03 18:13:05.906  INFO -正在初始化网络服务器
2022-08-03 18:13:18.229  INFO -connect calbox! , box address : 127.0.0.1
2022-08-03 18:13:53.008  INFO -disconnect !!!
2022-08-03 18:14:10.233  INFO -connect calbox! , box address : 127.0.0.1
2022-08-03 18:14:11.867  INFO -response: driverIndex = 255,255,code:ModeCode,result=FAIL
2022-08-03 18:14:48.735  INFO -response: driverIndex = 255,255,code:ModeCode,result=FAIL
2022-08-03 18:14:58.247  INFO -disconnect !!!
2022-08-03 18:15:19.835  INFO -正在初始化网络服务器
2022-08-03 18:15:41.207  INFO -connect calbox! , box address : 127.0.0.1
2022-08-03 18:16:01.548  INFO -response: driverIndex = 255,255,code:ModeCode,result=FAIL
2022-08-03 18:18:04.872  INFO -response: driverIndex = 255,255,code:ModeCode,result=SUCCESS
2022-08-03 18:18:35.268  INFO -response: driverIndex = 255,255,code:ModeCode,result=SUCCESS
2022-08-03 18:18:38.493  INFO -response: driverIndex = 255,255,code:ModeCode,result=SUCCESS
2022-08-03 18:18:41.333  INFO -response: driverIndex = 0,0,code:FlashParamCode,result=SUCCESS
2022-08-03 18:19:09.827  INFO -response: driverIndex = 0,0,code:FlashParamCode,result=SUCCESS
2022-08-03 18:20:34.222  INFO -connect calbox! , box address : 127.0.0.1
2022-08-03 18:20:34.232  INFO -disconnect !!!
2022-08-03 18:20:34.232  INFO -disconnect !!!
2022-08-03 18:20:54.190  INFO -connect calbox! , box address : 127.0.0.1
2022-08-03 18:20:59.015  INFO -response: driverIndex = 255,255,code:ModeCode,result=SUCCESS
2022-08-03 18:21:13.214  INFO -response: driverIndex = 0,0,code:FlashParamCode,result=SUCCESS
2022-08-03 18:21:19.243  INFO -response: driverIndex = 0,0,code:FlashParamCode,result=SUCCESS
2022-08-03 18:21:41.614  INFO -response: driverIndex = 0,0,code:FlashParamCode,result=SUCCESS
2022-08-03 18:21:47.644  INFO -response: driverIndex = 0,0,code:FlashParamCode,result=SUCCESS
2022-08-03 18:22:55.665  INFO -response: driverIndex = 255,255,code:ModeCode,result=SUCCESS
2022-08-03 18:23:03.372  INFO -response: driverIndex = 255,255,code:ModeCode,result=SUCCESS
2022-08-03 18:23:57.886  INFO -response: driverIndex = 0,0,code:FlashParamCode,result=SUCCESS
2022-08-03 18:24:06.696  INFO -response: driverIndex = 0,0,code:FlashParamCode,result=SUCCESS
2022-08-03 18:25:31.493  INFO -response: driverIndex = 255,255,code:ModeCode,result=SUCCESS
2022-08-03 18:26:52.462  INFO -response: driverIndex = 0,0,code:FlashParamCode,result=SUCCESS
2022-08-03 18:26:56.780  INFO -response: driverIndex = 0,0,code:FlashParamCode,result=SUCCESS
2022-08-03 18:27:32.406  INFO -response: driverIndex = 0,0,code:FlashParamCode,result=SUCCESS
2022-08-03 18:27:38.241  INFO -response: driverIndex = 0,0,code:FlashParamCode,result=SUCCESS
2022-08-03 18:28:23.886  INFO -response: driverIndex = 255,255,code:ModeCode,result=SUCCESS
2022-08-03 18:28:46.758  INFO -disconnect !!!
2022-08-03 18:28:51.965  INFO -connect calbox! , box address : 127.0.0.1
2022-08-03 18:28:58.315  INFO -response: driverIndex = 255,255,code:ModeCode,result=SUCCESS
2022-08-03 18:29:12.589  INFO -response: driverIndex = 0,0,code:FlashParamCode,result=SUCCESS
2022-08-03 18:30:30.856  INFO -response: driverIndex = 0,0,code:FlashParamCode,result=SUCCESS
2022-08-03 18:31:45.148  INFO -response: driverIndex = 0,0,code:FlashParamCode,result=SUCCESS
2022-08-03 18:32:00.683  INFO -response: driverIndex = 0,0,code:FlashParamCode,result=SUCCESS
2022-08-03 18:33:54.886  INFO -response: driverIndex = 0,0,code:FlashParamCode,result=SUCCESS
2022-08-03 18:34:12.769  INFO -response: driverIndex = 0,0,code:FlashParamCode,result=SUCCESS
2022-08-03 18:34:36.406  INFO -response: driverIndex = 0,0,code:FlashParamCode,result=SUCCESS
2022-08-03 18:34:50.988  INFO -response: driverIndex = 0,0,code:FlashParamCode,result=SUCCESS
2022-08-03 18:35:14.497  INFO -response: driverIndex = 0,0,code:FlashParamCode,result=SUCCESS
2022-08-03 18:35:30.522  INFO -response: driverIndex = 0,0,code:FlashParamCode,result=SUCCESS
2022-08-03 18:36:50.902  INFO -disconnect !!!
2022-08-03 18:36:57.262  INFO -connect calbox! , box address : 127.0.0.1
2022-08-03 18:37:12.214  INFO -response: driverIndex = 255,255,code:ModeCode,result=SUCCESS
2022-08-03 18:37:24.096  INFO -response: driverIndex = 255,255,code:ModeCode,result=SUCCESS
2022-08-03 18:37:42.681  INFO -response: driverIndex = 255,255,code:ModeCode,result=SUCCESS
2022-08-03 18:38:44.641  INFO -response: driverIndex = 0,0,code:FlashParamCode,result=SUCCESS
2022-08-03 18:39:11.671  INFO -response: driverIndex = 0,0,code:FlashParamCode,result=SUCCESS
2022-08-03 18:40:33.840  INFO -disconnect !!!
2022-08-03 18:40:55.666  INFO -connect calbox! , box address : 127.0.0.1
2022-08-03 18:40:57.512  INFO -response: driverIndex = 255,255,code:ModeCode,result=SUCCESS
2022-08-03 18:41:24.013  INFO -response: driverIndex = 255,255,code:ModeCode,result=SUCCESS
2022-08-03 18:41:27.876  INFO -response: driverIndex = 255,255,code:ModeCode,result=SUCCESS
2022-08-03 18:41:30.352  INFO -response: driverIndex = 255,255,code:ModeCode,result=SUCCESS
2022-08-03 18:41:32.016  INFO -response: driverIndex = 255,255,code:ModeCode,result=SUCCESS
2022-08-03 18:41:34.012  INFO -response: driverIndex = 255,255,code:ModeCode,result=SUCCESS
2022-08-03 18:41:40.280  INFO -response: driverIndex = 0,0,code:FlashParamCode,result=SUCCESS
2022-08-03 18:41:56.296  INFO -response: driverIndex = 0,0,code:FlashParamCode,result=SUCCESS
2022-08-03 18:49:53.550  INFO -response: driverIndex = 255,255,code:ModeCode,result=SUCCESS
2022-08-03 18:50:09.564  INFO -response: driverIndex = 255,255,code:ModeCode,result=SUCCESS
2022-08-03 18:50:27.400  INFO -response: driverIndex = 255,255,code:FlashParamCode,result=SUCCESS
2022-08-03 18:50:43.404  INFO -response: driverIndex = 255,255,code:FlashParamCode,result=SUCCESS
2022-08-03 18:51:02.885  INFO -response: driverIndex = 255,255,code:FlashParamCode,result=SUCCESS
2022-08-03 18:51:18.895  INFO -response: driverIndex = 255,255,code:FlashParamCode,result=SUCCESS
2022-08-03 18:52:45.594  INFO -response: driverIndex = 0,0,code:FlashParamCode,result=SUCCESS
2022-08-03 18:53:01.602  INFO -response: driverIndex = 0,0,code:FlashParamCode,result=SUCCESS
2022-08-03 18:58:02.516  INFO -正在初始化网络服务器
2022-08-03 18:58:07.353  INFO -connect calbox! , box address : 127.0.0.1
2022-08-03 18:58:08.416  INFO -response: driverIndex = 255,255,code:ModeCode,result=SUCCESS
2022-08-03 18:58:09.612  INFO -response: driverIndex = 0,0,code:FlashParamCode,result=SUCCESS
2022-08-03 18:58:25.634  INFO -response: driverIndex = 0,0,code:FlashParamCode,result=SUCCESS
2022-08-03 18:59:00.520  INFO -response: driverIndex = 255,255,code:FlashParamCode,result=SUCCESS
2022-08-03 18:59:16.522  INFO -response: driverIndex = 0,0,code:FlashParamCode,result=SUCCESS
2022-08-03 18:59:40.733  INFO -response: driverIndex = 0,0,code:FlashParamCode,result=SUCCESS
2022-08-03 18:59:56.751  INFO -response: driverIndex = 0,0,code:FlashParamCode,result=SUCCESS
2022-08-03 19:02:41.366  INFO -disconnect !!!
2022-08-03 19:04:25.971  INFO -正在初始化网络服务器
2022-08-03 19:04:33.363  INFO -connect calbox! , box address : 127.0.0.1
2022-08-03 19:04:34.796  INFO -response: driverIndex = 255,255,code:ModeCode,result=SUCCESS
2022-08-03 19:04:41.451  INFO -response: driverIndex = 0,0,code:FlashParamCode,result=SUCCESS
2022-08-03 19:04:57.476  INFO -response: driverIndex = 0,0,code:FlashParamCode,result=SUCCESS
2022-08-03 19:05:15.237  INFO -response: driverIndex = 0,0,code:FlashParamCode,result=SUCCESS
2022-08-03 19:05:31.254  INFO -response: driverIndex = 0,0,code:FlashParamCode,result=SUCCESS
2022-08-03 19:05:50.319  INFO -response: driverIndex = 255,255,code:FlashParamCode,result=SUCCESS
2022-08-03 19:06:06.340  INFO -response: driverIndex = 255,255,code:FlashParamCode,result=SUCCESS
2022-08-03 19:06:39.911  INFO -response: driverIndex = 255,255,code:FlashParamCode,result=SUCCESS
2022-08-03 19:06:55.936  INFO -response: driverIndex = 255,255,code:FlashParamCode,result=SUCCESS
2022-08-03 19:07:17.829  INFO -response: driverIndex = 255,255,code:FlashParamCode,result=SUCCESS
2022-08-03 19:07:38.032  INFO -response: driverIndex = 0,0,code:FlashParamCode,result=SUCCESS
2022-08-03 19:15:56.794  INFO -response: driverIndex = 0,0,code:FlashParamCode,result=SUCCESS
2022-08-03 19:16:15.785  INFO -disconnect !!!
2022-08-03 19:16:31.475  INFO -connect calbox! , box address : 127.0.0.1
2022-08-03 19:16:38.476  INFO -response: driverIndex = 255,255,code:ModeCode,result=SUCCESS
2022-08-03 19:17:22.952  INFO -response: driverIndex = 0,0,code:FlashParamCode,result=SUCCESS
2022-08-03 19:17:49.083  INFO -response: driverIndex = 0,0,code:FlashParamCode,result=SUCCESS
2022-08-03 19:18:02.203  INFO -response: driverIndex = 0,0,code:FlashParamCode,result=SUCCESS
2022-08-03 19:18:33.394  INFO -response: driverIndex = 0,0,code:FlashParamCode,result=SUCCESS
2022-08-03 19:19:46.651  INFO -response: driverIndex = 0,0,code:FlashParamCode,result=SUCCESS
2022-08-03 19:20:04.962  INFO -response: driverIndex = 0,0,code:FlashParamCode,result=SUCCESS
2022-08-03 19:21:27.697  INFO -response: driverIndex = 0,0,code:FlashParamCode,result=SUCCESS
2022-08-03 19:21:34.658  INFO -disconnect !!!
2022-08-03 19:21:44.069  INFO -正在初始化网络服务器
2022-08-03 19:22:03.587  INFO -connect calbox! , box address : 127.0.0.1
2022-08-03 19:22:04.412  INFO -response: driverIndex = 255,255,code:ModeCode,result=SUCCESS
2022-08-03 19:22:09.467  INFO -response: driverIndex = 0,0,code:FlashParamCode,result=SUCCESS
2022-08-03 19:22:25.469  INFO -response: driverIndex = 0,0,code:FlashParamCode,result=SUCCESS
2022-08-03 19:23:10.836  INFO -response: driverIndex = 0,0,code:FlashParamCode,result=SUCCESS
2022-08-03 19:23:26.844  INFO -response: driverIndex = 0,0,code:FlashParamCode,result=SUCCESS
2022-08-03 19:23:45.107  INFO -response: driverIndex = 0,0,code:FlashParamCode,result=SUCCESS
2022-08-03 19:24:01.116  INFO -response: driverIndex = 0,0,code:FlashParamCode,result=SUCCESS
2022-08-03 19:24:25.119  INFO -response: driverIndex = 255,255,code:FlashParamCode,result=SUCCESS
2022-08-03 19:24:41.145  INFO -response: driverIndex = 255,255,code:FlashParamCode,result=SUCCESS
2022-08-03 19:26:30.392  INFO -response: driverIndex = 0,0,code:CalibrateChnCode,result=SUCCESS
2022-08-03 19:27:23.554  INFO -disconnect !!!
2022-08-03 19:27:40.600  INFO -正在初始化网络服务器
2022-08-03 19:27:46.018  INFO -connect calbox! , box address : 127.0.0.1
2022-08-03 19:27:58.136  INFO -response: driverIndex = 255,255,code:ModeCode,result=SUCCESS
2022-08-03 19:28:07.501  INFO -response: driverIndex = 255,255,code:ModeCode,result=SUCCESS
2022-08-03 19:28:21.398  INFO -response: driverIndex = 255,255,code:ModeCode,result=SUCCESS
2022-08-03 19:28:51.823  INFO -response: driverIndex = 0,0,code:CalibrateChnCode,result=SUCCESS
2022-08-03 19:29:07.842  INFO -response: driverIndex = 0,0,code:CalibrateChnCode,result=SUCCESS
2022-08-03 19:35:26.191  INFO -disconnect !!!
2022-08-03 19:35:37.997  INFO -正在初始化网络服务器
2022-08-03 19:35:44.892  INFO -connect calbox! , box address : 127.0.0.1
2022-08-03 19:35:47.470  INFO -response: driverIndex = 255,255,code:ModeCode,result=SUCCESS
2022-08-03 19:35:59.428  INFO -response: driverIndex = 0,0,code:CalibrateChnCode,result=SUCCESS
2022-08-03 19:36:15.423  INFO -response: driverIndex = 0,0,code:CalibrateChnCode,result=SUCCESS
2022-08-03 19:36:31.713  INFO -response: driverIndex = 0,0,code:FlashParamCode,result=SUCCESS
2022-08-03 19:36:47.700  INFO -response: driverIndex = 255,255,code:FlashParamCode,result=SUCCESS
2022-08-03 19:37:10.838  INFO -response: driverIndex = 0,0,code:FlashParamCode,result=SUCCESS
2022-08-03 19:37:26.864  INFO -response: driverIndex = 0,0,code:FlashParamCode,result=SUCCESS
2022-08-03 19:40:04.420  INFO -disconnect !!!
2022-08-03 19:40:18.862  INFO -正在初始化网络服务器
2022-08-03 19:40:28.313  INFO -connect calbox! , box address : 127.0.0.1
2022-08-03 19:40:28.994  INFO -response: driverIndex = 255,255,code:ModeCode,result=SUCCESS
2022-08-03 19:40:36.967  INFO -response: driverIndex = 0,0,code:FlashParamCode,result=SUCCESS
2022-08-03 19:40:56.030  INFO -response: driverIndex = 0,0,code:FlashParamCode,result=SUCCESS
2022-08-03 19:41:21.276  INFO -response: driverIndex = 0,0,code:FlashParamCode,result=SUCCESS
2022-08-03 19:41:37.278  INFO -response: driverIndex = 0,0,code:FlashParamCode,result=SUCCESS
2022-08-03 19:41:59.268  INFO -response: driverIndex = 0,0,code:CalibrateChnCode,result=SUCCESS
2022-08-03 19:42:15.280  INFO -response: driverIndex = 0,0,code:FlashParamCode,result=SUCCESS
2022-08-03 19:42:33.369  INFO -response: driverIndex = 255,255,code:FlashParamCode,result=SUCCESS
2022-08-03 19:42:49.387  INFO -response: driverIndex = 255,255,code:FlashParamCode,result=SUCCESS
2022-08-03 20:23:43.527  INFO -disconnect !!!
2022-08-03 20:24:26.917  INFO -正在初始化网络服务器
2022-08-03 20:24:34.547  INFO -connect calbox! , box address : 127.0.0.1
2022-08-03 20:24:35.911  INFO -response: driverIndex = 255,255,code:ModeCode,result=SUCCESS
2022-08-03 20:24:45.704  INFO -response: driverIndex = 0,0,code:FlashParamCode,result=SUCCESS
2022-08-03 20:25:01.720  INFO -response: driverIndex = 0,0,code:FlashParamCode,result=SUCCESS
2022-08-03 20:26:54.644  INFO -正在初始化网络服务器
2022-08-03 20:27:03.382  INFO -connect calbox! , box address : 127.0.0.1
2022-08-03 20:27:05.400  INFO -response: driverIndex = 255,255,code:ModeCode,result=SUCCESS
2022-08-03 20:27:13.907  INFO -response: driverIndex = 0,0,code:FlashParamCode,result=SUCCESS
2022-08-03 20:27:29.944  INFO -response: driverIndex = 0,0,code:FlashParamCode,result=SUCCESS
2022-08-03 20:34:27.646  INFO -response: driverIndex = 0,0,code:FlashParamCode,result=SUCCESS
2022-08-03 20:35:00.031  INFO -response: driverIndex = 0,0,code:FlashParamCode,result=SUCCESS
2022-08-03 20:43:17.878  INFO -response: driverIndex = 255,255,code:ModeCode,result=SUCCESS
2022-08-03 20:43:23.148  INFO -response: driverIndex = 255,255,code:ModeCode,result=SUCCESS
2022-08-03 20:43:39.597  INFO -response: driverIndex = 255,255,code:ModeCode,result=SUCCESS
2022-08-03 20:43:40.024  INFO -response: driverIndex = 255,255,code:ModeCode,result=SUCCESS
2022-08-03 20:43:40.270  INFO -response: driverIndex = 255,255,code:ModeCode,result=SUCCESS
2022-08-03 20:43:40.489  INFO -response: driverIndex = 255,255,code:ModeCode,result=SUCCESS
2022-08-03 20:43:40.724  INFO -response: driverIndex = 255,255,code:ModeCode,result=SUCCESS
2022-08-03 20:43:40.970  INFO -response: driverIndex = 255,255,code:ModeCode,result=SUCCESS
2022-08-03 20:43:41.150  INFO -response: driverIndex = 255,255,code:ModeCode,result=SUCCESS
2022-08-03 20:43:41.353  INFO -response: driverIndex = 255,255,code:ModeCode,result=SUCCESS
2022-08-03 20:43:41.593  INFO -response: driverIndex = 255,255,code:ModeCode,result=SUCCESS
2022-08-03 20:43:41.842  INFO -response: driverIndex = 255,255,code:ModeCode,result=SUCCESS
2022-08-03 20:43:42.082  INFO -response: driverIndex = 255,255,code:ModeCode,result=SUCCESS
2022-08-03 20:43:42.260  INFO -response: driverIndex = 255,255,code:ModeCode,result=SUCCESS
2022-08-03 20:43:42.479  INFO -response: driverIndex = 255,255,code:ModeCode,result=SUCCESS
2022-08-03 20:43:43.333  INFO -response: driverIndex = 255,255,code:ModeCode,result=SUCCESS
2022-08-03 20:43:44.181  INFO -response: driverIndex = 255,255,code:ModeCode,result=SUCCESS
2022-08-03 20:43:46.716  INFO -response: driverIndex = 0,0,code:FlashParamCode,result=SUCCESS
2022-08-03 20:44:02.745  INFO -response: driverIndex = 0,0,code:FlashParamCode,result=SUCCESS
2022-08-03 20:45:29.586  INFO -response: driverIndex = 255,255,code:FlashParamCode,result=SUCCESS
2022-08-03 20:45:45.604  INFO -response: driverIndex = 255,255,code:FlashParamCode,result=SUCCESS
2022-08-03 21:07:01.893  INFO -正在初始化网络服务器
2022-08-03 21:15:04.024  INFO -正在初始化网络服务器
2022-08-03 21:18:46.202  INFO -正在初始化网络服务器
2022-08-03 21:19:02.100  INFO -connect calbox! , box address : 127.0.0.1
2022-08-03 21:19:07.918  INFO -response: driverIndex = 255,255,code:ModeCode,result=SUCCESS
2022-08-03 21:19:11.954  INFO -response: driverIndex = 255,255,code:FlashParamCode,result=SUCCESS
2022-08-03 21:20:46.608  INFO -response: driverIndex = 255,255,code:FlashParamCode,result=SUCCESS
2022-08-03 21:21:09.966  INFO -response: driverIndex = 255,255,code:FlashParamCode,result=SUCCESS
2022-08-03 21:23:47.369  INFO -response: driverIndex = 255,255,code:FlashParamCode,result=SUCCESS
2022-08-03 21:24:47.511  INFO -response: driverIndex = 255,255,code:FlashParamCode,result=SUCCESS
2022-08-03 21:25:14.927  INFO -response: driverIndex = 1,1,code:FlashParamCode,result=SUCCESS
2022-08-03 21:25:44.055  INFO -response: driverIndex = 1,1,code:FlashParamCode,result=SUCCESS
2022-08-03 21:25:55.390  INFO -response: driverIndex = 1,1,code:FlashParamCode,result=SUCCESS
2022-08-03 21:26:24.605  INFO -response: driverIndex = 1,1,code:FlashParamCode,result=SUCCESS
2022-08-03 21:26:26.682  INFO -response: driverIndex = 1,1,code:FlashParamCode,result=SUCCESS
2022-08-03 21:26:33.743  INFO -response: driverIndex = 1,1,code:FlashParamCode,result=SUCCESS
2022-08-03 21:26:50.496  INFO -response: driverIndex = 1,1,code:FlashParamCode,result=SUCCESS
2022-08-03 21:27:06.991  INFO -response: driverIndex = 1,1,code:FlashParamCode,result=SUCCESS
2022-08-03 21:28:46.641  INFO -response: driverIndex = 1,1,code:FlashParamCode,result=SUCCESS
2022-08-03 21:45:42.406  INFO -正在初始化网络服务器
2022-08-03 21:45:47.913  INFO -connect calbox! , box address : 127.0.0.1
2022-08-03 21:45:52.284  INFO -response: driverIndex = 255,255,code:ModeCode,result=SUCCESS
2022-08-03 21:45:58.794  INFO -response: driverIndex = 1,1,code:FlashParamCode,result=SUCCESS
2022-08-03 21:48:34.261  INFO -disconnect !!!
2022-08-03 21:48:40.691  INFO -connect calbox! , box address : 127.0.0.1
2022-08-03 21:48:43.939  INFO -response: driverIndex = 255,255,code:ModeCode,result=SUCCESS
2022-08-03 21:48:49.409  INFO -response: driverIndex = 1,1,code:FlashParamCode,result=SUCCESS
2022-08-03 21:48:57.705  INFO -response: driverIndex = 255,255,code:FlashParamCode,result=SUCCESS
2022-08-03 21:50:34.657  INFO -response: driverIndex = 255,255,code:FlashParamCode,result=SUCCESS
2022-08-03 21:50:45.016  INFO -response: driverIndex = 255,255,code:FlashParamCode,result=SUCCESS
2022-08-03 21:51:31.472  INFO -response: driverIndex = 1,3,code:FlashParamCode,result=SUCCESS
2022-08-03 23:40:25.603  INFO -正在初始化网络服务器
2022-08-03 23:40:43.451  INFO -connect calbox! , box address : 127.0.0.1
2022-08-03 23:40:46.030  INFO -response: driverIndex = 255,255,code:ModeCode,result=SUCCESS
2022-08-03 23:40:48.810  INFO -response: driverIndex = 1,1,code:FlashParamCode,result=SUCCESS
2022-08-03 23:41:10.500  INFO -response: driverIndex = 1,1,code:FlashParamCode,result=SUCCESS
2022-08-03 23:46:06.407  INFO -connect calbox! , box address : 127.0.0.1
2022-08-03 23:46:06.408  INFO -disconnect !!!
2022-08-03 23:46:06.408  INFO -disconnect !!!
2022-08-03 23:46:20.302  INFO -connect calbox! , box address : 127.0.0.1
2022-08-03 23:46:32.017  INFO -response: driverIndex = 255,255,code:ModeCode,result=SUCCESS
2022-08-03 23:46:36.868  INFO -response: driverIndex = 255,255,code:ModeCode,result=SUCCESS
2022-08-04 00:19:46.131  INFO -response: driverIndex = 0,0,code:FlashParamCode,result=SUCCESS
2022-08-04 00:28:24.580  INFO -response: driverIndex = 0,0,code:FlashParamCode,result=SUCCESS
2022-08-04 00:28:52.153  INFO -response: driverIndex = 0,0,code:FlashParamCode,result=SUCCESS
2022-08-04 00:31:07.203  INFO -connect calbox! , box address : 127.0.0.1
2022-08-04 00:31:07.204  INFO -disconnect !!!
2022-08-04 00:31:07.204  INFO -disconnect !!!
2022-08-04 00:32:04.847  INFO -connect calbox! , box address : 127.0.0.1
2022-08-04 00:32:05.625  INFO -response: driverIndex = 255,255,code:ModeCode,result=SUCCESS
2022-08-04 00:33:37.266  INFO -response: driverIndex = 0,0,code:FlashParamCode,result=SUCCESS
2022-08-04 00:34:52.098  INFO -response: driverIndex = 0,0,code:FlashParamCode,result=SUCCESS
2022-08-04 00:39:38.880  INFO -connect calbox! , box address : 127.0.0.1
2022-08-04 00:39:38.881  INFO -disconnect !!!
2022-08-04 00:39:38.882  INFO -disconnect !!!
2022-08-04 00:40:09.767  INFO -connect calbox! , box address : 127.0.0.1
2022-08-04 00:40:10.394  INFO -response: driverIndex = 255,255,code:ModeCode,result=SUCCESS
2022-08-04 00:40:16.346  INFO -response: driverIndex = 0,0,code:FlashParamCode,result=SUCCESS
2022-08-04 00:41:06.970  INFO -response: driverIndex = 0,0,code:FlashParamCode,result=SUCCESS
2022-08-04 00:44:08.852  INFO -disconnect !!!
2022-08-04 00:44:16.789  INFO -connect calbox! , box address : 127.0.0.1
2022-08-04 00:44:18.100  INFO -response: driverIndex = 255,255,code:ModeCode,result=SUCCESS
2022-08-04 00:51:30.888  INFO -response: driverIndex = 0,1,code:FlashParamCode,result=SUCCESS
2022-08-04 00:51:32.982  INFO -response: driverIndex = 0,1,code:FlashParamCode,result=SUCCESS
2022-08-04 00:51:42.005  INFO -response: driverIndex = 0,1,code:FlashParamCode,result=SUCCESS
2022-08-04 00:52:30.311  INFO -disconnect !!!
2022-08-04 00:52:41.870  INFO -正在初始化网络服务器
2022-08-04 00:52:49.798  INFO -connect calbox! , box address : 127.0.0.1
2022-08-04 00:52:50.643  INFO -response: driverIndex = 255,255,code:ModeCode,result=SUCCESS
2022-08-04 00:52:52.610  INFO -response: driverIndex = 0,0,code:FlashParamCode,result=SUCCESS
2022-08-04 00:53:13.895  INFO -response: driverIndex = 0,0,code:FlashParamCode,result=SUCCESS
2022-08-04 01:03:45.903  INFO -disconnect !!!
2022-08-04 01:03:56.553  INFO -connect calbox! , box address : 127.0.0.1
2022-08-04 01:03:57.179  INFO -response: driverIndex = 255,255,code:ModeCode,result=SUCCESS
2022-08-04 01:04:03.869  INFO -response: driverIndex = 0,0,code:FlashParamCode,result=SUCCESS
2022-08-04 01:09:39.299  INFO -disconnect !!!
2022-08-04 01:09:48.183  INFO -connect calbox! , box address : 127.0.0.1
2022-08-04 01:09:49.072  INFO -response: driverIndex = 255,255,code:ModeCode,result=SUCCESS
2022-08-04 01:09:56.658  INFO -response: driverIndex = 0,0,code:FlashParamCode,result=SUCCESS
2022-08-04 01:14:54.715  INFO -response: driverIndex = 0,0,code:FlashParamCode,result=SUCCESS
2022-08-04 01:15:21.456  INFO -disconnect !!!
2022-08-04 01:15:32.717  INFO -connect calbox! , box address : 127.0.0.1
2022-08-04 01:15:33.388  INFO -response: driverIndex = 255,255,code:ModeCode,result=SUCCESS
2022-08-04 01:15:35.466  INFO -response: driverIndex = 0,0,code:FlashParamCode,result=SUCCESS
2022-08-04 01:15:37.590  INFO -response: driverIndex = 0,0,code:FlashParamCode,result=SUCCESS
2022-08-04 01:16:13.473  INFO -response: driverIndex = 255,0,code:FlashParamCode,result=SUCCESS
2022-08-04 01:20:51.550  INFO -response: driverIndex = 255,0,code:FlashParamCode,result=SUCCESS
2022-08-04 09:22:55.314  INFO -正在初始化网络服务器
2022-08-04 09:23:03.009  INFO -connect calbox! , box address : 127.0.0.1
2022-08-04 09:23:04.055  INFO -response: driverIndex = 255,255,code:ModeCode,result=SUCCESS
2022-08-04 09:23:17.027  INFO -response: driverIndex = 2,1,code:FlashParamCode,result=SUCCESS
2022-08-04 09:23:17.086  INFO -response: driverIndex = 2,1,code:FlashParamCode,result=SUCCESS
2022-08-04 09:23:19.167  INFO -response: driverIndex = 2,1,code:FlashParamCode,result=SUCCESS
2022-08-04 09:25:11.489  INFO -disconnect !!!
2022-08-04 09:25:15.043  INFO -connect calbox! , box address : 127.0.0.1
2022-08-04 09:25:16.011  INFO -response: driverIndex = 255,255,code:ModeCode,result=SUCCESS
2022-08-04 09:25:21.548  INFO -response: driverIndex = 2,1,code:FlashParamCode,result=SUCCESS
2022-08-04 09:25:23.622  INFO -response: driverIndex = 2,1,code:FlashParamCode,result=SUCCESS
2022-08-04 09:25:25.686  INFO -response: driverIndex = 2,1,code:FlashParamCode,result=SUCCESS
2022-08-04 09:27:51.718  INFO -response: driverIndex = 255,255,code:ModeCode,result=SUCCESS
2022-08-04 09:28:01.791  INFO -disconnect !!!
2022-08-04 09:28:05.928  INFO -connect calbox! , box address : 127.0.0.1
2022-08-04 09:28:06.657  INFO -response: driverIndex = 255,255,code:ModeCode,result=SUCCESS
2022-08-04 09:28:34.417  INFO -response: driverIndex = 0,1,code:FlashParamCode,result=SUCCESS
2022-08-04 09:29:57.237  INFO -response: driverIndex = 0,1,code:FlashParamCode,result=SUCCESS
2022-08-04 09:29:59.311  INFO -response: driverIndex = 0,1,code:FlashParamCode,result=SUCCESS
2022-08-04 09:30:10.134  INFO -disconnect !!!
2022-08-04 09:30:23.257  INFO -connect calbox! , box address : 127.0.0.1
2022-08-04 09:30:23.867  INFO -response: driverIndex = 255,255,code:ModeCode,result=SUCCESS
2022-08-04 09:30:28.314  INFO -response: driverIndex = 1,2,code:FlashParamCode,result=SUCCESS
2022-08-04 09:30:30.405  INFO -response: driverIndex = 1,2,code:FlashParamCode,result=SUCCESS
2022-08-04 09:30:32.472  INFO -response: driverIndex = 1,2,code:FlashParamCode,result=SUCCESS
2022-08-04 09:30:53.116  INFO -response: driverIndex = 1,2,code:FlashParamCode,result=SUCCESS
2022-08-04 09:30:55.200  INFO -response: driverIndex = 1,2,code:FlashParamCode,result=SUCCESS
2022-08-04 09:30:57.287  INFO -response: driverIndex = 1,2,code:FlashParamCode,result=SUCCESS
2022-08-04 09:31:12.512  INFO -disconnect !!!
2022-08-04 09:31:17.172  INFO -connect calbox! , box address : 127.0.0.1
2022-08-04 09:31:18.126  INFO -response: driverIndex = 255,255,code:ModeCode,result=SUCCESS
2022-08-04 09:31:20.609  INFO -response: driverIndex = 0,1,code:FlashParamCode,result=SUCCESS
2022-08-04 09:31:22.711  INFO -response: driverIndex = 0,1,code:FlashParamCode,result=SUCCESS
2022-08-04 09:31:24.796  INFO -response: driverIndex = 0,1,code:FlashParamCode,result=SUCCESS
2022-08-04 09:32:15.876  INFO -response: driverIndex = 0,1,code:FlashParamCode,result=SUCCESS
2022-08-04 09:32:17.928  INFO -response: driverIndex = 0,1,code:FlashParamCode,result=SUCCESS
2022-08-04 09:32:19.983  INFO -response: driverIndex = 0,1,code:FlashParamCode,result=SUCCESS
2022-08-04 09:33:58.178  INFO -response: driverIndex = 0,1,code:FlashParamCode,result=SUCCESS
2022-08-04 09:34:00.259  INFO -response: driverIndex = 0,1,code:FlashParamCode,result=SUCCESS
2022-08-04 09:34:02.332  INFO -response: driverIndex = 0,1,code:FlashParamCode,result=SUCCESS
2022-08-04 09:35:06.276  INFO -response: driverIndex = 0,1,code:FlashParamCode,result=SUCCESS
2022-08-04 09:35:08.353  INFO -response: driverIndex = 0,1,code:FlashParamCode,result=SUCCESS
2022-08-04 09:35:10.418  INFO -response: driverIndex = 0,1,code:FlashParamCode,result=SUCCESS
2022-08-04 09:36:13.286  INFO -response: driverIndex = 0,1,code:FlashParamCode,result=SUCCESS
2022-08-04 09:36:15.497  INFO -response: driverIndex = 0,1,code:FlashParamCode,result=SUCCESS
2022-08-04 09:36:17.548  INFO -response: driverIndex = 0,1,code:FlashParamCode,result=SUCCESS
2022-08-04 09:36:40.706  INFO -disconnect !!!
2022-08-04 09:36:46.496  INFO -connect calbox! , box address : 127.0.0.1
2022-08-04 09:36:47.181  INFO -response: driverIndex = 255,255,code:ModeCode,result=SUCCESS
2022-08-04 09:36:52.443  INFO -response: driverIndex = 2,1,code:FlashParamCode,result=SUCCESS
2022-08-04 09:36:54.537  INFO -response: driverIndex = 2,1,code:FlashParamCode,result=SUCCESS
2022-08-04 09:36:56.620  INFO -response: driverIndex = 2,1,code:FlashParamCode,result=SUCCESS
2022-08-04 09:37:15.219  INFO -response: driverIndex = 255,0,code:FlashParamCode,result=SUCCESS
2022-08-04 09:40:51.677  INFO -disconnect !!!
2022-08-04 09:41:02.190  INFO -connect calbox! , box address : 127.0.0.1
2022-08-04 09:41:02.656  INFO -response: driverIndex = 255,255,code:ModeCode,result=SUCCESS
2022-08-04 09:41:04.749  INFO -response: driverIndex = 0,0,code:FlashParamCode,result=SUCCESS
2022-08-04 09:41:06.845  INFO -response: driverIndex = 0,0,code:FlashParamCode,result=SUCCESS
2022-08-04 09:41:08.964  INFO -response: driverIndex = 0,0,code:FlashParamCode,result=SUCCESS
2022-08-04 09:41:44.806  INFO -response: driverIndex = 0,1,code:FlashParamCode,result=SUCCESS
2022-08-04 09:48:58.256  INFO -disconnect !!!
2022-08-04 13:42:42.521  INFO -正在初始化网络服务器
2022-08-04 13:42:48.774  INFO -connect calbox! , box address : 127.0.0.1
2022-08-04 13:42:51.802  INFO -response: driverIndex = 255,255,code:ModeCode,result=SUCCESS
2022-08-04 13:42:59.411  INFO -response: driverIndex = 0,1,code:FlashParamCode,result=SUCCESS
2022-08-04 13:49:46.986  INFO -disconnect !!!
2022-08-04 13:50:22.351  INFO -connect calbox! , box address : 127.0.0.1
2022-08-04 13:50:23.541  INFO -response: driverIndex = 255,255,code:ModeCode,result=SUCCESS
2022-08-04 13:50:30.966  INFO -response: driverIndex = 0,1,code:FlashParamCode,result=SUCCESS
2022-08-04 13:52:26.909  INFO -response: driverIndex = 0,1,code:FlashParamCode,result=SUCCESS
2022-08-04 13:53:40.458  INFO -response: driverIndex = 0,1,code:FlashParamCode,result=SUCCESS
2022-08-04 13:53:50.662  INFO -response: driverIndex = 0,1,code:FlashParamCode,result=SUCCESS
2022-08-04 13:56:21.785  INFO -正在初始化网络服务器
2022-08-04 13:56:28.737  INFO -connect calbox! , box address : 127.0.0.1
2022-08-04 13:56:30.532  INFO -response: driverIndex = 255,255,code:ModeCode,result=SUCCESS
2022-08-04 13:56:44.649  INFO -response: driverIndex = 0,0,code:FlashParamCode,result=SUCCESS
2022-08-04 14:00:16.883  INFO -disconnect !!!
2022-08-04 14:00:28.284  INFO -connect calbox! , box address : 127.0.0.1
2022-08-04 14:00:29.208  INFO -response: driverIndex = 255,255,code:ModeCode,result=SUCCESS
2022-08-04 14:00:34.636  INFO -response: driverIndex = 0,1,code:FlashParamCode,result=SUCCESS
2022-08-04 14:00:36.708  INFO -response: driverIndex = 0,1,code:FlashParamCode,result=SUCCESS
2022-08-04 14:00:38.775  INFO -response: driverIndex = 0,1,code:FlashParamCode,result=SUCCESS
2022-08-04 14:01:54.342  INFO -disconnect !!!
2022-08-04 14:02:01.647  INFO -connect calbox! , box address : 127.0.0.1
2022-08-04 14:02:02.635  INFO -response: driverIndex = 255,255,code:ModeCode,result=SUCCESS
2022-08-04 14:02:05.945  INFO -response: driverIndex = 0,0,code:FlashParamCode,result=SUCCESS
2022-08-04 14:02:08.019  INFO -response: driverIndex = 0,0,code:FlashParamCode,result=SUCCESS
2022-08-04 14:02:10.080  INFO -response: driverIndex = 0,0,code:FlashParamCode,result=SUCCESS
2022-08-04 14:02:30.044  INFO -disconnect !!!
2022-08-04 14:06:15.226  INFO -connect calbox! , box address : 127.0.0.1
2022-08-04 14:06:16.053  INFO -response: driverIndex = 255,255,code:ModeCode,result=SUCCESS
2022-08-04 14:06:18.758  INFO -response: driverIndex = 0,0,code:FlashParamCode,result=SUCCESS
2022-08-04 14:06:20.831  INFO -response: driverIndex = 0,0,code:FlashParamCode,result=SUCCESS
2022-08-04 14:06:22.888  INFO -response: driverIndex = 0,0,code:FlashParamCode,result=SUCCESS
2022-08-04 14:08:01.409  INFO -disconnect !!!
2022-08-04 14:08:44.269  INFO -connect calbox! , box address : 127.0.0.1
2022-08-04 14:08:44.726  INFO -response: driverIndex = 255,255,code:ModeCode,result=SUCCESS
2022-08-04 14:08:48.855  INFO -response: driverIndex = 0,0,code:FlashParamCode,result=SUCCESS
2022-08-04 14:08:50.929  INFO -response: driverIndex = 0,0,code:FlashParamCode,result=SUCCESS
2022-08-04 14:08:52.994  INFO -response: driverIndex = 0,0,code:FlashParamCode,result=SUCCESS
2022-08-04 14:10:18.960  INFO -disconnect !!!
2022-08-04 14:12:03.222  INFO -connect calbox! , box address : 127.0.0.1
2022-08-04 14:12:05.355  INFO -response: driverIndex = 255,255,code:ModeCode,result=SUCCESS
2022-08-04 14:12:08.693  INFO -response: driverIndex = 0,0,code:FlashParamCode,result=SUCCESS
2022-08-04 14:12:10.771  INFO -response: driverIndex = 0,0,code:FlashParamCode,result=SUCCESS
2022-08-04 14:12:12.831  INFO -response: driverIndex = 0,0,code:FlashParamCode,result=SUCCESS
2022-08-04 14:19:20.344  INFO -disconnect !!!
2022-08-04 14:19:26.019  INFO -connect calbox! , box address : 127.0.0.1
2022-08-04 14:19:26.842  INFO -response: driverIndex = 255,255,code:ModeCode,result=SUCCESS
2022-08-04 14:19:28.220  INFO -response: driverIndex = 255,255,code:ModeCode,result=SUCCESS
2022-08-04 14:19:33.481  INFO -response: driverIndex = 255,255,code:ModeCode,result=SUCCESS
2022-08-04 14:19:39.902  INFO -response: driverIndex = 0,0,code:FlashParamCode,result=SUCCESS
2022-08-04 14:19:41.977  INFO -response: driverIndex = 0,0,code:FlashParamCode,result=SUCCESS
2022-08-04 14:19:44.043  INFO -response: driverIndex = 0,0,code:FlashParamCode,result=SUCCESS
2022-08-04 14:41:00.429  INFO -disconnect !!!
2022-08-04 14:41:09.589  INFO -connect calbox! , box address : 127.0.0.1
2022-08-04 14:41:10.182  INFO -response: driverIndex = 255,255,code:ModeCode,result=SUCCESS
2022-08-04 14:41:15.838  INFO -response: driverIndex = 0,0,code:FlashParamCode,result=SUCCESS
2022-08-04 14:41:18.978  INFO -response: driverIndex = 0,0,code:FlashParamCode,result=SUCCESS
2022-08-04 14:41:21.732  INFO -response: driverIndex = 0,0,code:FlashParamCode,result=SUCCESS
2022-08-04 14:42:17.134  INFO -disconnect !!!
2022-08-04 14:42:28.186  INFO -connect calbox! , box address : 127.0.0.1
2022-08-04 14:42:28.860  INFO -response: driverIndex = 255,255,code:ModeCode,result=SUCCESS
2022-08-04 14:42:33.188  INFO -response: driverIndex = 0,0,code:FlashParamCode,result=SUCCESS
2022-08-04 14:42:35.264  INFO -response: driverIndex = 0,0,code:FlashParamCode,result=SUCCESS
2022-08-04 14:42:37.334  INFO -response: driverIndex = 0,0,code:FlashParamCode,result=SUCCESS
2022-08-04 14:44:27.607  INFO -response: driverIndex = 0,0,code:FlashParamCode,result=SUCCESS
2022-08-04 14:44:29.656  INFO -response: driverIndex = 0,0,code:FlashParamCode,result=SUCCESS
2022-08-04 14:44:31.705  INFO -response: driverIndex = 0,0,code:FlashParamCode,result=SUCCESS
2022-08-04 14:44:33.748  INFO -response: driverIndex = 0,0,code:FlashParamCode,result=SUCCESS
2022-08-04 14:44:35.796  INFO -response: driverIndex = 0,0,code:FlashParamCode,result=SUCCESS
2022-08-04 14:44:37.848  INFO -response: driverIndex = 0,0,code:FlashParamCode,result=SUCCESS
2022-08-04 14:47:09.806  INFO -disconnect !!!
2022-08-04 14:47:15.959  INFO -正在初始化网络服务器
2022-08-04 14:47:27.438  INFO -connect calbox! , box address : 127.0.0.1
2022-08-04 14:47:28.458  INFO -response: driverIndex = 255,255,code:ModeCode,result=SUCCESS
2022-08-04 14:47:34.239  INFO -response: driverIndex = 0,1,code:FlashParamCode,result=SUCCESS
2022-08-04 14:47:36.317  INFO -response: driverIndex = 0,1,code:FlashParamCode,result=SUCCESS
2022-08-04 14:47:38.397  INFO -response: driverIndex = 0,1,code:FlashParamCode,result=SUCCESS
2022-08-04 14:47:43.838  INFO -response: driverIndex = 255,255,code:FlashParamCode,result=SUCCESS
2022-08-04 14:50:03.986  INFO -disconnect !!!
2022-08-04 14:50:30.527  INFO -正在初始化网络服务器
2022-08-04 14:50:35.877  INFO -connect calbox! , box address : 127.0.0.1
2022-08-04 14:50:36.649  INFO -response: driverIndex = 255,255,code:ModeCode,result=SUCCESS
2022-08-04 14:50:39.424  INFO -response: driverIndex = 0,1,code:FlashParamCode,result=SUCCESS
2022-08-04 14:50:41.498  INFO -response: driverIndex = 0,1,code:FlashParamCode,result=SUCCESS
2022-08-04 14:50:43.570  INFO -response: driverIndex = 0,1,code:FlashParamCode,result=SUCCESS
2022-08-04 14:50:48.961  INFO -response: driverIndex = 255,255,code:FlashParamCode,result=SUCCESS
2022-08-04 14:56:16.839  INFO -response: driverIndex = 0,1,code:FlashParamCode,result=SUCCESS
2022-08-04 14:58:47.806  INFO -正在初始化网络服务器
2022-08-04 14:58:52.116  INFO -connect calbox! , box address : 127.0.0.1
2022-08-04 14:58:52.844  INFO -response: driverIndex = 255,255,code:ModeCode,result=SUCCESS
2022-08-04 14:58:56.639  INFO -response: driverIndex = 0,0,code:FlashParamCode,result=SUCCESS
2022-08-04 14:58:58.724  INFO -response: driverIndex = 0,0,code:FlashParamCode,result=SUCCESS
2022-08-04 14:59:00.790  INFO -response: driverIndex = 0,0,code:FlashParamCode,result=SUCCESS
2022-08-04 14:59:05.741  INFO -response: driverIndex = 255,255,code:FlashParamCode,result=SUCCESS
2022-08-04 15:00:56.510  INFO -正在初始化网络服务器
2022-08-04 15:01:01.596  INFO -connect calbox! , box address : 127.0.0.1
2022-08-04 15:01:02.542  INFO -response: driverIndex = 255,255,code:ModeCode,result=SUCCESS
2022-08-04 15:01:07.833  INFO -response: driverIndex = 0,0,code:FlashParamCode,result=SUCCESS
2022-08-04 15:01:09.915  INFO -response: driverIndex = 0,0,code:FlashParamCode,result=SUCCESS
2022-08-04 15:01:11.986  INFO -response: driverIndex = 0,0,code:FlashParamCode,result=SUCCESS
2022-08-04 15:01:17.366  INFO -response: driverIndex = 255,255,code:FlashParamCode,result=SUCCESS
2022-08-04 15:02:44.125  INFO -正在初始化网络服务器
2022-08-04 15:02:44.145  INFO -connect calbox! , box address : 127.0.0.1
2022-08-04 15:03:04.098  INFO -response: driverIndex = 255,255,code:ModeCode,result=SUCCESS
2022-08-04 15:03:14.191  INFO -response: driverIndex = 0,1,code:FlashParamCode,result=SUCCESS
2022-08-04 15:03:16.259  INFO -response: driverIndex = 0,1,code:FlashParamCode,result=SUCCESS
2022-08-04 15:03:18.318  INFO -response: driverIndex = 0,1,code:FlashParamCode,result=SUCCESS
2022-08-04 15:03:53.641  INFO -response: driverIndex = 0,1,code:FlashParamCode,result=SUCCESS
2022-08-04 15:07:47.044  INFO -disconnect !!!
2022-08-04 15:07:50.709  INFO -connect calbox! , box address : 127.0.0.1
2022-08-04 15:07:51.404  INFO -response: driverIndex = 255,255,code:ModeCode,result=SUCCESS
2022-08-04 15:07:54.991  INFO -response: driverIndex = 0,1,code:FlashParamCode,result=SUCCESS
2022-08-04 15:07:57.074  INFO -response: driverIndex = 0,1,code:FlashParamCode,result=SUCCESS
2022-08-04 15:07:59.140  INFO -response: driverIndex = 0,1,code:FlashParamCode,result=SUCCESS
2022-08-04 15:08:13.486  INFO -response: driverIndex = 0,1,code:FlashParamCode,result=SUCCESS
2022-08-04 15:09:52.095  INFO -disconnect !!!
2022-08-04 15:10:02.211  INFO -connect calbox! , box address : 127.0.0.1
2022-08-04 15:10:02.371  INFO -response: driverIndex = 255,255,code:ModeCode,result=SUCCESS
2022-08-04 15:10:06.855  INFO -response: driverIndex = 0,1,code:FlashParamCode,result=SUCCESS
2022-08-04 15:10:08.927  INFO -response: driverIndex = 0,1,code:FlashParamCode,result=SUCCESS
2022-08-04 15:10:10.996  INFO -response: driverIndex = 0,1,code:FlashParamCode,result=SUCCESS
2022-08-04 15:11:02.212  INFO -response: driverIndex = 255,255,code:FlashParamCode,result=SUCCESS
2022-08-04 15:13:37.608  INFO -response: driverIndex = 255,255,code:FlashParamCode,result=SUCCESS
2022-08-04 15:13:58.953  INFO -disconnect !!!
2022-08-04 15:14:07.358  INFO -正在初始化网络服务器
2022-08-04 15:14:12.570  INFO -connect calbox! , box address : 127.0.0.1
2022-08-04 15:17:58.040  INFO -response: driverIndex = 255,255,code:ModeCode,result=SUCCESS
2022-08-04 15:18:02.599  INFO -response: driverIndex = 0,1,code:FlashParamCode,result=SUCCESS
2022-08-04 15:18:04.681  INFO -response: driverIndex = 0,1,code:FlashParamCode,result=SUCCESS
2022-08-04 15:18:06.739  INFO -response: driverIndex = 0,1,code:FlashParamCode,result=SUCCESS
2022-08-04 15:18:16.365  INFO -response: driverIndex = 255,255,code:FlashParamCode,result=SUCCESS
2022-08-04 15:20:56.476  INFO -response: driverIndex = 255,255,code:FlashParamCode,result=SUCCESS
2022-08-04 15:22:04.873  INFO -response: driverIndex = 255,255,code:FlashParamCode,result=SUCCESS
2022-08-04 15:24:28.718  INFO -disconnect !!!
2022-08-04 15:24:34.652  INFO -connect calbox! , box address : 127.0.0.1
2022-08-04 15:24:35.515  INFO -response: driverIndex = 255,255,code:ModeCode,result=SUCCESS
2022-08-04 15:24:39.009  INFO -response: driverIndex = 0,1,code:FlashParamCode,result=SUCCESS
2022-08-04 15:24:41.089  INFO -response: driverIndex = 0,1,code:FlashParamCode,result=SUCCESS
2022-08-04 15:24:43.154  INFO -response: driverIndex = 0,1,code:FlashParamCode,result=SUCCESS
2022-08-04 15:24:52.637  INFO -response: driverIndex = 255,255,code:FlashParamCode,result=SUCCESS
2022-08-04 15:29:54.662  INFO -response: driverIndex = 0,1,code:FlashParamCode,result=SUCCESS
2022-08-04 15:29:56.725  INFO -response: driverIndex = 0,1,code:FlashParamCode,result=SUCCESS
2022-08-04 15:29:58.788  INFO -response: driverIndex = 0,1,code:FlashParamCode,result=SUCCESS
2022-08-04 15:30:29.612  INFO -response: driverIndex = 255,255,code:FlashParamCode,result=SUCCESS
2022-08-04 15:30:31.662  INFO -response: driverIndex = 255,255,code:FlashParamCode,result=SUCCESS
2022-08-04 15:30:33.705  INFO -response: driverIndex = 255,255,code:FlashParamCode,result=SUCCESS
2022-08-04 15:36:53.581  INFO -response: driverIndex = 255,255,code:FlashParamCode,result=SUCCESS
2022-08-04 15:36:55.621  INFO -response: driverIndex = 255,255,code:FlashParamCode,result=SUCCESS
2022-08-04 15:36:57.676  INFO -response: driverIndex = 255,255,code:FlashParamCode,result=SUCCESS
2022-08-04 15:38:41.379  INFO -response: driverIndex = 255,255,code:FlashParamCode,result=SUCCESS
2022-08-04 15:38:43.424  INFO -response: driverIndex = 255,255,code:FlashParamCode,result=SUCCESS
2022-08-04 15:38:45.474  INFO -response: driverIndex = 255,255,code:FlashParamCode,result=SUCCESS
2022-08-04 15:46:27.641  INFO -response: driverIndex = 255,255,code:ModeCode,result=SUCCESS
2022-08-04 15:46:30.556  INFO -response: driverIndex = 255,255,code:ModeCode,result=SUCCESS
2022-08-04 15:46:49.966  INFO -disconnect !!!
2022-08-04 16:53:49.408  INFO -正在初始化网络服务器
2022-08-04 16:53:52.833  INFO -connect calbox! , box address : 127.0.0.1
2022-08-04 16:53:54.163  INFO -response: driverIndex = 255,255,code:ModeCode,result=SUCCESS
2022-08-04 16:53:57.845  INFO -response: driverIndex = 0,0,code:FlashParamCode,result=SUCCESS
2022-08-04 16:54:59.371  INFO -response: driverIndex = 255,255,code:ModeCode,result=SUCCESS
2022-08-04 16:55:01.461  INFO -response: driverIndex = 255,255,code:ModeCode,result=SUCCESS
2022-08-04 16:55:18.154  INFO -response: driverIndex = 255,255,code:ModeCode,result=SUCCESS
2022-08-04 16:55:24.616  INFO -response: driverIndex = 255,255,code:ModeCode,result=SUCCESS
2022-08-05 11:42:20.404  INFO -正在初始化网络服务器
2022-08-05 11:42:29.374  INFO -connect calbox! , box address : 127.0.0.1
2022-08-05 11:42:31.017  INFO -response: driverIndex = 255,255,code:ModeCode,result=SUCCESS
2022-08-05 11:42:36.009  INFO -response: driverIndex = 0,0,code:FlashParamCode,result=SUCCESS
2022-08-05 11:43:46.754  INFO -disconnect !!!
2022-08-05 11:55:43.875  INFO -connect calbox! , box address : 127.0.0.1
2022-08-05 11:55:45.014  INFO -response: driverIndex = 255,255,code:ModeCode,result=SUCCESS
2022-08-05 11:55:48.040  INFO -response: driverIndex = 0,0,code:FlashParamCode,result=SUCCESS
2022-08-05 12:03:59.308  INFO -disconnect !!!
2022-08-05 13:06:15.015  INFO -connect calbox! , box address : 127.0.0.1
2022-08-05 13:06:18.132  INFO -response: driverIndex = 255,255,code:ModeCode,result=SUCCESS
2022-08-05 13:06:20.800  INFO -response: driverIndex = 0,0,code:FlashParamCode,result=SUCCESS
2022-08-05 13:13:01.552  INFO -disconnect !!!
2022-08-05 13:13:33.041  INFO -connect calbox! , box address : 127.0.0.1
2022-08-05 13:13:33.876  INFO -response: driverIndex = 255,255,code:ModeCode,result=SUCCESS
2022-08-05 13:13:35.877  INFO -response: driverIndex = 0,0,code:FlashParamCode,result=SUCCESS
2022-08-05 13:13:46.679  INFO -response: driverIndex = 255,255,code:FlashParamCode,result=SUCCESS
2022-08-05 13:16:21.634  INFO -disconnect !!!
2022-08-05 13:16:43.458  INFO -connect calbox! , box address : 127.0.0.1
2022-08-05 13:16:44.991  INFO -response: driverIndex = 255,255,code:ModeCode,result=SUCCESS
2022-08-05 13:16:47.107  INFO -response: driverIndex = 0,0,code:FlashParamCode,result=SUCCESS
2022-08-05 13:23:30.766  INFO -disconnect !!!
2022-08-05 13:24:03.017  INFO -connect calbox! , box address : 127.0.0.1
2022-08-05 13:25:20.637  INFO -disconnect !!!
2022-08-05 13:25:34.623  INFO -connect calbox! , box address : 127.0.0.1
2022-08-05 13:25:35.307  INFO -response: driverIndex = 255,255,code:ModeCode,result=SUCCESS
2022-08-05 13:25:38.304  INFO -response: driverIndex = 0,0,code:FlashParamCode,result=SUCCESS
2022-08-05 13:25:43.116  INFO -response: driverIndex = 0,0,code:FlashParamCode,result=SUCCESS
2022-08-05 13:25:46.992  INFO -response: driverIndex = 0,0,code:FlashParamCode,result=SUCCESS
2022-08-05 13:27:46.089  INFO -response: driverIndex = 0,0,code:FlashParamCode,result=SUCCESS
2022-08-05 13:27:54.503  INFO -response: driverIndex = 0,0,code:FlashParamCode,result=SUCCESS
2022-08-05 13:27:58.148  INFO -response: driverIndex = 0,0,code:FlashParamCode,result=SUCCESS
2022-08-05 13:28:02.228  INFO -response: driverIndex = 0,0,code:FlashParamCode,result=SUCCESS
2022-08-05 13:28:19.759  INFO -response: driverIndex = 0,0,code:FlashParamCode,result=SUCCESS
2022-08-05 13:28:23.752  INFO -response: driverIndex = 0,0,code:FlashParamCode,result=SUCCESS
2022-08-05 13:28:27.528  INFO -response: driverIndex = 0,0,code:FlashParamCode,result=SUCCESS
2022-08-05 13:28:57.465  INFO -response: driverIndex = 0,0,code:FlashParamCode,result=SUCCESS
2022-08-05 13:28:59.551  INFO -response: driverIndex = 0,0,code:FlashParamCode,result=SUCCESS
2022-08-05 13:29:01.630  INFO -response: driverIndex = 0,0,code:FlashParamCode,result=SUCCESS
2022-08-05 13:29:39.776  INFO -response: driverIndex = 0,0,code:FlashParamCode,result=SUCCESS
2022-08-05 14:37:44.167  INFO -disconnect !!!
2022-08-05 14:46:33.738  INFO -正在初始化网络服务器
2022-08-05 14:47:46.343  INFO -connect calbox! , box address : 127.0.0.1
2022-08-05 14:47:47.952  INFO -response: driverIndex = 255,255,code:ModeCode,result=SUCCESS
2022-08-05 14:47:50.895  INFO -response: driverIndex = 0,0,code:FlashParamCode,result=SUCCESS
2022-08-05 16:16:07.598  INFO -disconnect !!!
2022-08-05 16:16:22.801  INFO -connect calbox! , box address : 127.0.0.1
2022-08-05 16:16:25.977  INFO -response: driverIndex = 255,255,code:ModeCode,result=SUCCESS
2022-08-05 16:16:32.963  INFO -response: driverIndex = 0,0,code:FlashParamCode,result=SUCCESS
2022-08-05 16:33:21.520  INFO -disconnect !!!
2022-08-05 16:33:42.599  INFO -connect calbox! , box address : 127.0.0.1
2022-08-05 16:33:43.571  INFO -response: driverIndex = 255,255,code:ModeCode,result=SUCCESS
2022-08-05 16:33:47.450  INFO -response: driverIndex = 0,0,code:FlashParamCode,result=SUCCESS
2022-08-05 16:48:34.710  INFO -disconnect !!!
2022-08-05 16:49:25.675  INFO -connect calbox! , box address : 127.0.0.1
2022-08-05 16:59:03.977  INFO -disconnect !!!
2022-08-05 17:27:39.009  INFO -connect calbox! , box address : 127.0.0.1
2022-08-05 17:27:58.268  INFO -正在初始化网络服务器
2022-08-05 17:28:04.447  INFO -connect calbox! , box address : 127.0.0.1
2022-08-05 17:28:09.008  INFO -response: driverIndex = 255,255,code:ModeCode,result=SUCCESS
2022-08-05 17:28:25.903  INFO -response: driverIndex = 255,255,code:ModeCode,result=SUCCESS
2022-08-05 17:30:04.219  INFO -disconnect !!!
2022-08-05 17:30:29.159  INFO -connect calbox! , box address : 127.0.0.1
2022-08-05 17:31:01.571  INFO -disconnect !!!
2022-08-08 08:59:12.019  INFO -正在初始化网络服务器
2022-08-08 09:00:26.069  INFO -正在初始化网络服务器
2022-08-08 09:00:30.962  INFO -connect calbox! , box address : 127.0.0.1
2022-08-08 09:00:31.122  INFO -response: driverIndex = 255,255,code:ModeCode,result=SUCCESS
2022-08-08 09:00:32.176  INFO -response: driverIndex = 255,255,code:ModeCode,result=SUCCESS
2022-08-08 09:01:03.439  INFO -response: driverIndex = 1,1,code:FlashParamCode,result=SUCCESS
2022-08-08 09:03:38.973  INFO -response: driverIndex = 1,1,code:FlashParamCode,result=SUCCESS
2022-08-08 09:04:00.236  INFO -response: driverIndex = 1,1,code:FlashParamCode,result=SUCCESS
2022-08-08 09:04:05.929  INFO -response: driverIndex = 1,1,code:FlashParamCode,result=SUCCESS
2022-08-08 09:10:06.325  INFO -response: driverIndex = 1,0,code:FlashParamCode,result=SUCCESS
2022-08-08 09:12:28.641  INFO -response: driverIndex = 1,0,code:FlashParamCode,result=SUCCESS
2022-08-08 09:12:42.216  INFO -response: driverIndex = 1,0,code:FlashParamCode,result=SUCCESS
2022-08-08 09:16:04.641  INFO -response: driverIndex = 1,1,code:FlashParamCode,result=SUCCESS
2022-08-08 09:16:35.458  INFO -response: driverIndex = 1,1,code:FlashParamCode,result=SUCCESS
2022-08-08 09:16:37.540  INFO -response: driverIndex = 1,1,code:FlashParamCode,result=SUCCESS
2022-08-08 09:16:39.608  INFO -response: driverIndex = 1,1,code:FlashParamCode,result=SUCCESS
2022-08-08 09:20:11.634  INFO -response: driverIndex = 1,1,code:FlashParamCode,result=SUCCESS
2022-08-08 09:20:13.699  INFO -response: driverIndex = 1,1,code:FlashParamCode,result=SUCCESS
2022-08-08 09:20:15.764  INFO -response: driverIndex = 1,1,code:FlashParamCode,result=SUCCESS
2022-08-08 09:20:24.587  INFO -response: driverIndex = 1,1,code:FlashParamCode,result=SUCCESS
2022-08-08 09:22:21.648  INFO -response: driverIndex = 1,1,code:FlashParamCode,result=SUCCESS
2022-08-08 09:22:31.034  INFO -disconnect !!!
2022-08-08 09:22:42.239  INFO -connect calbox! , box address : 127.0.0.1
2022-08-08 09:22:43.090  INFO -response: driverIndex = 255,255,code:ModeCode,result=SUCCESS
2022-08-08 09:22:47.582  INFO -response: driverIndex = 0,0,code:FlashParamCode,result=SUCCESS
2022-08-08 09:35:12.818  INFO -disconnect !!!
2022-08-08 09:35:32.580  INFO -connect calbox! , box address : 127.0.0.1
2022-08-08 09:35:33.280  INFO -response: driverIndex = 255,255,code:ModeCode,result=SUCCESS
2022-08-08 09:35:42.521  INFO -response: driverIndex = 0,0,code:FlashParamCode,result=SUCCESS
2022-08-08 09:37:08.967  INFO -response: driverIndex = 0,1,code:FlashParamCode,result=SUCCESS
2022-08-08 09:39:12.464  INFO -response: driverIndex = 0,1,code:FlashParamCode,result=SUCCESS
2022-08-08 09:39:19.819  INFO -response: driverIndex = 0,4,code:FlashParamCode,result=SUCCESS
2022-08-08 09:39:30.519  INFO -response: driverIndex = 0,2,code:FlashParamCode,result=SUCCESS
2022-08-08 09:39:40.752  INFO -response: driverIndex = 0,2,code:FlashParamCode,result=SUCCESS
2022-08-08 09:39:42.822  INFO -response: driverIndex = 0,2,code:FlashParamCode,result=SUCCESS
2022-08-08 09:41:08.148  INFO -response: driverIndex = 0,0,code:FlashParamCode,result=SUCCESS
2022-08-08 09:41:10.209  INFO -response: driverIndex = 0,0,code:FlashParamCode,result=SUCCESS
2022-08-08 09:41:12.259  INFO -response: driverIndex = 0,0,code:FlashParamCode,result=SUCCESS
2022-08-08 09:41:19.067  INFO -response: driverIndex = 0,0,code:FlashParamCode,result=SUCCESS
2022-08-08 09:42:36.448  INFO -disconnect !!!
2022-08-08 09:53:30.021  INFO -connect calbox! , box address : 127.0.0.1
2022-08-08 09:53:31.186  INFO -response: driverIndex = 255,255,code:ModeCode,result=SUCCESS
2022-08-08 10:00:17.907  INFO -disconnect !!!
2022-08-08 10:00:30.549  INFO -connect calbox! , box address : 127.0.0.1
2022-08-08 10:00:32.011  INFO -response: driverIndex = 255,255,code:ModeCode,result=SUCCESS
2022-08-08 10:00:35.197  INFO -response: driverIndex = 0,0,code:FlashParamCode,result=SUCCESS
2022-08-08 10:00:55.298  INFO -response: driverIndex = 0,0,code:FlashParamCode,result=SUCCESS
2022-08-08 10:01:01.124  INFO -response: driverIndex = 0,0,code:FlashParamCode,result=SUCCESS
2022-08-08 10:01:03.185  INFO -response: driverIndex = 0,0,code:FlashParamCode,result=SUCCESS
2022-08-08 16:46:51.519  INFO -正在初始化网络服务器
2022-08-08 16:46:54.604  INFO -connect calbox! , box address : 127.0.0.1
2022-08-08 16:47:49.209  INFO -connect calbox! , box address : 127.0.0.1
2022-08-08 16:47:49.212  INFO -disconnect !!!
2022-08-08 16:47:49.212  INFO -disconnect !!!
2022-08-08 16:48:25.369  INFO -connect calbox! , box address : 127.0.0.1
2022-08-08 16:48:26.342  INFO -response: driverIndex = 255,255,code:ModeCode,result=SUCCESS
2022-08-08 16:48:30.752  INFO -response: driverIndex = 0,0,code:FlashParamCode,result=SUCCESS
2022-08-08 16:48:39.838  INFO -response: driverIndex = 255,255,code:FlashParamCode,result=SUCCESS
2022-08-08 16:48:48.995  INFO -response: driverIndex = 0,0,code:FlashParamCode,result=SUCCESS
2022-08-08 16:48:51.072  INFO -response: driverIndex = 0,0,code:FlashParamCode,result=SUCCESS
2022-08-08 16:48:53.152  INFO -response: driverIndex = 0,0,code:FlashParamCode,result=SUCCESS
2022-08-08 17:08:21.578  INFO -connect calbox! , box address : 127.0.0.1
2022-08-08 17:08:21.579  INFO -disconnect !!!
2022-08-08 17:08:21.579  INFO -disconnect !!!
2022-08-08 17:09:15.900  INFO -connect calbox! , box address : 127.0.0.1
2022-08-08 17:09:16.781  INFO -response: driverIndex = 255,255,code:ModeCode,result=SUCCESS
2022-08-08 17:09:21.459  INFO -response: driverIndex = 0,0,code:FlashParamCode,result=SUCCESS
2022-08-08 17:09:28.453  INFO -response: driverIndex = 255,255,code:FlashParamCode,result=SUCCESS
2022-08-08 17:10:37.736  INFO -disconnect !!!
2022-08-08 17:10:56.382  INFO -connect calbox! , box address : 127.0.0.1
2022-08-08 17:10:57.254  INFO -response: driverIndex = 255,255,code:ModeCode,result=SUCCESS
2022-08-08 17:11:28.274  INFO -response: driverIndex = 0,0,code:FlashParamCode,result=SUCCESS
2022-08-08 17:11:33.384  INFO -response: driverIndex = 255,255,code:FlashParamCode,result=SUCCESS
2022-08-08 17:12:12.937  INFO -disconnect !!!
2022-08-08 17:12:33.760  INFO -connect calbox! , box address : 127.0.0.1
2022-08-08 17:12:35.342  INFO -response: driverIndex = 255,255,code:ModeCode,result=SUCCESS
2022-08-08 17:12:51.271  INFO -response: driverIndex = 1,3,code:FlashParamCode,result=SUCCESS
2022-08-10 09:52:36.232  INFO -正在初始化网络服务器
2022-08-11 09:22:28.587  INFO -正在初始化网络服务器
2022-08-11 09:24:03.211  INFO -connect calbox! , box address : 127.0.0.1
2022-08-11 09:24:04.324  INFO -response: driverIndex = 255,255,code:ModeCode,result=SUCCESS
2022-08-11 09:24:07.115  INFO -response: driverIndex = 0,0,code:FlashParamCode,result=SUCCESS
2022-08-11 09:27:45.526  INFO -connect calbox! , box address : 127.0.0.1
2022-08-11 09:27:45.526  INFO -disconnect !!!
2022-08-11 09:27:45.527  INFO -disconnect !!!
2022-08-11 09:28:11.428  INFO -connect calbox! , box address : 127.0.0.1
2022-08-11 09:28:11.926  INFO -response: driverIndex = 255,255,code:ModeCode,result=SUCCESS
2022-08-11 09:28:17.295  INFO -disconnect !!!
2022-08-11 09:33:10.570  INFO -connect calbox! , box address : 127.0.0.1
2022-08-11 09:33:11.860  INFO -response: driverIndex = 255,255,code:ModeCode,result=SUCCESS
2022-08-11 09:38:10.281  INFO -正在初始化网络服务器
2022-08-12 21:54:16.796  INFO -正在初始化网络服务器
2022-08-18 09:08:53.178  INFO -正在初始化网络服务器
2022-08-18 21:54:10.386  INFO -正在初始化网络服务器
2022-08-19 13:19:07.536  INFO -正在初始化网络服务器
2022-08-23 09:18:35.603  INFO -正在初始化网络服务器
2022-08-23 16:19:34.788  INFO -正在初始化网络服务器
2022-08-23 17:00:41.796  INFO -正在初始化网络服务器
2022-08-24 16:09:29.519  INFO -正在初始化网络服务器
2022-08-24 19:32:21.324  INFO -正在初始化网络服务器
2022-08-25 09:19:45.299  INFO -正在初始化网络服务器
2022-08-26 13:40:14.139  INFO -正在初始化网络服务器
2022-08-26 14:42:52.144  INFO -正在初始化网络服务器
2022-08-26 20:48:41.216  INFO -正在初始化网络服务器
2022-08-26 20:51:25.241  INFO -正在初始化网络服务器
2022-08-30 09:05:25.262  INFO -正在初始化网络服务器
2022-08-30 14:06:26.585  INFO -正在初始化网络服务器
2022-08-30 17:25:43.771  INFO -正在初始化网络服务器
2022-08-30 17:26:33.865  INFO -正在初始化网络服务器
2022-08-30 17:28:02.534  INFO -正在初始化网络服务器
2022-08-30 17:28:51.548  INFO -正在初始化网络服务器
2022-08-31 08:49:10.118  INFO -正在初始化网络服务器
2022-08-31 09:04:29.988  INFO -正在初始化网络服务器
2022-08-31 17:33:59.095  INFO -正在初始化网络服务器
2022-09-01 16:58:10.543  INFO -正在初始化网络服务器
2022-09-01 17:00:45.095  INFO -正在初始化网络服务器
2022-09-06 09:41:22.887  INFO -正在初始化网络服务器
2022-09-06 09:46:08.726  INFO -正在初始化网络服务器
2022-09-06 10:13:03.961  INFO -正在初始化网络服务器
2022-09-06 11:03:56.105  INFO -正在初始化网络服务器
2022-09-08 12:56:09.933  INFO -正在初始化网络服务器
2022-09-08 13:03:45.702  INFO -正在初始化网络服务器
2022-09-13 11:07:30.394  INFO -正在初始化网络服务器
2022-09-13 11:23:19.707  INFO -正在初始化网络服务器
